CRITICAL - 2022-12-20 09:17:27 --> Undefined variable $account
in APPPATH\Views\template\uploadImage.php on line 17.
 1 APPPATH\Views\template\uploadImage.php(17): CodeIgniter\Debug\Exceptions->errorHandler(2, 'Undefined variable $account', 'APPPATH\\Views\\template\\uploadImage.php', 17)
 2 SYSTEMPATH\View\View.php(213): include('APPPATH\\Views\\template\\uploadImage.php')
 3 SYSTEMPATH\View\View.php(216): CodeIgniter\View\View->CodeIgniter\View\{closure}()
 4 SYSTEMPATH\Common.php(1142): CodeIgniter\View\View->render('template\\uploadImage', [], true)
 5 APPPATH\Controllers\AccountData.php(247): view('template\\uploadImage', [...])
 6 SYSTEMPATH\CodeIgniter.php(904): App\Controllers\AccountData->preupload()
 7 SYSTEMPATH\CodeIgniter.php(457): CodeIgniter\CodeIgniter->runController(Object(App\Controllers\AccountData))
 8 SYSTEMPATH\CodeIgniter.php(340): CodeIgniter\CodeIgniter->handleRequest(null, Object(Config\Cache), false)
 9 FCPATH\index.php(68): CodeIgniter\CodeIgniter->run()
CRITICAL - 2022-12-20 09:17:58 --> Array to string conversion
in APPPATH\Views\template\uploadImage.php on line 28.
 1 APPPATH\Views\template\uploadImage.php(28): CodeIgniter\Debug\Exceptions->errorHandler(2, 'Array to string conversion', 'APPPATH\\Views\\template\\uploadImage.php', 28)
 2 SYSTEMPATH\View\View.php(213): include('APPPATH\\Views\\template\\uploadImage.php')
 3 SYSTEMPATH\View\View.php(216): CodeIgniter\View\View->CodeIgniter\View\{closure}()
 4 SYSTEMPATH\Common.php(1142): CodeIgniter\View\View->render('template\\uploadImage', [], true)
 5 APPPATH\Controllers\AccountData.php(247): view('template\\uploadImage', [...])
 6 SYSTEMPATH\CodeIgniter.php(904): App\Controllers\AccountData->preupload()
 7 SYSTEMPATH\CodeIgniter.php(457): CodeIgniter\CodeIgniter->runController(Object(App\Controllers\AccountData))
 8 SYSTEMPATH\CodeIgniter.php(340): CodeIgniter\CodeIgniter->handleRequest(null, Object(Config\Cache), false)
 9 FCPATH\index.php(68): CodeIgniter\CodeIgniter->run()
CRITICAL - 2022-12-20 09:18:55 --> Array to string conversion
in APPPATH\Views\template\uploadImage.php on line 28.
 1 APPPATH\Views\template\uploadImage.php(28): CodeIgniter\Debug\Exceptions->errorHandler(2, 'Array to string conversion', 'APPPATH\\Views\\template\\uploadImage.php', 28)
 2 SYSTEMPATH\View\View.php(213): include('APPPATH\\Views\\template\\uploadImage.php')
 3 SYSTEMPATH\View\View.php(216): CodeIgniter\View\View->CodeIgniter\View\{closure}()
 4 SYSTEMPATH\Common.php(1142): CodeIgniter\View\View->render('template\\uploadImage', [], true)
 5 APPPATH\Controllers\AccountData.php(247): view('template\\uploadImage', [...])
 6 SYSTEMPATH\CodeIgniter.php(904): App\Controllers\AccountData->preupload()
 7 SYSTEMPATH\CodeIgniter.php(457): CodeIgniter\CodeIgniter->runController(Object(App\Controllers\AccountData))
 8 SYSTEMPATH\CodeIgniter.php(340): CodeIgniter\CodeIgniter->handleRequest(null, Object(Config\Cache), false)
 9 FCPATH\index.php(68): CodeIgniter\CodeIgniter->run()
CRITICAL - 2022-12-20 11:42:46 --> Undefined array key "Pac_nom"
in APPPATH\Controllers\FormaControlador.php on line 174.
 1 APPPATH\Controllers\FormaControlador.php(174): CodeIgniter\Debug\Exceptions->errorHandler(2, 'Undefined array key "Pac_nom"', 'APPPATH\\Controllers\\FormaControlador.php', 174)
 2 SYSTEMPATH\CodeIgniter.php(904): App\Controllers\FormaControlador->insertarPersonal()
 3 SYSTEMPATH\CodeIgniter.php(457): CodeIgniter\CodeIgniter->runController(Object(App\Controllers\FormaControlador))
 4 SYSTEMPATH\CodeIgniter.php(340): CodeIgniter\CodeIgniter->handleRequest(null, Object(Config\Cache), false)
 5 FCPATH\index.php(68): CodeIgniter\CodeIgniter->run()
ERROR - 2022-12-20 13:12:21 --> mysqli_sql_exception: Table 'clinica.cuentas' doesn't exist in C:\xampp\htdocs\SISTEMA_CLINICA\system\Database\MySQLi\Connection.php:292
Stack trace:
#0 C:\xampp\htdocs\SISTEMA_CLINICA\system\Database\MySQLi\Connection.php(292): mysqli->query('SELECT * FROM c...', 0)
#1 C:\xampp\htdocs\SISTEMA_CLINICA\system\Database\BaseConnection.php(693): CodeIgniter\Database\MySQLi\Connection->execute('SELECT * FROM c...')
#2 C:\xampp\htdocs\SISTEMA_CLINICA\system\Database\BaseConnection.php(620): CodeIgniter\Database\BaseConnection->simpleQuery('SELECT * FROM c...')
#3 C:\xampp\htdocs\SISTEMA_CLINICA\system\Model.php(768): CodeIgniter\Database\BaseConnection->query('SELECT * FROM c...')
#4 C:\xampp\htdocs\SISTEMA_CLINICA\app\Models\T_Cuenta.php(65): CodeIgniter\Model->__call('query', Array)
#5 C:\xampp\htdocs\SISTEMA_CLINICA\app\Controllers\Home.php(138): App\Models\T_Cuenta->buscarCuenta(128)
#6 C:\xampp\htdocs\SISTEMA_CLINICA\system\CodeIgniter.php(904): App\Controllers\Home->per_delete('128')
#7 C:\xampp\htdocs\SISTEMA_CLINICA\system\CodeIgniter.php(457): CodeIgniter\CodeIgniter->runController(Object(App\Controllers\Home))
#8 C:\xampp\htdocs\SISTEMA_CLINICA\system\CodeIgniter.php(340): CodeIgniter\CodeIgniter->handleRequest(NULL, Object(Config\Cache), false)
#9 C:\xampp\htdocs\SISTEMA_CLINICA\index.php(68): CodeIgniter\CodeIgniter->run()
#10 {main}
ERROR - 2022-12-20 13:12:30 --> mysqli_sql_exception: Table 'clinica.cuentas' doesn't exist in C:\xampp\htdocs\SISTEMA_CLINICA\system\Database\MySQLi\Connection.php:292
Stack trace:
#0 C:\xampp\htdocs\SISTEMA_CLINICA\system\Database\MySQLi\Connection.php(292): mysqli->query('SELECT * FROM c...', 0)
#1 C:\xampp\htdocs\SISTEMA_CLINICA\system\Database\BaseConnection.php(693): CodeIgniter\Database\MySQLi\Connection->execute('SELECT * FROM c...')
#2 C:\xampp\htdocs\SISTEMA_CLINICA\system\Database\BaseConnection.php(620): CodeIgniter\Database\BaseConnection->simpleQuery('SELECT * FROM c...')
#3 C:\xampp\htdocs\SISTEMA_CLINICA\system\Model.php(768): CodeIgniter\Database\BaseConnection->query('SELECT * FROM c...')
#4 C:\xampp\htdocs\SISTEMA_CLINICA\app\Models\T_Cuenta.php(65): CodeIgniter\Model->__call('query', Array)
#5 C:\xampp\htdocs\SISTEMA_CLINICA\app\Controllers\Home.php(138): App\Models\T_Cuenta->buscarCuenta(127)
#6 C:\xampp\htdocs\SISTEMA_CLINICA\system\CodeIgniter.php(904): App\Controllers\Home->per_delete('127')
#7 C:\xampp\htdocs\SISTEMA_CLINICA\system\CodeIgniter.php(457): CodeIgniter\CodeIgniter->runController(Object(App\Controllers\Home))
#8 C:\xampp\htdocs\SISTEMA_CLINICA\system\CodeIgniter.php(340): CodeIgniter\CodeIgniter->handleRequest(NULL, Object(Config\Cache), false)
#9 C:\xampp\htdocs\SISTEMA_CLINICA\index.php(68): CodeIgniter\CodeIgniter->run()
#10 {main}
ERROR - 2022-12-20 13:12:46 --> mysqli_sql_exception: Table 'clinica.cuentas' doesn't exist in C:\xampp\htdocs\SISTEMA_CLINICA\system\Database\MySQLi\Connection.php:292
Stack trace:
#0 C:\xampp\htdocs\SISTEMA_CLINICA\system\Database\MySQLi\Connection.php(292): mysqli->query('SELECT * FROM c...', 0)
#1 C:\xampp\htdocs\SISTEMA_CLINICA\system\Database\BaseConnection.php(693): CodeIgniter\Database\MySQLi\Connection->execute('SELECT * FROM c...')
#2 C:\xampp\htdocs\SISTEMA_CLINICA\system\Database\BaseConnection.php(620): CodeIgniter\Database\BaseConnection->simpleQuery('SELECT * FROM c...')
#3 C:\xampp\htdocs\SISTEMA_CLINICA\system\Model.php(768): CodeIgniter\Database\BaseConnection->query('SELECT * FROM c...')
#4 C:\xampp\htdocs\SISTEMA_CLINICA\app\Models\T_Cuenta.php(65): CodeIgniter\Model->__call('query', Array)
#5 C:\xampp\htdocs\SISTEMA_CLINICA\app\Controllers\Home.php(138): App\Models\T_Cuenta->buscarCuenta(119)
#6 C:\xampp\htdocs\SISTEMA_CLINICA\system\CodeIgniter.php(904): App\Controllers\Home->per_delete('119')
#7 C:\xampp\htdocs\SISTEMA_CLINICA\system\CodeIgniter.php(457): CodeIgniter\CodeIgniter->runController(Object(App\Controllers\Home))
#8 C:\xampp\htdocs\SISTEMA_CLINICA\system\CodeIgniter.php(340): CodeIgniter\CodeIgniter->handleRequest(NULL, Object(Config\Cache), false)
#9 C:\xampp\htdocs\SISTEMA_CLINICA\index.php(68): CodeIgniter\CodeIgniter->run()
#10 {main}
CRITICAL - 2022-12-20 13:15:01 --> foreach() argument must be of type array|object, string given
in APPPATH\Views\template\errors.php on line 39.
 1 APPPATH\Views\template\errors.php(39): CodeIgniter\Debug\Exceptions->errorHandler(2, 'foreach() argument must be of type array|object, string given', 'APPPATH\\Views\\template\\errors.php', 39)
 2 SYSTEMPATH\View\View.php(213): include('APPPATH\\Views\\template\\errors.php')
 3 SYSTEMPATH\View\View.php(216): CodeIgniter\View\View->CodeIgniter\View\{closure}()
 4 SYSTEMPATH\Common.php(1142): CodeIgniter\View\View->render('template\\errors', [], true)
 5 APPPATH\Controllers\AccountData.php(249): view('template\\errors', [...])
 6 SYSTEMPATH\CodeIgniter.php(904): App\Controllers\AccountData->changeEmailPost()
 7 SYSTEMPATH\CodeIgniter.php(457): CodeIgniter\CodeIgniter->runController(Object(App\Controllers\AccountData))
 8 SYSTEMPATH\CodeIgniter.php(340): CodeIgniter\CodeIgniter->handleRequest(null, Object(Config\Cache), false)
 9 FCPATH\index.php(68): CodeIgniter\CodeIgniter->run()
CRITICAL - 2022-12-20 13:17:11 --> foreach() argument must be of type array|object, string given
in APPPATH\Views\template\errors.php on line 39.
 1 APPPATH\Views\template\errors.php(39): CodeIgniter\Debug\Exceptions->errorHandler(2, 'foreach() argument must be of type array|object, string given', 'APPPATH\\Views\\template\\errors.php', 39)
 2 SYSTEMPATH\View\View.php(213): include('APPPATH\\Views\\template\\errors.php')
 3 SYSTEMPATH\View\View.php(216): CodeIgniter\View\View->CodeIgniter\View\{closure}()
 4 SYSTEMPATH\Common.php(1142): CodeIgniter\View\View->render('template\\errors', [], true)
 5 APPPATH\Controllers\AccountData.php(249): view('template\\errors', [...])
 6 SYSTEMPATH\CodeIgniter.php(904): App\Controllers\AccountData->changeEmailPost()
 7 SYSTEMPATH\CodeIgniter.php(457): CodeIgniter\CodeIgniter->runController(Object(App\Controllers\AccountData))
 8 SYSTEMPATH\CodeIgniter.php(340): CodeIgniter\CodeIgniter->handleRequest(null, Object(Config\Cache), false)
 9 FCPATH\index.php(68): CodeIgniter\CodeIgniter->run()
CRITICAL - 2022-12-20 13:17:14 --> foreach() argument must be of type array|object, string given
in APPPATH\Views\template\errors.php on line 39.
 1 APPPATH\Views\template\errors.php(39): CodeIgniter\Debug\Exceptions->errorHandler(2, 'foreach() argument must be of type array|object, string given', 'APPPATH\\Views\\template\\errors.php', 39)
 2 SYSTEMPATH\View\View.php(213): include('APPPATH\\Views\\template\\errors.php')
 3 SYSTEMPATH\View\View.php(216): CodeIgniter\View\View->CodeIgniter\View\{closure}()
 4 SYSTEMPATH\Common.php(1142): CodeIgniter\View\View->render('template\\errors', [], true)
 5 APPPATH\Controllers\AccountData.php(249): view('template\\errors', [...])
 6 SYSTEMPATH\CodeIgniter.php(904): App\Controllers\AccountData->changeEmailPost()
 7 SYSTEMPATH\CodeIgniter.php(457): CodeIgniter\CodeIgniter->runController(Object(App\Controllers\AccountData))
 8 SYSTEMPATH\CodeIgniter.php(340): CodeIgniter\CodeIgniter->handleRequest(null, Object(Config\Cache), false)
 9 FCPATH\index.php(68): CodeIgniter\CodeIgniter->run()
