CRITICAL - 2022-10-04 09:31:55 --> Undefined variable $Per_tipo
in APPPATH\Views\template\navbar.php on line 53.
 1 APPPATH\Views\template\navbar.php(53): CodeIgniter\Debug\Exceptions->errorHandler(2, 'Undefined variable $Per_tipo', 'APPPATH\\Views\\template\\navbar.php', 53)
 2 SYSTEMPATH\View\View.php(213): include('APPPATH\\Views\\template\\navbar.php')
 3 SYSTEMPATH\View\View.php(216): CodeIgniter\View\View->CodeIgniter\View\{closure}()
 4 SYSTEMPATH\Common.php(1142): CodeIgniter\View\View->render('template/navbar', [], true)
 5 APPPATH\Controllers\Home.php(18): view('template/navbar', [...])
 6 SYSTEMPATH\CodeIgniter.php(904): App\Controllers\Home->index()
 7 SYSTEMPATH\CodeIgniter.php(457): CodeIgniter\CodeIgniter->runController(Object(App\Controllers\Home))
 8 SYSTEMPATH\CodeIgniter.php(340): CodeIgniter\CodeIgniter->handleRequest(null, Object(Config\Cache), false)
 9 FCPATH\index.php(68): CodeIgniter\CodeIgniter->run()
CRITICAL - 2022-10-04 10:05:04 --> Undefined variable $Per_tipo
in APPPATH\Views\template\navbar.php on line 36.
 1 APPPATH\Views\template\navbar.php(36): CodeIgniter\Debug\Exceptions->errorHandler(2, 'Undefined variable $Per_tipo', 'APPPATH\\Views\\template\\navbar.php', 36)
 2 SYSTEMPATH\View\View.php(213): include('APPPATH\\Views\\template\\navbar.php')
 3 SYSTEMPATH\View\View.php(216): CodeIgniter\View\View->CodeIgniter\View\{closure}()
 4 SYSTEMPATH\Common.php(1142): CodeIgniter\View\View->render('template\\navbar', [], true)
 5 APPPATH\Controllers\Home.php(43): view('template\\navbar', [...])
 6 SYSTEMPATH\CodeIgniter.php(904): App\Controllers\Home->VerStaff()
 7 SYSTEMPATH\CodeIgniter.php(457): CodeIgniter\CodeIgniter->runController(Object(App\Controllers\Home))
 8 SYSTEMPATH\CodeIgniter.php(340): CodeIgniter\CodeIgniter->handleRequest(null, Object(Config\Cache), false)
 9 FCPATH\index.php(68): CodeIgniter\CodeIgniter->run()
CRITICAL - 2022-10-04 10:05:39 --> Undefined variable $Per_tipo
in APPPATH\Views\template\navbar.php on line 36.
 1 APPPATH\Views\template\navbar.php(36): CodeIgniter\Debug\Exceptions->errorHandler(2, 'Undefined variable $Per_tipo', 'APPPATH\\Views\\template\\navbar.php', 36)
 2 SYSTEMPATH\View\View.php(213): include('APPPATH\\Views\\template\\navbar.php')
 3 SYSTEMPATH\View\View.php(216): CodeIgniter\View\View->CodeIgniter\View\{closure}()
 4 SYSTEMPATH\Common.php(1142): CodeIgniter\View\View->render('template\\navbar', [], true)
 5 APPPATH\Controllers\Home.php(62): view('template\\navbar', [...])
 6 SYSTEMPATH\CodeIgniter.php(904): App\Controllers\Home->VerPacientes()
 7 SYSTEMPATH\CodeIgniter.php(457): CodeIgniter\CodeIgniter->runController(Object(App\Controllers\Home))
 8 SYSTEMPATH\CodeIgniter.php(340): CodeIgniter\CodeIgniter->handleRequest(null, Object(Config\Cache), false)
 9 FCPATH\index.php(68): CodeIgniter\CodeIgniter->run()
CRITICAL - 2022-10-04 10:05:45 --> Undefined variable $Per_tipo
in APPPATH\Views\template\navbar.php on line 36.
 1 APPPATH\Views\template\navbar.php(36): CodeIgniter\Debug\Exceptions->errorHandler(2, 'Undefined variable $Per_tipo', 'APPPATH\\Views\\template\\navbar.php', 36)
 2 SYSTEMPATH\View\View.php(213): include('APPPATH\\Views\\template\\navbar.php')
 3 SYSTEMPATH\View\View.php(216): CodeIgniter\View\View->CodeIgniter\View\{closure}()
 4 SYSTEMPATH\Common.php(1142): CodeIgniter\View\View->render('template\\navbar', [], true)
 5 APPPATH\Controllers\Home.php(43): view('template\\navbar', [...])
 6 SYSTEMPATH\CodeIgniter.php(904): App\Controllers\Home->VerStaff()
 7 SYSTEMPATH\CodeIgniter.php(457): CodeIgniter\CodeIgniter->runController(Object(App\Controllers\Home))
 8 SYSTEMPATH\CodeIgniter.php(340): CodeIgniter\CodeIgniter->handleRequest(null, Object(Config\Cache), false)
 9 FCPATH\index.php(68): CodeIgniter\CodeIgniter->run()
CRITICAL - 2022-10-04 10:05:48 --> Undefined variable $Per_tipo
in APPPATH\Views\template\navbar.php on line 36.
 1 APPPATH\Views\template\navbar.php(36): CodeIgniter\Debug\Exceptions->errorHandler(2, 'Undefined variable $Per_tipo', 'APPPATH\\Views\\template\\navbar.php', 36)
 2 SYSTEMPATH\View\View.php(213): include('APPPATH\\Views\\template\\navbar.php')
 3 SYSTEMPATH\View\View.php(216): CodeIgniter\View\View->CodeIgniter\View\{closure}()
 4 SYSTEMPATH\Common.php(1142): CodeIgniter\View\View->render('template\\navbar', [], true)
 5 APPPATH\Controllers\Home.php(62): view('template\\navbar', [...])
 6 SYSTEMPATH\CodeIgniter.php(904): App\Controllers\Home->VerPacientes()
 7 SYSTEMPATH\CodeIgniter.php(457): CodeIgniter\CodeIgniter->runController(Object(App\Controllers\Home))
 8 SYSTEMPATH\CodeIgniter.php(340): CodeIgniter\CodeIgniter->handleRequest(null, Object(Config\Cache), false)
 9 FCPATH\index.php(68): CodeIgniter\CodeIgniter->run()
CRITICAL - 2022-10-04 10:08:32 --> Undefined variable $S_Per_tipo
in APPPATH\Views\template\navbar.php on line 58.
 1 APPPATH\Views\template\navbar.php(58): CodeIgniter\Debug\Exceptions->errorHandler(2, 'Undefined variable $S_Per_tipo', 'APPPATH\\Views\\template\\navbar.php', 58)
 2 SYSTEMPATH\View\View.php(213): include('APPPATH\\Views\\template\\navbar.php')
 3 SYSTEMPATH\View\View.php(216): CodeIgniter\View\View->CodeIgniter\View\{closure}()
 4 SYSTEMPATH\Common.php(1142): CodeIgniter\View\View->render('template\\navbar', [], true)
 5 APPPATH\Controllers\Home.php(19): view('template\\navbar', [...])
 6 SYSTEMPATH\CodeIgniter.php(904): App\Controllers\Home->index()
 7 SYSTEMPATH\CodeIgniter.php(457): CodeIgniter\CodeIgniter->runController(Object(App\Controllers\Home))
 8 SYSTEMPATH\CodeIgniter.php(340): CodeIgniter\CodeIgniter->handleRequest(null, Object(Config\Cache), false)
 9 FCPATH\index.php(68): CodeIgniter\CodeIgniter->run()
ERROR - 2022-10-04 10:20:51 --> mysqli_sql_exception: Duplicate entry '203828160' for key 'PRIMARY' in C:\xampp\htdocs\SISTEMA_CLINICA\system\Database\MySQLi\Connection.php:292
Stack trace:
#0 C:\xampp\htdocs\SISTEMA_CLINICA\system\Database\MySQLi\Connection.php(292): mysqli->query('INSERT INTO `pa...', 0)
#1 C:\xampp\htdocs\SISTEMA_CLINICA\system\Database\BaseConnection.php(693): CodeIgniter\Database\MySQLi\Connection->execute('INSERT INTO `pa...')
#2 C:\xampp\htdocs\SISTEMA_CLINICA\system\Database\BaseConnection.php(620): CodeIgniter\Database\BaseConnection->simpleQuery('INSERT INTO `pa...')
#3 C:\xampp\htdocs\SISTEMA_CLINICA\system\Database\BaseBuilder.php(1916): CodeIgniter\Database\BaseConnection->query('INSERT INTO `pa...', Array, false)
#4 C:\xampp\htdocs\SISTEMA_CLINICA\app\Controllers\FormaControlador.php(45): CodeIgniter\Database\BaseBuilder->insert(Array)
#5 C:\xampp\htdocs\SISTEMA_CLINICA\system\CodeIgniter.php(904): App\Controllers\FormaControlador->insertarPaciente()
#6 C:\xampp\htdocs\SISTEMA_CLINICA\system\CodeIgniter.php(457): CodeIgniter\CodeIgniter->runController(Object(App\Controllers\FormaControlador))
#7 C:\xampp\htdocs\SISTEMA_CLINICA\system\CodeIgniter.php(340): CodeIgniter\CodeIgniter->handleRequest(NULL, Object(Config\Cache), false)
#8 C:\xampp\htdocs\SISTEMA_CLINICA\index.php(68): CodeIgniter\CodeIgniter->run()
#9 {main}
CRITICAL - 2022-10-04 10:20:51 --> Call to undefined method CodeIgniter\Database\MySQLi\Builder::errors()
in APPPATH\Controllers\FormaControlador.php on line 48.
 1 SYSTEMPATH\CodeIgniter.php(904): App\Controllers\FormaControlador->insertarPaciente()
 2 SYSTEMPATH\CodeIgniter.php(457): CodeIgniter\CodeIgniter->runController(Object(App\Controllers\FormaControlador))
 3 SYSTEMPATH\CodeIgniter.php(340): CodeIgniter\CodeIgniter->handleRequest(null, Object(Config\Cache), false)
 4 FCPATH\index.php(68): CodeIgniter\CodeIgniter->run()
ERROR - 2022-10-04 10:29:29 --> mysqli_sql_exception: Duplicate entry '203828160' for key 'PRIMARY' in C:\xampp\htdocs\SISTEMA_CLINICA\system\Database\MySQLi\Connection.php:292
Stack trace:
#0 C:\xampp\htdocs\SISTEMA_CLINICA\system\Database\MySQLi\Connection.php(292): mysqli->query('INSERT INTO `pa...', 0)
#1 C:\xampp\htdocs\SISTEMA_CLINICA\system\Database\BaseConnection.php(693): CodeIgniter\Database\MySQLi\Connection->execute('INSERT INTO `pa...')
#2 C:\xampp\htdocs\SISTEMA_CLINICA\system\Database\BaseConnection.php(620): CodeIgniter\Database\BaseConnection->simpleQuery('INSERT INTO `pa...')
#3 C:\xampp\htdocs\SISTEMA_CLINICA\system\Database\BaseBuilder.php(1916): CodeIgniter\Database\BaseConnection->query('INSERT INTO `pa...', Array, false)
#4 C:\xampp\htdocs\SISTEMA_CLINICA\app\Controllers\FormaControlador.php(52): CodeIgniter\Database\BaseBuilder->insert(Array)
#5 C:\xampp\htdocs\SISTEMA_CLINICA\system\CodeIgniter.php(904): App\Controllers\FormaControlador->insertarPaciente()
#6 C:\xampp\htdocs\SISTEMA_CLINICA\system\CodeIgniter.php(457): CodeIgniter\CodeIgniter->runController(Object(App\Controllers\FormaControlador))
#7 C:\xampp\htdocs\SISTEMA_CLINICA\system\CodeIgniter.php(340): CodeIgniter\CodeIgniter->handleRequest(NULL, Object(Config\Cache), false)
#8 C:\xampp\htdocs\SISTEMA_CLINICA\index.php(68): CodeIgniter\CodeIgniter->run()
#9 {main}
CRITICAL - 2022-10-04 10:29:29 --> Call to undefined method CodeIgniter\Database\MySQLi\Builder::errors()
in APPPATH\Controllers\FormaControlador.php on line 55.
 1 SYSTEMPATH\CodeIgniter.php(904): App\Controllers\FormaControlador->insertarPaciente()
 2 SYSTEMPATH\CodeIgniter.php(457): CodeIgniter\CodeIgniter->runController(Object(App\Controllers\FormaControlador))
 3 SYSTEMPATH\CodeIgniter.php(340): CodeIgniter\CodeIgniter->handleRequest(null, Object(Config\Cache), false)
 4 FCPATH\index.php(68): CodeIgniter\CodeIgniter->run()
CRITICAL - 2022-10-04 10:36:21 --> Call to undefined method CodeIgniter\Database\MySQLi\Builder::setValidationRules()
in APPPATH\Controllers\FormaControlador.php on line 50.
 1 SYSTEMPATH\CodeIgniter.php(904): App\Controllers\FormaControlador->insertarPaciente()
 2 SYSTEMPATH\CodeIgniter.php(457): CodeIgniter\CodeIgniter->runController(Object(App\Controllers\FormaControlador))
 3 SYSTEMPATH\CodeIgniter.php(340): CodeIgniter\CodeIgniter->handleRequest(null, Object(Config\Cache), false)
 4 FCPATH\index.php(68): CodeIgniter\CodeIgniter->run()
CRITICAL - 2022-10-04 10:39:18 --> Array to string conversion
in APPPATH\Controllers\FormaControlador.php on line 78.
 1 APPPATH\Controllers\FormaControlador.php(78): CodeIgniter\Debug\Exceptions->errorHandler(2, 'Array to string conversion', 'APPPATH\\Controllers\\FormaControlador.php', 78)
 2 SYSTEMPATH\CodeIgniter.php(904): App\Controllers\FormaControlador->insertarPaciente()
 3 SYSTEMPATH\CodeIgniter.php(457): CodeIgniter\CodeIgniter->runController(Object(App\Controllers\FormaControlador))
 4 SYSTEMPATH\CodeIgniter.php(340): CodeIgniter\CodeIgniter->handleRequest(null, Object(Config\Cache), false)
 5 FCPATH\index.php(68): CodeIgniter\CodeIgniter->run()
CRITICAL - 2022-10-04 10:44:20 --> syntax error, unexpected token ","
in APPPATH\Controllers\FormaControlador.php on line 77.
 1 SYSTEMPATH\Router\Router.php(499): CodeIgniter\Router\AutoRouter->getRoute('FormaControlador/InPac')
 2 SYSTEMPATH\Router\Router.php(205): CodeIgniter\Router\Router->autoRoute('FormaControlador/InPac')
 3 SYSTEMPATH\CodeIgniter.php(779): CodeIgniter\Router\Router->handle('FormaControlador/InPac')
 4 SYSTEMPATH\CodeIgniter.php(406): CodeIgniter\CodeIgniter->tryToRouteIt(Object(CodeIgniter\Router\RouteCollection))
 5 SYSTEMPATH\CodeIgniter.php(340): CodeIgniter\CodeIgniter->handleRequest(null, Object(Config\Cache), false)
 6 FCPATH\index.php(68): CodeIgniter\CodeIgniter->run()
CRITICAL - 2022-10-04 10:50:11 --> Undefined variable $listaPersonal
in APPPATH\Views\USUARIO\IngresoPersonal.php on line 46.
 1 APPPATH\Views\USUARIO\IngresoPersonal.php(46): CodeIgniter\Debug\Exceptions->errorHandler(2, 'Undefined variable $listaPersonal', 'APPPATH\\Views\\USUARIO\\IngresoPersonal.php', 46)
 2 SYSTEMPATH\View\View.php(213): include('APPPATH\\Views\\USUARIO\\IngresoPersonal.php')
 3 SYSTEMPATH\View\View.php(216): CodeIgniter\View\View->CodeIgniter\View\{closure}()
 4 SYSTEMPATH\Common.php(1142): CodeIgniter\View\View->render('USUARIO\\IngresoPersonal', [], true)
 5 APPPATH\Controllers\FormaControlador.php(116): view('USUARIO\\IngresoPersonal', [...])
 6 SYSTEMPATH\CodeIgniter.php(904): App\Controllers\FormaControlador->insertarPersonal()
 7 SYSTEMPATH\CodeIgniter.php(457): CodeIgniter\CodeIgniter->runController(Object(App\Controllers\FormaControlador))
 8 SYSTEMPATH\CodeIgniter.php(340): CodeIgniter\CodeIgniter->handleRequest(null, Object(Config\Cache), false)
 9 FCPATH\index.php(68): CodeIgniter\CodeIgniter->run()
CRITICAL - 2022-10-04 10:50:30 --> Undefined variable $listaPersonal
in APPPATH\Views\USUARIO\IngresoPersonal.php on line 66.
 1 APPPATH\Views\USUARIO\IngresoPersonal.php(66): CodeIgniter\Debug\Exceptions->errorHandler(2, 'Undefined variable $listaPersonal', 'APPPATH\\Views\\USUARIO\\IngresoPersonal.php', 66)
 2 SYSTEMPATH\View\View.php(213): include('APPPATH\\Views\\USUARIO\\IngresoPersonal.php')
 3 SYSTEMPATH\View\View.php(216): CodeIgniter\View\View->CodeIgniter\View\{closure}()
 4 SYSTEMPATH\Common.php(1142): CodeIgniter\View\View->render('USUARIO\\IngresoPersonal', [], true)
 5 APPPATH\Controllers\FormaControlador.php(116): view('USUARIO\\IngresoPersonal', [...])
 6 SYSTEMPATH\CodeIgniter.php(904): App\Controllers\FormaControlador->insertarPersonal()
 7 SYSTEMPATH\CodeIgniter.php(457): CodeIgniter\CodeIgniter->runController(Object(App\Controllers\FormaControlador))
 8 SYSTEMPATH\CodeIgniter.php(340): CodeIgniter\CodeIgniter->handleRequest(null, Object(Config\Cache), false)
 9 FCPATH\index.php(68): CodeIgniter\CodeIgniter->run()
CRITICAL - 2022-10-04 10:55:09 --> Undefined variable $listaPersonal
in APPPATH\Views\USUARIO\IngresoPersonal.php on line 66.
 1 APPPATH\Views\USUARIO\IngresoPersonal.php(66): CodeIgniter\Debug\Exceptions->errorHandler(2, 'Undefined variable $listaPersonal', 'APPPATH\\Views\\USUARIO\\IngresoPersonal.php', 66)
 2 SYSTEMPATH\View\View.php(213): include('APPPATH\\Views\\USUARIO\\IngresoPersonal.php')
 3 SYSTEMPATH\View\View.php(216): CodeIgniter\View\View->CodeIgniter\View\{closure}()
 4 SYSTEMPATH\Common.php(1142): CodeIgniter\View\View->render('USUARIO\\IngresoPersonal', [...], true)
 5 APPPATH\Controllers\FormaControlador.php(120): view('USUARIO\\IngresoPersonal', [...], [...])
 6 SYSTEMPATH\CodeIgniter.php(904): App\Controllers\FormaControlador->insertarPersonal()
 7 SYSTEMPATH\CodeIgniter.php(457): CodeIgniter\CodeIgniter->runController(Object(App\Controllers\FormaControlador))
 8 SYSTEMPATH\CodeIgniter.php(340): CodeIgniter\CodeIgniter->handleRequest(null, Object(Config\Cache), false)
 9 FCPATH\index.php(68): CodeIgniter\CodeIgniter->run()
CRITICAL - 2022-10-04 10:56:19 --> Undefined variable $listaPersonal
in APPPATH\Views\USUARIO\IngresoPersonal.php on line 66.
 1 APPPATH\Views\USUARIO\IngresoPersonal.php(66): CodeIgniter\Debug\Exceptions->errorHandler(2, 'Undefined variable $listaPersonal', 'APPPATH\\Views\\USUARIO\\IngresoPersonal.php', 66)
 2 SYSTEMPATH\View\View.php(213): include('APPPATH\\Views\\USUARIO\\IngresoPersonal.php')
 3 SYSTEMPATH\View\View.php(216): CodeIgniter\View\View->CodeIgniter\View\{closure}()
 4 SYSTEMPATH\Common.php(1142): CodeIgniter\View\View->render('USUARIO\\IngresoPersonal', [...], true)
 5 APPPATH\Controllers\FormaControlador.php(120): view('USUARIO\\IngresoPersonal', [...], [...])
 6 SYSTEMPATH\CodeIgniter.php(904): App\Controllers\FormaControlador->insertarPersonal()
 7 SYSTEMPATH\CodeIgniter.php(457): CodeIgniter\CodeIgniter->runController(Object(App\Controllers\FormaControlador))
 8 SYSTEMPATH\CodeIgniter.php(340): CodeIgniter\CodeIgniter->handleRequest(null, Object(Config\Cache), false)
 9 FCPATH\index.php(68): CodeIgniter\CodeIgniter->run()
