CRITICAL - 2022-12-13 05:00:23 --> strpos(): Argument #1 ($haystack) must be of type string, stdClass given
in SYSTEMPATH\Email\Email.php on line 736.
 1 SYSTEMPATH\Email\Email.php(736): strpos(Object(stdClass), ',')
 2 SYSTEMPATH\Email\Email.php(549): CodeIgniter\Email\Email->stringToArray(Object(stdClass))
 3 APPPATH\Controllers\AccountData.php(103): CodeIgniter\Email\Email->setTo(Object(stdClass))
 4 SYSTEMPATH\CodeIgniter.php(904): App\Controllers\AccountData->changepass()
 5 SYSTEMPATH\CodeIgniter.php(457): CodeIgniter\CodeIgniter->runController(Object(App\Controllers\AccountData))
 6 SYSTEMPATH\CodeIgniter.php(340): CodeIgniter\CodeIgniter->handleRequest(null, Object(Config\Cache), false)
 7 FCPATH\index.php(68): CodeIgniter\CodeIgniter->run()
CRITICAL - 2022-12-13 05:02:52 --> Object of class stdClass could not be converted to string
in APPPATH\Models\T_Personal.php on line 73.
 1 APPPATH\Controllers\AccountData.php(100): App\Models\T_Personal->find_email('124')
 2 SYSTEMPATH\CodeIgniter.php(904): App\Controllers\AccountData->changepass()
 3 SYSTEMPATH\CodeIgniter.php(457): CodeIgniter\CodeIgniter->runController(Object(App\Controllers\AccountData))
 4 SYSTEMPATH\CodeIgniter.php(340): CodeIgniter\CodeIgniter->handleRequest(null, Object(Config\Cache), false)
 5 FCPATH\index.php(68): CodeIgniter\CodeIgniter->run()
CRITICAL - 2022-12-13 05:03:11 --> strpos(): Argument #1 ($haystack) must be of type string, stdClass given
in SYSTEMPATH\Email\Email.php on line 736.
 1 SYSTEMPATH\Email\Email.php(736): strpos(Object(stdClass), ',')
 2 SYSTEMPATH\Email\Email.php(549): CodeIgniter\Email\Email->stringToArray(Object(stdClass))
 3 APPPATH\Controllers\AccountData.php(103): CodeIgniter\Email\Email->setTo(Object(stdClass))
 4 SYSTEMPATH\CodeIgniter.php(904): App\Controllers\AccountData->changepass()
 5 SYSTEMPATH\CodeIgniter.php(457): CodeIgniter\CodeIgniter->runController(Object(App\Controllers\AccountData))
 6 SYSTEMPATH\CodeIgniter.php(340): CodeIgniter\CodeIgniter->handleRequest(null, Object(Config\Cache), false)
 7 FCPATH\index.php(68): CodeIgniter\CodeIgniter->run()
CRITICAL - 2022-12-13 05:20:57 --> strpos(): Argument #1 ($haystack) must be of type string, stdClass given
in SYSTEMPATH\Email\Email.php on line 736.
 1 SYSTEMPATH\Email\Email.php(736): strpos(Object(stdClass), ',')
 2 SYSTEMPATH\Email\Email.php(549): CodeIgniter\Email\Email->stringToArray(Object(stdClass))
 3 APPPATH\Controllers\AccountData.php(103): CodeIgniter\Email\Email->setTo(Object(stdClass))
 4 SYSTEMPATH\CodeIgniter.php(904): App\Controllers\AccountData->changepass()
 5 SYSTEMPATH\CodeIgniter.php(457): CodeIgniter\CodeIgniter->runController(Object(App\Controllers\AccountData))
 6 SYSTEMPATH\CodeIgniter.php(340): CodeIgniter\CodeIgniter->handleRequest(null, Object(Config\Cache), false)
 7 FCPATH\index.php(68): CodeIgniter\CodeIgniter->run()
CRITICAL - 2022-12-13 05:21:59 --> Call to a member function update() on array
in APPPATH\Controllers\AccountData.php on line 198.
 1 SYSTEMPATH\CodeIgniter.php(904): App\Controllers\AccountData->changeEmailPost()
 2 SYSTEMPATH\CodeIgniter.php(457): CodeIgniter\CodeIgniter->runController(Object(App\Controllers\AccountData))
 3 SYSTEMPATH\CodeIgniter.php(340): CodeIgniter\CodeIgniter->handleRequest(null, Object(Config\Cache), false)
 4 FCPATH\index.php(68): CodeIgniter\CodeIgniter->run()
CRITICAL - 2022-12-13 05:24:23 --> CodeIgniter\BaseModel::transformDataToArray(): Return value must be of type array, string returned
in SYSTEMPATH\BaseModel.php on line 1599.
 1 SYSTEMPATH\BaseModel.php(832): CodeIgniter\BaseModel->transformDataToArray('d.a.aguilar.moreira@gmail.com', 'update')
 2 SYSTEMPATH\Model.php(693): CodeIgniter\BaseModel->update([...], 'd.a.aguilar.moreira@gmail.com')
 3 APPPATH\Controllers\AccountData.php(197): CodeIgniter\Model->update('124', 'd.a.aguilar.moreira@gmail.com')
 4 SYSTEMPATH\CodeIgniter.php(904): App\Controllers\AccountData->changeEmailPost()
 5 SYSTEMPATH\CodeIgniter.php(457): CodeIgniter\CodeIgniter->runController(Object(App\Controllers\AccountData))
 6 SYSTEMPATH\CodeIgniter.php(340): CodeIgniter\CodeIgniter->handleRequest(null, Object(Config\Cache), false)
 7 FCPATH\index.php(68): CodeIgniter\CodeIgniter->run()
CRITICAL - 2022-12-13 08:43:09 --> Call to undefined function form_open_multipart()
in APPPATH\Views\template\uploadImage.php on line 8.
 1 SYSTEMPATH\View\View.php(213): include()
 2 SYSTEMPATH\View\View.php(216): CodeIgniter\View\View->CodeIgniter\View\{closure}()
 3 SYSTEMPATH\Common.php(1142): CodeIgniter\View\View->render('template\\uploadImage', [], true)
 4 APPPATH\Controllers\AccountData.php(232): view('template\\uploadImage')
 5 SYSTEMPATH\CodeIgniter.php(904): App\Controllers\AccountData->preupload()
 6 SYSTEMPATH\CodeIgniter.php(457): CodeIgniter\CodeIgniter->runController(Object(App\Controllers\AccountData))
 7 SYSTEMPATH\CodeIgniter.php(340): CodeIgniter\CodeIgniter->handleRequest(null, Object(Config\Cache), false)
 8 FCPATH\index.php(68): CodeIgniter\CodeIgniter->run()
CRITICAL - 2022-12-13 08:44:05 --> Undefined property: App\Controllers\AccountData::$load
in APPPATH\Controllers\AccountData.php on line 230.
 1 APPPATH\Controllers\AccountData.php(230): CodeIgniter\Debug\Exceptions->errorHandler(2, 'Undefined property: App\\Controllers\\AccountData::$load', 'APPPATH\\Controllers\\AccountData.php', 230)
 2 SYSTEMPATH\CodeIgniter.php(904): App\Controllers\AccountData->preupload()
 3 SYSTEMPATH\CodeIgniter.php(457): CodeIgniter\CodeIgniter->runController(Object(App\Controllers\AccountData))
 4 SYSTEMPATH\CodeIgniter.php(340): CodeIgniter\CodeIgniter->handleRequest(null, Object(Config\Cache), false)
 5 FCPATH\index.php(68): CodeIgniter\CodeIgniter->run()
CRITICAL - 2022-12-13 08:46:34 --> Call to undefined function form_open_multipart()
in APPPATH\Views\template\uploadImage.php on line 8.
 1 SYSTEMPATH\View\View.php(213): include()
 2 SYSTEMPATH\View\View.php(216): CodeIgniter\View\View->CodeIgniter\View\{closure}()
 3 SYSTEMPATH\Common.php(1142): CodeIgniter\View\View->render('template\\uploadImage', [], true)
 4 APPPATH\Controllers\AccountData.php(231): view('template\\uploadImage')
 5 SYSTEMPATH\CodeIgniter.php(904): App\Controllers\AccountData->preupload()
 6 SYSTEMPATH\CodeIgniter.php(457): CodeIgniter\CodeIgniter->runController(Object(App\Controllers\AccountData))
 7 SYSTEMPATH\CodeIgniter.php(340): CodeIgniter\CodeIgniter->handleRequest(null, Object(Config\Cache), false)
 8 FCPATH\index.php(68): CodeIgniter\CodeIgniter->run()
CRITICAL - 2022-12-13 08:48:37 --> Call to undefined function form_open_multipart()
in APPPATH\Views\template\uploadImage.php on line 8.
 1 SYSTEMPATH\View\View.php(213): include()
 2 SYSTEMPATH\View\View.php(216): CodeIgniter\View\View->CodeIgniter\View\{closure}()
 3 SYSTEMPATH\Common.php(1142): CodeIgniter\View\View->render('template\\uploadImage', [], true)
 4 APPPATH\Controllers\AccountData.php(231): view('template\\uploadImage')
 5 SYSTEMPATH\CodeIgniter.php(904): App\Controllers\AccountData->preupload()
 6 SYSTEMPATH\CodeIgniter.php(457): CodeIgniter\CodeIgniter->runController(Object(App\Controllers\AccountData))
 7 SYSTEMPATH\CodeIgniter.php(340): CodeIgniter\CodeIgniter->handleRequest(null, Object(Config\Cache), false)
 8 FCPATH\index.php(68): CodeIgniter\CodeIgniter->run()
CRITICAL - 2022-12-13 08:50:01 --> Call to undefined function form_open_multipart()
in APPPATH\Views\template\uploadImage.php on line 8.
 1 SYSTEMPATH\View\View.php(213): include()
 2 SYSTEMPATH\View\View.php(216): CodeIgniter\View\View->CodeIgniter\View\{closure}()
 3 SYSTEMPATH\Common.php(1142): CodeIgniter\View\View->render('template\\uploadImage', [], true)
 4 APPPATH\Controllers\AccountData.php(231): view('template\\uploadImage')
 5 SYSTEMPATH\CodeIgniter.php(904): App\Controllers\AccountData->preupload()
 6 SYSTEMPATH\CodeIgniter.php(457): CodeIgniter\CodeIgniter->runController(Object(App\Controllers\AccountData))
 7 SYSTEMPATH\CodeIgniter.php(340): CodeIgniter\CodeIgniter->handleRequest(null, Object(Config\Cache), false)
 8 FCPATH\index.php(68): CodeIgniter\CodeIgniter->run()
CRITICAL - 2022-12-13 08:50:10 --> Call to undefined function form_open_multipart()
in APPPATH\Views\template\uploadImage.php on line 8.
 1 SYSTEMPATH\View\View.php(213): include()
 2 SYSTEMPATH\View\View.php(216): CodeIgniter\View\View->CodeIgniter\View\{closure}()
 3 SYSTEMPATH\Common.php(1142): CodeIgniter\View\View->render('template\\uploadImage', [], true)
 4 APPPATH\Controllers\AccountData.php(231): view('template\\uploadImage')
 5 SYSTEMPATH\CodeIgniter.php(904): App\Controllers\AccountData->preupload()
 6 SYSTEMPATH\CodeIgniter.php(457): CodeIgniter\CodeIgniter->runController(Object(App\Controllers\AccountData))
 7 SYSTEMPATH\CodeIgniter.php(340): CodeIgniter\CodeIgniter->handleRequest(null, Object(Config\Cache), false)
 8 FCPATH\index.php(68): CodeIgniter\CodeIgniter->run()
CRITICAL - 2022-12-13 08:52:30 --> Invalid file: upload_form.php
in SYSTEMPATH\Exceptions\FrameworkException.php on line 33.
 1 SYSTEMPATH\View\View.php(201): CodeIgniter\Exceptions\FrameworkException::forInvalidFile('upload_form.php')
 2 SYSTEMPATH\Common.php(1142): CodeIgniter\View\View->render('upload_form', [], true)
 3 APPPATH\Controllers\AccountData.php(263): view('upload_form', [...])
 4 SYSTEMPATH\CodeIgniter.php(904): App\Controllers\AccountData->upload()
 5 SYSTEMPATH\CodeIgniter.php(457): CodeIgniter\CodeIgniter->runController(Object(App\Controllers\AccountData))
 6 SYSTEMPATH\CodeIgniter.php(340): CodeIgniter\CodeIgniter->handleRequest(null, Object(Config\Cache), false)
 7 FCPATH\index.php(68): CodeIgniter\CodeIgniter->run()
CRITICAL - 2022-12-13 08:53:19 --> Invalid file: uploadImage.php
in SYSTEMPATH\Exceptions\FrameworkException.php on line 33.
 1 SYSTEMPATH\View\View.php(201): CodeIgniter\Exceptions\FrameworkException::forInvalidFile('uploadImage.php')
 2 SYSTEMPATH\Common.php(1142): CodeIgniter\View\View->render('uploadImage', [], true)
 3 APPPATH\Controllers\AccountData.php(263): view('uploadImage', [...])
 4 SYSTEMPATH\CodeIgniter.php(904): App\Controllers\AccountData->upload()
 5 SYSTEMPATH\CodeIgniter.php(457): CodeIgniter\CodeIgniter->runController(Object(App\Controllers\AccountData))
 6 SYSTEMPATH\CodeIgniter.php(340): CodeIgniter\CodeIgniter->handleRequest(null, Object(Config\Cache), false)
 7 FCPATH\index.php(68): CodeIgniter\CodeIgniter->run()
CRITICAL - 2022-12-13 08:53:58 --> Undefined variable $uploaded_fileinfo
in APPPATH\Views\template\upload_success.php on line 11.
 1 APPPATH\Views\template\upload_success.php(11): CodeIgniter\Debug\Exceptions->errorHandler(2, 'Undefined variable $uploaded_fileinfo', 'APPPATH\\Views\\template\\upload_success.php', 11)
 2 SYSTEMPATH\View\View.php(213): include('APPPATH\\Views\\template\\upload_success.php')
 3 SYSTEMPATH\View\View.php(216): CodeIgniter\View\View->CodeIgniter\View\{closure}()
 4 SYSTEMPATH\Common.php(1142): CodeIgniter\View\View->render('template\\upload_success', [], true)
 5 APPPATH\Controllers\AccountData.php(273): view('template\\upload_success', [...])
 6 SYSTEMPATH\CodeIgniter.php(904): App\Controllers\AccountData->upload()
 7 SYSTEMPATH\CodeIgniter.php(457): CodeIgniter\CodeIgniter->runController(Object(App\Controllers\AccountData))
 8 SYSTEMPATH\CodeIgniter.php(340): CodeIgniter\CodeIgniter->handleRequest(null, Object(Config\Cache), false)
 9 FCPATH\index.php(68): CodeIgniter\CodeIgniter->run()
CRITICAL - 2022-12-13 08:55:22 --> Undefined variable $errors
in APPPATH\Views\template\uploadImage.php on line 8.
 1 APPPATH\Views\template\uploadImage.php(8): CodeIgniter\Debug\Exceptions->errorHandler(2, 'Undefined variable $errors', 'APPPATH\\Views\\template\\uploadImage.php', 8)
 2 SYSTEMPATH\View\View.php(213): include('APPPATH\\Views\\template\\uploadImage.php')
 3 SYSTEMPATH\View\View.php(216): CodeIgniter\View\View->CodeIgniter\View\{closure}()
 4 SYSTEMPATH\Common.php(1142): CodeIgniter\View\View->render('template\\uploadImage', [], true)
 5 APPPATH\Controllers\AccountData.php(231): view('template\\uploadImage')
 6 SYSTEMPATH\CodeIgniter.php(904): App\Controllers\AccountData->preupload()
 7 SYSTEMPATH\CodeIgniter.php(457): CodeIgniter\CodeIgniter->runController(Object(App\Controllers\AccountData))
 8 SYSTEMPATH\CodeIgniter.php(340): CodeIgniter\CodeIgniter->handleRequest(null, Object(Config\Cache), false)
 9 FCPATH\index.php(68): CodeIgniter\CodeIgniter->run()
CRITICAL - 2022-12-13 08:55:26 --> Undefined variable $errors
in APPPATH\Views\template\uploadImage.php on line 8.
 1 APPPATH\Views\template\uploadImage.php(8): CodeIgniter\Debug\Exceptions->errorHandler(2, 'Undefined variable $errors', 'APPPATH\\Views\\template\\uploadImage.php', 8)
 2 SYSTEMPATH\View\View.php(213): include('APPPATH\\Views\\template\\uploadImage.php')
 3 SYSTEMPATH\View\View.php(216): CodeIgniter\View\View->CodeIgniter\View\{closure}()
 4 SYSTEMPATH\Common.php(1142): CodeIgniter\View\View->render('template\\uploadImage', [], true)
 5 APPPATH\Controllers\AccountData.php(231): view('template\\uploadImage')
 6 SYSTEMPATH\CodeIgniter.php(904): App\Controllers\AccountData->preupload()
 7 SYSTEMPATH\CodeIgniter.php(457): CodeIgniter\CodeIgniter->runController(Object(App\Controllers\AccountData))
 8 SYSTEMPATH\CodeIgniter.php(340): CodeIgniter\CodeIgniter->handleRequest(null, Object(Config\Cache), false)
 9 FCPATH\index.php(68): CodeIgniter\CodeIgniter->run()
CRITICAL - 2022-12-13 08:56:24 --> Undefined variable $errors
in APPPATH\Views\template\uploadImage.php on line 8.
 1 APPPATH\Views\template\uploadImage.php(8): CodeIgniter\Debug\Exceptions->errorHandler(2, 'Undefined variable $errors', 'APPPATH\\Views\\template\\uploadImage.php', 8)
 2 SYSTEMPATH\View\View.php(213): include('APPPATH\\Views\\template\\uploadImage.php')
 3 SYSTEMPATH\View\View.php(216): CodeIgniter\View\View->CodeIgniter\View\{closure}()
 4 SYSTEMPATH\Common.php(1142): CodeIgniter\View\View->render('template\\uploadImage', [], true)
 5 APPPATH\Controllers\AccountData.php(232): view('template\\uploadImage', [...])
 6 SYSTEMPATH\CodeIgniter.php(904): App\Controllers\AccountData->preupload()
 7 SYSTEMPATH\CodeIgniter.php(457): CodeIgniter\CodeIgniter->runController(Object(App\Controllers\AccountData))
 8 SYSTEMPATH\CodeIgniter.php(340): CodeIgniter\CodeIgniter->handleRequest(null, Object(Config\Cache), false)
 9 FCPATH\index.php(68): CodeIgniter\CodeIgniter->run()
CRITICAL - 2022-12-13 08:56:30 --> foreach() argument must be of type array|object, string given
in APPPATH\Views\template\uploadImage.php on line 8.
 1 APPPATH\Views\template\uploadImage.php(8): CodeIgniter\Debug\Exceptions->errorHandler(2, 'foreach() argument must be of type array|object, string given', 'APPPATH\\Views\\template\\uploadImage.php', 8)
 2 SYSTEMPATH\View\View.php(213): include('APPPATH\\Views\\template\\uploadImage.php')
 3 SYSTEMPATH\View\View.php(216): CodeIgniter\View\View->CodeIgniter\View\{closure}()
 4 SYSTEMPATH\Common.php(1142): CodeIgniter\View\View->render('template\\uploadImage', [], true)
 5 APPPATH\Controllers\AccountData.php(232): view('template\\uploadImage', [...])
 6 SYSTEMPATH\CodeIgniter.php(904): App\Controllers\AccountData->preupload()
 7 SYSTEMPATH\CodeIgniter.php(457): CodeIgniter\CodeIgniter->runController(Object(App\Controllers\AccountData))
 8 SYSTEMPATH\CodeIgniter.php(340): CodeIgniter\CodeIgniter->handleRequest(null, Object(Config\Cache), false)
 9 FCPATH\index.php(68): CodeIgniter\CodeIgniter->run()
CRITICAL - 2022-12-13 08:56:52 --> Undefined variable $errors
in APPPATH\Views\template\uploadImage.php on line 8.
 1 APPPATH\Views\template\uploadImage.php(8): CodeIgniter\Debug\Exceptions->errorHandler(2, 'Undefined variable $errors', 'APPPATH\\Views\\template\\uploadImage.php', 8)
 2 SYSTEMPATH\View\View.php(213): include('APPPATH\\Views\\template\\uploadImage.php')
 3 SYSTEMPATH\View\View.php(216): CodeIgniter\View\View->CodeIgniter\View\{closure}()
 4 SYSTEMPATH\Common.php(1142): CodeIgniter\View\View->render('template\\uploadImage', [], true)
 5 APPPATH\Controllers\AccountData.php(232): view('template\\uploadImage', [])
 6 SYSTEMPATH\CodeIgniter.php(904): App\Controllers\AccountData->preupload()
 7 SYSTEMPATH\CodeIgniter.php(457): CodeIgniter\CodeIgniter->runController(Object(App\Controllers\AccountData))
 8 SYSTEMPATH\CodeIgniter.php(340): CodeIgniter\CodeIgniter->handleRequest(null, Object(Config\Cache), false)
 9 FCPATH\index.php(68): CodeIgniter\CodeIgniter->run()
CRITICAL - 2022-12-13 09:07:37 --> There is no data to update.
in SYSTEMPATH\BaseModel.php on line 846.
 1 SYSTEMPATH\BaseModel.php(846): CodeIgniter\Database\Exceptions\DataException::forEmptyDataset('update')
 2 SYSTEMPATH\Model.php(693): CodeIgniter\BaseModel->update(null, [])
 3 APPPATH\Controllers\AccountData.php(276): CodeIgniter\Model->update()
 4 SYSTEMPATH\CodeIgniter.php(904): App\Controllers\AccountData->upload()
 5 SYSTEMPATH\CodeIgniter.php(457): CodeIgniter\CodeIgniter->runController(Object(App\Controllers\AccountData))
 6 SYSTEMPATH\CodeIgniter.php(340): CodeIgniter\CodeIgniter->handleRequest(null, Object(Config\Cache), false)
 7 FCPATH\index.php(68): CodeIgniter\CodeIgniter->run()
CRITICAL - 2022-12-13 09:11:35 --> Trying to access array offset on value of type null
in APPPATH\Controllers\AccountData.php on line 28.
 1 APPPATH\Controllers\AccountData.php(28): CodeIgniter\Debug\Exceptions->errorHandler(2, 'Trying to access array offset on value of type null', 'APPPATH\\Controllers\\AccountData.php', 28)
 2 SYSTEMPATH\CodeIgniter.php(904): App\Controllers\AccountData->index()
 3 SYSTEMPATH\CodeIgniter.php(457): CodeIgniter\CodeIgniter->runController(Object(App\Controllers\AccountData))
 4 SYSTEMPATH\CodeIgniter.php(340): CodeIgniter\CodeIgniter->handleRequest(null, Object(Config\Cache), false)
 5 FCPATH\index.php(68): CodeIgniter\CodeIgniter->run()
CRITICAL - 2022-12-13 09:17:06 --> Undefined variable $file
in APPPATH\Views\template\cuenta.php on line 17.
 1 APPPATH\Views\template\cuenta.php(17): CodeIgniter\Debug\Exceptions->errorHandler(2, 'Undefined variable $file', 'APPPATH\\Views\\template\\cuenta.php', 17)
 2 SYSTEMPATH\View\View.php(213): include('APPPATH\\Views\\template\\cuenta.php')
 3 SYSTEMPATH\View\View.php(216): CodeIgniter\View\View->CodeIgniter\View\{closure}()
 4 SYSTEMPATH\Common.php(1142): CodeIgniter\View\View->render('template\\cuenta', [], true)
 5 APPPATH\Controllers\AccountData.php(45): view('template\\cuenta', [...])
 6 SYSTEMPATH\CodeIgniter.php(904): App\Controllers\AccountData->index()
 7 SYSTEMPATH\CodeIgniter.php(457): CodeIgniter\CodeIgniter->runController(Object(App\Controllers\AccountData))
 8 SYSTEMPATH\CodeIgniter.php(340): CodeIgniter\CodeIgniter->handleRequest(null, Object(Config\Cache), false)
 9 FCPATH\index.php(68): CodeIgniter\CodeIgniter->run()
CRITICAL - 2022-12-13 09:17:41 --> Undefined variable $file
in APPPATH\Views\template\cuenta.php on line 17.
 1 APPPATH\Views\template\cuenta.php(17): CodeIgniter\Debug\Exceptions->errorHandler(2, 'Undefined variable $file', 'APPPATH\\Views\\template\\cuenta.php', 17)
 2 SYSTEMPATH\View\View.php(213): include('APPPATH\\Views\\template\\cuenta.php')
 3 SYSTEMPATH\View\View.php(216): CodeIgniter\View\View->CodeIgniter\View\{closure}()
 4 SYSTEMPATH\Common.php(1142): CodeIgniter\View\View->render('template\\cuenta', [], true)
 5 APPPATH\Controllers\AccountData.php(45): view('template\\cuenta', [...])
 6 SYSTEMPATH\CodeIgniter.php(904): App\Controllers\AccountData->index()
 7 SYSTEMPATH\CodeIgniter.php(457): CodeIgniter\CodeIgniter->runController(Object(App\Controllers\AccountData))
 8 SYSTEMPATH\CodeIgniter.php(340): CodeIgniter\CodeIgniter->handleRequest(null, Object(Config\Cache), false)
 9 FCPATH\index.php(68): CodeIgniter\CodeIgniter->run()
CRITICAL - 2022-12-13 09:18:01 --> Undefined variable $Per_email
in APPPATH\Views\template\cuenta.php on line 30.
 1 APPPATH\Views\template\cuenta.php(30): CodeIgniter\Debug\Exceptions->errorHandler(2, 'Undefined variable $Per_email', 'APPPATH\\Views\\template\\cuenta.php', 30)
 2 SYSTEMPATH\View\View.php(213): include('APPPATH\\Views\\template\\cuenta.php')
 3 SYSTEMPATH\View\View.php(216): CodeIgniter\View\View->CodeIgniter\View\{closure}()
 4 SYSTEMPATH\Common.php(1142): CodeIgniter\View\View->render('template\\cuenta', [], true)
 5 APPPATH\Controllers\AccountData.php(45): view('template\\cuenta', [...])
 6 SYSTEMPATH\CodeIgniter.php(904): App\Controllers\AccountData->index()
 7 SYSTEMPATH\CodeIgniter.php(457): CodeIgniter\CodeIgniter->runController(Object(App\Controllers\AccountData))
 8 SYSTEMPATH\CodeIgniter.php(340): CodeIgniter\CodeIgniter->handleRequest(null, Object(Config\Cache), false)
 9 FCPATH\index.php(68): CodeIgniter\CodeIgniter->run()
CRITICAL - 2022-12-13 09:49:46 --> finfo_file(C:\xampp\tmp\phpB383.tmp): Failed to open stream: No such file or directory
in SYSTEMPATH\Files\File.php on line 114.
 1 [internal function]: CodeIgniter\Debug\Exceptions->errorHandler(2, 'finfo_file(C:\\xampp\\tmp\\phpB383.tmp): Failed to open stream: No such file or directory', 'SYSTEMPATH\\Files\\File.php', 114)
 2 SYSTEMPATH\Files\File.php(114): finfo_file(resource (file_info), 'C:\\xampp\\tmp\\phpB383.tmp')
 3 SYSTEMPATH\HTTP\Files\UploadedFile.php(302): CodeIgniter\Files\File->getMimeType()
 4 SYSTEMPATH\HTTP\Files\UploadedFile.php(291): CodeIgniter\HTTP\Files\UploadedFile->guessExtension()
 5 SYSTEMPATH\Files\File.php(126): CodeIgniter\HTTP\Files\UploadedFile->getExtension()
 6 SYSTEMPATH\HTTP\Files\UploadedFile.php(338): CodeIgniter\Files\File->getRandomName()
 7 APPPATH\Controllers\AccountData.php(279): CodeIgniter\HTTP\Files\UploadedFile->store()
 8 SYSTEMPATH\CodeIgniter.php(904): App\Controllers\AccountData->upload()
 9 SYSTEMPATH\CodeIgniter.php(457): CodeIgniter\CodeIgniter->runController(Object(App\Controllers\AccountData))
10 SYSTEMPATH\CodeIgniter.php(340): CodeIgniter\CodeIgniter->handleRequest(null, Object(Config\Cache), false)
11 FCPATH\index.php(68): CodeIgniter\CodeIgniter->run()
CRITICAL - 2022-12-13 09:50:08 --> finfo_file(C:\xampp\tmp\phpBA6.tmp): Failed to open stream: No such file or directory
in SYSTEMPATH\Files\File.php on line 114.
 1 [internal function]: CodeIgniter\Debug\Exceptions->errorHandler(2, 'finfo_file(C:\\xampp\\tmp\\phpBA6.tmp): Failed to open stream: No such file or directory', 'SYSTEMPATH\\Files\\File.php', 114)
 2 SYSTEMPATH\Files\File.php(114): finfo_file(resource (file_info), 'C:\\xampp\\tmp\\phpBA6.tmp')
 3 SYSTEMPATH\HTTP\Files\UploadedFile.php(302): CodeIgniter\Files\File->getMimeType()
 4 SYSTEMPATH\HTTP\Files\UploadedFile.php(291): CodeIgniter\HTTP\Files\UploadedFile->guessExtension()
 5 SYSTEMPATH\Files\File.php(126): CodeIgniter\HTTP\Files\UploadedFile->getExtension()
 6 SYSTEMPATH\HTTP\Files\UploadedFile.php(338): CodeIgniter\Files\File->getRandomName()
 7 APPPATH\Controllers\AccountData.php(279): CodeIgniter\HTTP\Files\UploadedFile->store()
 8 SYSTEMPATH\CodeIgniter.php(904): App\Controllers\AccountData->upload()
 9 SYSTEMPATH\CodeIgniter.php(457): CodeIgniter\CodeIgniter->runController(Object(App\Controllers\AccountData))
10 SYSTEMPATH\CodeIgniter.php(340): CodeIgniter\CodeIgniter->handleRequest(null, Object(Config\Cache), false)
11 FCPATH\index.php(68): CodeIgniter\CodeIgniter->run()
CRITICAL - 2022-12-13 10:11:07 --> SplFileInfo::getSize(): stat failed for http://localhost/SISTEMA_CLINICA/public/20221213/1670947867_fec43c8e39b66f22634f.png
in SYSTEMPATH\Files\File.php on line 64.
 1 SYSTEMPATH\Files\File.php(64): SplFileInfo->getSize()
 2 SYSTEMPATH\Files\File.php(76): CodeIgniter\Files\File->getSize()
 3 APPPATH\Views\template\upload_success.php(12): CodeIgniter\Files\File->getSizeByUnit('kb')
 4 SYSTEMPATH\View\View.php(213): include('APPPATH\\Views\\template\\upload_success.php')
 5 SYSTEMPATH\View\View.php(216): CodeIgniter\View\View->CodeIgniter\View\{closure}()
 6 SYSTEMPATH\Common.php(1142): CodeIgniter\View\View->render('template\\upload_success', [], true)
 7 APPPATH\Controllers\AccountData.php(288): view('template\\upload_success', [...])
 8 SYSTEMPATH\CodeIgniter.php(904): App\Controllers\AccountData->upload()
 9 SYSTEMPATH\CodeIgniter.php(457): CodeIgniter\CodeIgniter->runController(Object(App\Controllers\AccountData))
10 SYSTEMPATH\CodeIgniter.php(340): CodeIgniter\CodeIgniter->handleRequest(null, Object(Config\Cache), false)
11 FCPATH\index.php(68): CodeIgniter\CodeIgniter->run()
CRITICAL - 2022-12-13 10:14:00 --> finfo_file(C:\xampp\tmp\phpE69C.tmp): Failed to open stream: No such file or directory
in SYSTEMPATH\Files\File.php on line 114.
 1 [internal function]: CodeIgniter\Debug\Exceptions->errorHandler(2, 'finfo_file(C:\\xampp\\tmp\\phpE69C.tmp): Failed to open stream: No such file or directory', 'SYSTEMPATH\\Files\\File.php', 114)
 2 SYSTEMPATH\Files\File.php(114): finfo_file(resource (file_info), 'C:\\xampp\\tmp\\phpE69C.tmp')
 3 SYSTEMPATH\HTTP\Files\UploadedFile.php(302): CodeIgniter\Files\File->getMimeType()
 4 SYSTEMPATH\HTTP\Files\UploadedFile.php(291): CodeIgniter\HTTP\Files\UploadedFile->guessExtension()
 5 SYSTEMPATH\Files\File.php(126): CodeIgniter\HTTP\Files\UploadedFile->getExtension()
 6 SYSTEMPATH\HTTP\Files\UploadedFile.php(338): CodeIgniter\Files\File->getRandomName()
 7 APPPATH\Controllers\AccountData.php(286): CodeIgniter\HTTP\Files\UploadedFile->store()
 8 SYSTEMPATH\CodeIgniter.php(904): App\Controllers\AccountData->upload()
 9 SYSTEMPATH\CodeIgniter.php(457): CodeIgniter\CodeIgniter->runController(Object(App\Controllers\AccountData))
10 SYSTEMPATH\CodeIgniter.php(340): CodeIgniter\CodeIgniter->handleRequest(null, Object(Config\Cache), false)
11 FCPATH\index.php(68): CodeIgniter\CodeIgniter->run()
CRITICAL - 2022-12-13 10:14:15 --> finfo_file(C:\xampp\tmp\php1E86.tmp): Failed to open stream: No such file or directory
in SYSTEMPATH\Files\File.php on line 114.
 1 [internal function]: CodeIgniter\Debug\Exceptions->errorHandler(2, 'finfo_file(C:\\xampp\\tmp\\php1E86.tmp): Failed to open stream: No such file or directory', 'SYSTEMPATH\\Files\\File.php', 114)
 2 SYSTEMPATH\Files\File.php(114): finfo_file(resource (file_info), 'C:\\xampp\\tmp\\php1E86.tmp')
 3 SYSTEMPATH\HTTP\Files\UploadedFile.php(302): CodeIgniter\Files\File->getMimeType()
 4 SYSTEMPATH\HTTP\Files\UploadedFile.php(291): CodeIgniter\HTTP\Files\UploadedFile->guessExtension()
 5 SYSTEMPATH\Files\File.php(126): CodeIgniter\HTTP\Files\UploadedFile->getExtension()
 6 SYSTEMPATH\HTTP\Files\UploadedFile.php(338): CodeIgniter\Files\File->getRandomName()
 7 APPPATH\Controllers\AccountData.php(286): CodeIgniter\HTTP\Files\UploadedFile->store()
 8 SYSTEMPATH\CodeIgniter.php(904): App\Controllers\AccountData->upload()
 9 SYSTEMPATH\CodeIgniter.php(457): CodeIgniter\CodeIgniter->runController(Object(App\Controllers\AccountData))
10 SYSTEMPATH\CodeIgniter.php(340): CodeIgniter\CodeIgniter->handleRequest(null, Object(Config\Cache), false)
11 FCPATH\index.php(68): CodeIgniter\CodeIgniter->run()
CRITICAL - 2022-12-13 10:14:49 --> finfo_file(C:\xampp\tmp\phpA431.tmp): Failed to open stream: No such file or directory
in SYSTEMPATH\Files\File.php on line 114.
 1 [internal function]: CodeIgniter\Debug\Exceptions->errorHandler(2, 'finfo_file(C:\\xampp\\tmp\\phpA431.tmp): Failed to open stream: No such file or directory', 'SYSTEMPATH\\Files\\File.php', 114)
 2 SYSTEMPATH\Files\File.php(114): finfo_file(resource (file_info), 'C:\\xampp\\tmp\\phpA431.tmp')
 3 SYSTEMPATH\HTTP\Files\UploadedFile.php(302): CodeIgniter\Files\File->getMimeType()
 4 SYSTEMPATH\HTTP\Files\UploadedFile.php(291): CodeIgniter\HTTP\Files\UploadedFile->guessExtension()
 5 SYSTEMPATH\Files\File.php(126): CodeIgniter\HTTP\Files\UploadedFile->getExtension()
 6 SYSTEMPATH\HTTP\Files\UploadedFile.php(338): CodeIgniter\Files\File->getRandomName()
 7 APPPATH\Controllers\AccountData.php(286): CodeIgniter\HTTP\Files\UploadedFile->store()
 8 SYSTEMPATH\CodeIgniter.php(904): App\Controllers\AccountData->upload()
 9 SYSTEMPATH\CodeIgniter.php(457): CodeIgniter\CodeIgniter->runController(Object(App\Controllers\AccountData))
10 SYSTEMPATH\CodeIgniter.php(340): CodeIgniter\CodeIgniter->handleRequest(null, Object(Config\Cache), false)
11 FCPATH\index.php(68): CodeIgniter\CodeIgniter->run()
CRITICAL - 2022-12-13 10:14:57 --> finfo_file(C:\xampp\tmp\phpC3B1.tmp): Failed to open stream: No such file or directory
in SYSTEMPATH\Files\File.php on line 114.
 1 [internal function]: CodeIgniter\Debug\Exceptions->errorHandler(2, 'finfo_file(C:\\xampp\\tmp\\phpC3B1.tmp): Failed to open stream: No such file or directory', 'SYSTEMPATH\\Files\\File.php', 114)
 2 SYSTEMPATH\Files\File.php(114): finfo_file(resource (file_info), 'C:\\xampp\\tmp\\phpC3B1.tmp')
 3 SYSTEMPATH\HTTP\Files\UploadedFile.php(302): CodeIgniter\Files\File->getMimeType()
 4 SYSTEMPATH\HTTP\Files\UploadedFile.php(291): CodeIgniter\HTTP\Files\UploadedFile->guessExtension()
 5 SYSTEMPATH\Files\File.php(126): CodeIgniter\HTTP\Files\UploadedFile->getExtension()
 6 SYSTEMPATH\HTTP\Files\UploadedFile.php(338): CodeIgniter\Files\File->getRandomName()
 7 APPPATH\Controllers\AccountData.php(286): CodeIgniter\HTTP\Files\UploadedFile->store()
 8 SYSTEMPATH\CodeIgniter.php(904): App\Controllers\AccountData->upload()
 9 SYSTEMPATH\CodeIgniter.php(457): CodeIgniter\CodeIgniter->runController(Object(App\Controllers\AccountData))
10 SYSTEMPATH\CodeIgniter.php(340): CodeIgniter\CodeIgniter->handleRequest(null, Object(Config\Cache), false)
11 FCPATH\index.php(68): CodeIgniter\CodeIgniter->run()
CRITICAL - 2022-12-13 10:16:21 --> finfo_file(C:\xampp\tmp\phpB85.tmp): Failed to open stream: No such file or directory
in SYSTEMPATH\Files\File.php on line 114.
 1 [internal function]: CodeIgniter\Debug\Exceptions->errorHandler(2, 'finfo_file(C:\\xampp\\tmp\\phpB85.tmp): Failed to open stream: No such file or directory', 'SYSTEMPATH\\Files\\File.php', 114)
 2 SYSTEMPATH\Files\File.php(114): finfo_file(resource (file_info), 'C:\\xampp\\tmp\\phpB85.tmp')
 3 SYSTEMPATH\HTTP\Files\UploadedFile.php(302): CodeIgniter\Files\File->getMimeType()
 4 SYSTEMPATH\HTTP\Files\UploadedFile.php(291): CodeIgniter\HTTP\Files\UploadedFile->guessExtension()
 5 SYSTEMPATH\Files\File.php(126): CodeIgniter\HTTP\Files\UploadedFile->getExtension()
 6 SYSTEMPATH\HTTP\Files\UploadedFile.php(338): CodeIgniter\Files\File->getRandomName()
 7 APPPATH\Controllers\AccountData.php(279): CodeIgniter\HTTP\Files\UploadedFile->store()
 8 SYSTEMPATH\CodeIgniter.php(904): App\Controllers\AccountData->upload()
 9 SYSTEMPATH\CodeIgniter.php(457): CodeIgniter\CodeIgniter->runController(Object(App\Controllers\AccountData))
10 SYSTEMPATH\CodeIgniter.php(340): CodeIgniter\CodeIgniter->handleRequest(null, Object(Config\Cache), false)
11 FCPATH\index.php(68): CodeIgniter\CodeIgniter->run()
CRITICAL - 2022-12-13 10:16:36 --> finfo_file(C:\xampp\tmp\php47B4.tmp): Failed to open stream: No such file or directory
in SYSTEMPATH\Files\File.php on line 114.
 1 [internal function]: CodeIgniter\Debug\Exceptions->errorHandler(2, 'finfo_file(C:\\xampp\\tmp\\php47B4.tmp): Failed to open stream: No such file or directory', 'SYSTEMPATH\\Files\\File.php', 114)
 2 SYSTEMPATH\Files\File.php(114): finfo_file(resource (file_info), 'C:\\xampp\\tmp\\php47B4.tmp')
 3 SYSTEMPATH\HTTP\Files\UploadedFile.php(302): CodeIgniter\Files\File->getMimeType()
 4 SYSTEMPATH\HTTP\Files\UploadedFile.php(291): CodeIgniter\HTTP\Files\UploadedFile->guessExtension()
 5 SYSTEMPATH\Files\File.php(126): CodeIgniter\HTTP\Files\UploadedFile->getExtension()
 6 SYSTEMPATH\HTTP\Files\UploadedFile.php(338): CodeIgniter\Files\File->getRandomName()
 7 APPPATH\Controllers\AccountData.php(279): CodeIgniter\HTTP\Files\UploadedFile->store()
 8 SYSTEMPATH\CodeIgniter.php(904): App\Controllers\AccountData->upload()
 9 SYSTEMPATH\CodeIgniter.php(457): CodeIgniter\CodeIgniter->runController(Object(App\Controllers\AccountData))
10 SYSTEMPATH\CodeIgniter.php(340): CodeIgniter\CodeIgniter->handleRequest(null, Object(Config\Cache), false)
11 FCPATH\index.php(68): CodeIgniter\CodeIgniter->run()
CRITICAL - 2022-12-13 10:16:52 --> finfo_file(C:\xampp\tmp\php8395.tmp): Failed to open stream: No such file or directory
in SYSTEMPATH\Files\File.php on line 114.
 1 [internal function]: CodeIgniter\Debug\Exceptions->errorHandler(2, 'finfo_file(C:\\xampp\\tmp\\php8395.tmp): Failed to open stream: No such file or directory', 'SYSTEMPATH\\Files\\File.php', 114)
 2 SYSTEMPATH\Files\File.php(114): finfo_file(resource (file_info), 'C:\\xampp\\tmp\\php8395.tmp')
 3 SYSTEMPATH\HTTP\Files\UploadedFile.php(302): CodeIgniter\Files\File->getMimeType()
 4 SYSTEMPATH\HTTP\Files\UploadedFile.php(291): CodeIgniter\HTTP\Files\UploadedFile->guessExtension()
 5 SYSTEMPATH\Files\File.php(126): CodeIgniter\HTTP\Files\UploadedFile->getExtension()
 6 SYSTEMPATH\HTTP\Files\UploadedFile.php(338): CodeIgniter\Files\File->getRandomName()
 7 APPPATH\Controllers\AccountData.php(279): CodeIgniter\HTTP\Files\UploadedFile->store()
 8 SYSTEMPATH\CodeIgniter.php(904): App\Controllers\AccountData->upload()
 9 SYSTEMPATH\CodeIgniter.php(457): CodeIgniter\CodeIgniter->runController(Object(App\Controllers\AccountData))
10 SYSTEMPATH\CodeIgniter.php(340): CodeIgniter\CodeIgniter->handleRequest(null, Object(Config\Cache), false)
11 FCPATH\index.php(68): CodeIgniter\CodeIgniter->run()
CRITICAL - 2022-12-13 10:18:56 --> finfo_file(C:\xampp\tmp\php6826.tmp): Failed to open stream: No such file or directory
in SYSTEMPATH\Files\File.php on line 114.
 1 [internal function]: CodeIgniter\Debug\Exceptions->errorHandler(2, 'finfo_file(C:\\xampp\\tmp\\php6826.tmp): Failed to open stream: No such file or directory', 'SYSTEMPATH\\Files\\File.php', 114)
 2 SYSTEMPATH\Files\File.php(114): finfo_file(resource (file_info), 'C:\\xampp\\tmp\\php6826.tmp')
 3 SYSTEMPATH\HTTP\Files\UploadedFile.php(302): CodeIgniter\Files\File->getMimeType()
 4 SYSTEMPATH\HTTP\Files\UploadedFile.php(291): CodeIgniter\HTTP\Files\UploadedFile->guessExtension()
 5 SYSTEMPATH\Files\File.php(126): CodeIgniter\HTTP\Files\UploadedFile->getExtension()
 6 SYSTEMPATH\HTTP\Files\UploadedFile.php(338): CodeIgniter\Files\File->getRandomName()
 7 APPPATH\Controllers\AccountData.php(279): CodeIgniter\HTTP\Files\UploadedFile->store()
 8 SYSTEMPATH\CodeIgniter.php(904): App\Controllers\AccountData->upload()
 9 SYSTEMPATH\CodeIgniter.php(457): CodeIgniter\CodeIgniter->runController(Object(App\Controllers\AccountData))
10 SYSTEMPATH\CodeIgniter.php(340): CodeIgniter\CodeIgniter->handleRequest(null, Object(Config\Cache), false)
11 FCPATH\index.php(68): CodeIgniter\CodeIgniter->run()
CRITICAL - 2022-12-13 10:26:02 --> The uploaded file has already been moved.
in SYSTEMPATH\HTTP\Files\UploadedFile.php on line 133.
 1 SYSTEMPATH\HTTP\Files\UploadedFile.php(133): CodeIgniter\HTTP\Exceptions\HTTPException::forAlreadyMoved()
 2 APPPATH\Controllers\AccountData.php(282): CodeIgniter\HTTP\Files\UploadedFile->move('FCPATH\\writable\\public\\images')
 3 SYSTEMPATH\CodeIgniter.php(904): App\Controllers\AccountData->upload()
 4 SYSTEMPATH\CodeIgniter.php(457): CodeIgniter\CodeIgniter->runController(Object(App\Controllers\AccountData))
 5 SYSTEMPATH\CodeIgniter.php(340): CodeIgniter\CodeIgniter->handleRequest(null, Object(Config\Cache), false)
 6 FCPATH\index.php(68): CodeIgniter\CodeIgniter->run()
CRITICAL - 2022-12-13 10:31:57 --> The uploaded file has already been moved.
in SYSTEMPATH\HTTP\Files\UploadedFile.php on line 133.
 1 SYSTEMPATH\HTTP\Files\UploadedFile.php(133): CodeIgniter\HTTP\Exceptions\HTTPException::forAlreadyMoved()
 2 APPPATH\Controllers\AccountData.php(289): CodeIgniter\HTTP\Files\UploadedFile->move('C:\\xampp\\htdocs\\SISTEMA_CLINICA', '1670949117_4bb755a26aaa74cb4f7a.png.jpg')
 3 SYSTEMPATH\CodeIgniter.php(904): App\Controllers\AccountData->upload()
 4 SYSTEMPATH\CodeIgniter.php(457): CodeIgniter\CodeIgniter->runController(Object(App\Controllers\AccountData))
 5 SYSTEMPATH\CodeIgniter.php(340): CodeIgniter\CodeIgniter->handleRequest(null, Object(Config\Cache), false)
 6 FCPATH\index.php(68): CodeIgniter\CodeIgniter->run()
CRITICAL - 2022-12-13 10:33:25 --> foreach() argument must be of type array|object, string given
in APPPATH\Views\template\uploadImage.php on line 8.
 1 APPPATH\Views\template\uploadImage.php(8): CodeIgniter\Debug\Exceptions->errorHandler(2, 'foreach() argument must be of type array|object, string given', 'APPPATH\\Views\\template\\uploadImage.php', 8)
 2 SYSTEMPATH\View\View.php(213): include('APPPATH\\Views\\template\\uploadImage.php')
 3 SYSTEMPATH\View\View.php(216): CodeIgniter\View\View->CodeIgniter\View\{closure}()
 4 SYSTEMPATH\Common.php(1142): CodeIgniter\View\View->render('template\\uploadImage', [], true)
 5 APPPATH\Controllers\AccountData.php(296): view('template\\uploadImage', [...])
 6 SYSTEMPATH\CodeIgniter.php(904): App\Controllers\AccountData->upload()
 7 SYSTEMPATH\CodeIgniter.php(457): CodeIgniter\CodeIgniter->runController(Object(App\Controllers\AccountData))
 8 SYSTEMPATH\CodeIgniter.php(340): CodeIgniter\CodeIgniter->handleRequest(null, Object(Config\Cache), false)
 9 FCPATH\index.php(68): CodeIgniter\CodeIgniter->run()
CRITICAL - 2022-12-13 10:40:21 --> Undefined variable $uploaded_fileinfo
in APPPATH\Views\template\upload_success.php on line 11.
 1 APPPATH\Views\template\upload_success.php(11): CodeIgniter\Debug\Exceptions->errorHandler(2, 'Undefined variable $uploaded_fileinfo', 'APPPATH\\Views\\template\\upload_success.php', 11)
 2 SYSTEMPATH\View\View.php(213): include('APPPATH\\Views\\template\\upload_success.php')
 3 SYSTEMPATH\View\View.php(216): CodeIgniter\View\View->CodeIgniter\View\{closure}()
 4 SYSTEMPATH\Common.php(1142): CodeIgniter\View\View->render('template\\upload_success', [], true)
 5 APPPATH\Controllers\AccountData.php(286): view('template\\upload_success', [...])
 6 SYSTEMPATH\CodeIgniter.php(904): App\Controllers\AccountData->upload()
 7 SYSTEMPATH\CodeIgniter.php(457): CodeIgniter\CodeIgniter->runController(Object(App\Controllers\AccountData))
 8 SYSTEMPATH\CodeIgniter.php(340): CodeIgniter\CodeIgniter->handleRequest(null, Object(Config\Cache), false)
 9 FCPATH\index.php(68): CodeIgniter\CodeIgniter->run()
CRITICAL - 2022-12-13 10:42:49 --> SplFileInfo::getSize(): stat failed for 1
in SYSTEMPATH\Files\File.php on line 64.
 1 SYSTEMPATH\Files\File.php(64): SplFileInfo->getSize()
 2 SYSTEMPATH\Files\File.php(76): CodeIgniter\Files\File->getSize()
 3 APPPATH\Views\template\upload_success.php(12): CodeIgniter\Files\File->getSizeByUnit('kb')
 4 SYSTEMPATH\View\View.php(213): include('APPPATH\\Views\\template\\upload_success.php')
 5 SYSTEMPATH\View\View.php(216): CodeIgniter\View\View->CodeIgniter\View\{closure}()
 6 SYSTEMPATH\Common.php(1142): CodeIgniter\View\View->render('template\\upload_success', [], true)
 7 APPPATH\Controllers\AccountData.php(285): view('template\\upload_success', [...])
 8 SYSTEMPATH\CodeIgniter.php(904): App\Controllers\AccountData->upload()
 9 SYSTEMPATH\CodeIgniter.php(457): CodeIgniter\CodeIgniter->runController(Object(App\Controllers\AccountData))
10 SYSTEMPATH\CodeIgniter.php(340): CodeIgniter\CodeIgniter->handleRequest(null, Object(Config\Cache), false)
11 FCPATH\index.php(68): CodeIgniter\CodeIgniter->run()
CRITICAL - 2022-12-13 10:43:44 --> Call to undefined method CodeIgniter\HTTP\Files\UploadedFile::getClientOriginalName()
in APPPATH\Controllers\AccountData.php on line 276.
 1 SYSTEMPATH\CodeIgniter.php(904): App\Controllers\AccountData->upload()
 2 SYSTEMPATH\CodeIgniter.php(457): CodeIgniter\CodeIgniter->runController(Object(App\Controllers\AccountData))
 3 SYSTEMPATH\CodeIgniter.php(340): CodeIgniter\CodeIgniter->handleRequest(null, Object(Config\Cache), false)
 4 FCPATH\index.php(68): CodeIgniter\CodeIgniter->run()
CRITICAL - 2022-12-13 10:43:50 --> SplFileInfo::getSize(): stat failed for 1
in SYSTEMPATH\Files\File.php on line 64.
 1 SYSTEMPATH\Files\File.php(64): SplFileInfo->getSize()
 2 SYSTEMPATH\Files\File.php(76): CodeIgniter\Files\File->getSize()
 3 APPPATH\Views\template\upload_success.php(12): CodeIgniter\Files\File->getSizeByUnit('kb')
 4 SYSTEMPATH\View\View.php(213): include('APPPATH\\Views\\template\\upload_success.php')
 5 SYSTEMPATH\View\View.php(216): CodeIgniter\View\View->CodeIgniter\View\{closure}()
 6 SYSTEMPATH\Common.php(1142): CodeIgniter\View\View->render('template\\upload_success', [], true)
 7 APPPATH\Controllers\AccountData.php(287): view('template\\upload_success', [...])
 8 SYSTEMPATH\CodeIgniter.php(904): App\Controllers\AccountData->upload()
 9 SYSTEMPATH\CodeIgniter.php(457): CodeIgniter\CodeIgniter->runController(Object(App\Controllers\AccountData))
10 SYSTEMPATH\CodeIgniter.php(340): CodeIgniter\CodeIgniter->handleRequest(null, Object(Config\Cache), false)
11 FCPATH\index.php(68): CodeIgniter\CodeIgniter->run()
CRITICAL - 2022-12-13 10:48:23 --> Undefined variable $uploaded_fileinfo
in APPPATH\Views\template\upload_success.php on line 11.
 1 APPPATH\Views\template\upload_success.php(11): CodeIgniter\Debug\Exceptions->errorHandler(2, 'Undefined variable $uploaded_fileinfo', 'APPPATH\\Views\\template\\upload_success.php', 11)
 2 SYSTEMPATH\View\View.php(213): include('APPPATH\\Views\\template\\upload_success.php')
 3 SYSTEMPATH\View\View.php(216): CodeIgniter\View\View->CodeIgniter\View\{closure}()
 4 SYSTEMPATH\Common.php(1142): CodeIgniter\View\View->render('template\\upload_success', [], true)
 5 APPPATH\Controllers\AccountData.php(288): view('template\\upload_success', [...])
 6 SYSTEMPATH\CodeIgniter.php(904): App\Controllers\AccountData->upload()
 7 SYSTEMPATH\CodeIgniter.php(457): CodeIgniter\CodeIgniter->runController(Object(App\Controllers\AccountData))
 8 SYSTEMPATH\CodeIgniter.php(340): CodeIgniter\CodeIgniter->handleRequest(null, Object(Config\Cache), false)
 9 FCPATH\index.php(68): CodeIgniter\CodeIgniter->run()
CRITICAL - 2022-12-13 10:48:42 --> SplFileInfo::getSize(): stat failed for 1
in SYSTEMPATH\Files\File.php on line 64.
 1 SYSTEMPATH\Files\File.php(64): SplFileInfo->getSize()
 2 SYSTEMPATH\Files\File.php(76): CodeIgniter\Files\File->getSize()
 3 APPPATH\Views\template\upload_success.php(12): CodeIgniter\Files\File->getSizeByUnit('kb')
 4 SYSTEMPATH\View\View.php(213): include('APPPATH\\Views\\template\\upload_success.php')
 5 SYSTEMPATH\View\View.php(216): CodeIgniter\View\View->CodeIgniter\View\{closure}()
 6 SYSTEMPATH\Common.php(1142): CodeIgniter\View\View->render('template\\upload_success', [], true)
 7 APPPATH\Controllers\AccountData.php(288): view('template\\upload_success', [...])
 8 SYSTEMPATH\CodeIgniter.php(904): App\Controllers\AccountData->upload()
 9 SYSTEMPATH\CodeIgniter.php(457): CodeIgniter\CodeIgniter->runController(Object(App\Controllers\AccountData))
10 SYSTEMPATH\CodeIgniter.php(340): CodeIgniter\CodeIgniter->handleRequest(null, Object(Config\Cache), false)
11 FCPATH\index.php(68): CodeIgniter\CodeIgniter->run()
CRITICAL - 2022-12-13 10:50:10 --> SplFileInfo::getSize(): stat failed for 1
in SYSTEMPATH\Files\File.php on line 64.
 1 SYSTEMPATH\Files\File.php(64): SplFileInfo->getSize()
 2 SYSTEMPATH\Files\File.php(76): CodeIgniter\Files\File->getSize()
 3 APPPATH\Views\template\upload_success.php(12): CodeIgniter\Files\File->getSizeByUnit('kb')
 4 SYSTEMPATH\View\View.php(213): include('APPPATH\\Views\\template\\upload_success.php')
 5 SYSTEMPATH\View\View.php(216): CodeIgniter\View\View->CodeIgniter\View\{closure}()
 6 SYSTEMPATH\Common.php(1142): CodeIgniter\View\View->render('template\\upload_success', [], true)
 7 APPPATH\Controllers\AccountData.php(290): view('template\\upload_success', [...])
 8 SYSTEMPATH\CodeIgniter.php(904): App\Controllers\AccountData->upload()
 9 SYSTEMPATH\CodeIgniter.php(457): CodeIgniter\CodeIgniter->runController(Object(App\Controllers\AccountData))
10 SYSTEMPATH\CodeIgniter.php(340): CodeIgniter\CodeIgniter->handleRequest(null, Object(Config\Cache), false)
11 FCPATH\index.php(68): CodeIgniter\CodeIgniter->run()
CRITICAL - 2022-12-13 10:57:19 --> Undefined variable $base_url
in APPPATH\Views\template\cuenta.php on line 20.
 1 APPPATH\Views\template\cuenta.php(20): CodeIgniter\Debug\Exceptions->errorHandler(2, 'Undefined variable $base_url', 'APPPATH\\Views\\template\\cuenta.php', 20)
 2 SYSTEMPATH\View\View.php(213): include('APPPATH\\Views\\template\\cuenta.php')
 3 SYSTEMPATH\View\View.php(216): CodeIgniter\View\View->CodeIgniter\View\{closure}()
 4 SYSTEMPATH\Common.php(1142): CodeIgniter\View\View->render('template\\cuenta', [], true)
 5 APPPATH\Controllers\AccountData.php(46): view('template\\cuenta', [...])
 6 SYSTEMPATH\CodeIgniter.php(904): App\Controllers\AccountData->index()
 7 SYSTEMPATH\CodeIgniter.php(457): CodeIgniter\CodeIgniter->runController(Object(App\Controllers\AccountData))
 8 SYSTEMPATH\CodeIgniter.php(340): CodeIgniter\CodeIgniter->handleRequest(null, Object(Config\Cache), false)
 9 FCPATH\index.php(68): CodeIgniter\CodeIgniter->run()
CRITICAL - 2022-12-13 11:35:10 --> Undefined array key "Per_email"
in APPPATH\Controllers\Home.php on line 296.
 1 APPPATH\Controllers\Home.php(296): CodeIgniter\Debug\Exceptions->errorHandler(2, 'Undefined array key "Per_email"', 'APPPATH\\Controllers\\Home.php', 296)
 2 SYSTEMPATH\CodeIgniter.php(904): App\Controllers\Home->per_post()
 3 SYSTEMPATH\CodeIgniter.php(457): CodeIgniter\CodeIgniter->runController(Object(App\Controllers\Home))
 4 SYSTEMPATH\CodeIgniter.php(340): CodeIgniter\CodeIgniter->handleRequest(null, Object(Config\Cache), false)
 5 FCPATH\index.php(68): CodeIgniter\CodeIgniter->run()
