CRITICAL - 2022-12-04 11:55:17 --> Undefined variable $Per_actions
in APPPATH\Views\template\cuenta.php on line 66.
 1 APPPATH\Views\template\cuenta.php(66): CodeIgniter\Debug\Exceptions->errorHandler(2, 'Undefined variable $Per_actions', 'APPPATH\\Views\\template\\cuenta.php', 66)
 2 SYSTEMPATH\View\View.php(213): include('APPPATH\\Views\\template\\cuenta.php')
 3 SYSTEMPATH\View\View.php(216): CodeIgniter\View\View->CodeIgniter\View\{closure}()
 4 SYSTEMPATH\Common.php(1142): CodeIgniter\View\View->render('template\\cuenta', [], true)
 5 APPPATH\Controllers\AccountData.php(30): view('template\\cuenta', [...])
 6 SYSTEMPATH\CodeIgniter.php(904): App\Controllers\AccountData->index()
 7 SYSTEMPATH\CodeIgniter.php(457): CodeIgniter\CodeIgniter->runController(Object(App\Controllers\AccountData))
 8 SYSTEMPATH\CodeIgniter.php(340): CodeIgniter\CodeIgniter->handleRequest(null, Object(Config\Cache), false)
 9 FCPATH\index.php(68): CodeIgniter\CodeIgniter->run()
CRITICAL - 2022-12-04 17:30:25 --> array_merge(): Argument #2 must be of type array, CodeIgniter\Database\MySQLi\Builder given
in APPPATH\Controllers\AccountData.php on line 32.
 1 APPPATH\Controllers\AccountData.php(32): array_merge([...], Object(CodeIgniter\Database\MySQLi\Builder))
 2 SYSTEMPATH\CodeIgniter.php(904): App\Controllers\AccountData->index()
 3 SYSTEMPATH\CodeIgniter.php(457): CodeIgniter\CodeIgniter->runController(Object(App\Controllers\AccountData))
 4 SYSTEMPATH\CodeIgniter.php(340): CodeIgniter\CodeIgniter->handleRequest(null, Object(Config\Cache), false)
 5 FCPATH\index.php(68): CodeIgniter\CodeIgniter->run()
CRITICAL - 2022-12-04 17:30:48 --> array_merge(): Argument #2 must be of type array, CodeIgniter\Database\MySQLi\Builder given
in APPPATH\Controllers\AccountData.php on line 33.
 1 APPPATH\Controllers\AccountData.php(33): array_merge([...], Object(CodeIgniter\Database\MySQLi\Builder))
 2 SYSTEMPATH\CodeIgniter.php(904): App\Controllers\AccountData->index()
 3 SYSTEMPATH\CodeIgniter.php(457): CodeIgniter\CodeIgniter->runController(Object(App\Controllers\AccountData))
 4 SYSTEMPATH\CodeIgniter.php(340): CodeIgniter\CodeIgniter->handleRequest(null, Object(Config\Cache), false)
 5 FCPATH\index.php(68): CodeIgniter\CodeIgniter->run()
CRITICAL - 2022-12-04 17:32:19 --> array_merge(): Argument #2 must be of type array, CodeIgniter\Database\MySQLi\Result given
in APPPATH\Controllers\AccountData.php on line 34.
 1 APPPATH\Controllers\AccountData.php(34): array_merge([...], Object(CodeIgniter\Database\MySQLi\Result))
 2 SYSTEMPATH\CodeIgniter.php(904): App\Controllers\AccountData->index()
 3 SYSTEMPATH\CodeIgniter.php(457): CodeIgniter\CodeIgniter->runController(Object(App\Controllers\AccountData))
 4 SYSTEMPATH\CodeIgniter.php(340): CodeIgniter\CodeIgniter->handleRequest(null, Object(Config\Cache), false)
 5 FCPATH\index.php(68): CodeIgniter\CodeIgniter->run()
CRITICAL - 2022-12-04 17:32:30 --> array_merge(): Argument #2 must be of type array, CodeIgniter\Database\MySQLi\Builder given
in APPPATH\Controllers\AccountData.php on line 33.
 1 APPPATH\Controllers\AccountData.php(33): array_merge([...], Object(CodeIgniter\Database\MySQLi\Builder))
 2 SYSTEMPATH\CodeIgniter.php(904): App\Controllers\AccountData->index()
 3 SYSTEMPATH\CodeIgniter.php(457): CodeIgniter\CodeIgniter->runController(Object(App\Controllers\AccountData))
 4 SYSTEMPATH\CodeIgniter.php(340): CodeIgniter\CodeIgniter->handleRequest(null, Object(Config\Cache), false)
 5 FCPATH\index.php(68): CodeIgniter\CodeIgniter->run()
CRITICAL - 2022-12-04 17:32:45 --> Undefined variable $Op_queue
in APPPATH\Views\template\cuenta.php on line 66.
 1 APPPATH\Views\template\cuenta.php(66): CodeIgniter\Debug\Exceptions->errorHandler(2, 'Undefined variable $Op_queue', 'APPPATH\\Views\\template\\cuenta.php', 66)
 2 SYSTEMPATH\View\View.php(213): include('APPPATH\\Views\\template\\cuenta.php')
 3 SYSTEMPATH\View\View.php(216): CodeIgniter\View\View->CodeIgniter\View\{closure}()
 4 SYSTEMPATH\Common.php(1142): CodeIgniter\View\View->render('template\\cuenta', [], true)
 5 APPPATH\Controllers\AccountData.php(40): view('template\\cuenta', [...])
 6 SYSTEMPATH\CodeIgniter.php(904): App\Controllers\AccountData->index()
 7 SYSTEMPATH\CodeIgniter.php(457): CodeIgniter\CodeIgniter->runController(Object(App\Controllers\AccountData))
 8 SYSTEMPATH\CodeIgniter.php(340): CodeIgniter\CodeIgniter->handleRequest(null, Object(Config\Cache), false)
 9 FCPATH\index.php(68): CodeIgniter\CodeIgniter->run()
CRITICAL - 2022-12-04 17:34:10 --> Call to undefined method CodeIgniter\Database\MySQLi\Builder::getResult()
in APPPATH\Controllers\AccountData.php on line 32.
 1 SYSTEMPATH\CodeIgniter.php(904): App\Controllers\AccountData->index()
 2 SYSTEMPATH\CodeIgniter.php(457): CodeIgniter\CodeIgniter->runController(Object(App\Controllers\AccountData))
 3 SYSTEMPATH\CodeIgniter.php(340): CodeIgniter\CodeIgniter->handleRequest(null, Object(Config\Cache), false)
 4 FCPATH\index.php(68): CodeIgniter\CodeIgniter->run()
CRITICAL - 2022-12-04 17:35:47 --> array_merge(): Argument #2 must be of type array, CodeIgniter\Database\MySQLi\Builder given
in APPPATH\Controllers\AccountData.php on line 33.
 1 APPPATH\Controllers\AccountData.php(33): array_merge([...], Object(CodeIgniter\Database\MySQLi\Builder))
 2 SYSTEMPATH\CodeIgniter.php(904): App\Controllers\AccountData->index()
 3 SYSTEMPATH\CodeIgniter.php(457): CodeIgniter\CodeIgniter->runController(Object(App\Controllers\AccountData))
 4 SYSTEMPATH\CodeIgniter.php(340): CodeIgniter\CodeIgniter->handleRequest(null, Object(Config\Cache), false)
 5 FCPATH\index.php(68): CodeIgniter\CodeIgniter->run()
CRITICAL - 2022-12-04 17:37:28 --> array_merge(): Argument #2 must be of type array, CodeIgniter\Database\MySQLi\Builder given
in APPPATH\Controllers\AccountData.php on line 33.
 1 APPPATH\Controllers\AccountData.php(33): array_merge([...], Object(CodeIgniter\Database\MySQLi\Builder))
 2 SYSTEMPATH\CodeIgniter.php(904): App\Controllers\AccountData->index()
 3 SYSTEMPATH\CodeIgniter.php(457): CodeIgniter\CodeIgniter->runController(Object(App\Controllers\AccountData))
 4 SYSTEMPATH\CodeIgniter.php(340): CodeIgniter\CodeIgniter->handleRequest(null, Object(Config\Cache), false)
 5 FCPATH\index.php(68): CodeIgniter\CodeIgniter->run()
CRITICAL - 2022-12-04 17:38:35 --> array_merge(): Argument #2 must be of type array, App\Models\T_Operacion given
in APPPATH\Controllers\AccountData.php on line 33.
 1 APPPATH\Controllers\AccountData.php(33): array_merge([...], Object(App\Models\T_Operacion))
 2 SYSTEMPATH\CodeIgniter.php(904): App\Controllers\AccountData->index()
 3 SYSTEMPATH\CodeIgniter.php(457): CodeIgniter\CodeIgniter->runController(Object(App\Controllers\AccountData))
 4 SYSTEMPATH\CodeIgniter.php(340): CodeIgniter\CodeIgniter->handleRequest(null, Object(Config\Cache), false)
 5 FCPATH\index.php(68): CodeIgniter\CodeIgniter->run()
CRITICAL - 2022-12-04 17:38:59 --> array_merge(): Argument #2 must be of type array, App\Models\T_Operacion given
in APPPATH\Controllers\AccountData.php on line 33.
 1 APPPATH\Controllers\AccountData.php(33): array_merge([...], Object(App\Models\T_Operacion))
 2 SYSTEMPATH\CodeIgniter.php(904): App\Controllers\AccountData->index()
 3 SYSTEMPATH\CodeIgniter.php(457): CodeIgniter\CodeIgniter->runController(Object(App\Controllers\AccountData))
 4 SYSTEMPATH\CodeIgniter.php(340): CodeIgniter\CodeIgniter->handleRequest(null, Object(Config\Cache), false)
 5 FCPATH\index.php(68): CodeIgniter\CodeIgniter->run()
CRITICAL - 2022-12-04 17:39:15 --> Call to undefined method App\Models\T_Operacion::getResultArray
in SYSTEMPATH\Model.php on line 774.
 1 APPPATH\Controllers\AccountData.php(32): CodeIgniter\Model->__call('getResultArray', [])
 2 SYSTEMPATH\CodeIgniter.php(904): App\Controllers\AccountData->index()
 3 SYSTEMPATH\CodeIgniter.php(457): CodeIgniter\CodeIgniter->runController(Object(App\Controllers\AccountData))
 4 SYSTEMPATH\CodeIgniter.php(340): CodeIgniter\CodeIgniter->handleRequest(null, Object(Config\Cache), false)
 5 FCPATH\index.php(68): CodeIgniter\CodeIgniter->run()
CRITICAL - 2022-12-04 17:39:24 --> Call to undefined method App\Models\T_Operacion::getResult
in SYSTEMPATH\Model.php on line 774.
 1 APPPATH\Controllers\AccountData.php(32): CodeIgniter\Model->__call('getResult', [])
 2 SYSTEMPATH\CodeIgniter.php(904): App\Controllers\AccountData->index()
 3 SYSTEMPATH\CodeIgniter.php(457): CodeIgniter\CodeIgniter->runController(Object(App\Controllers\AccountData))
 4 SYSTEMPATH\CodeIgniter.php(340): CodeIgniter\CodeIgniter->handleRequest(null, Object(Config\Cache), false)
 5 FCPATH\index.php(68): CodeIgniter\CodeIgniter->run()
ERROR - 2022-12-04 17:40:22 --> mysqli_sql_exception: You have an error in your SQL syntax; check the manual that corresponds to your MariaDB server version for the right syntax to use near 'AS `conteo`) AS `Op_queue AS conteo`
FROM `operacion`
WHERE `Per_cod` = '100'...' at line 1 in C:\xampp\htdocs\SISTEMA_CLINICA\system\Database\MySQLi\Connection.php:292
Stack trace:
#0 C:\xampp\htdocs\SISTEMA_CLINICA\system\Database\MySQLi\Connection.php(292): mysqli->query('SELECT COUNT(`O...', 0)
#1 C:\xampp\htdocs\SISTEMA_CLINICA\system\Database\BaseConnection.php(693): CodeIgniter\Database\MySQLi\Connection->execute('SELECT COUNT(`O...')
#2 C:\xampp\htdocs\SISTEMA_CLINICA\system\Database\BaseConnection.php(620): CodeIgniter\Database\BaseConnection->simpleQuery('SELECT COUNT(`O...')
#3 C:\xampp\htdocs\SISTEMA_CLINICA\system\Database\BaseBuilder.php(1585): CodeIgniter\Database\BaseConnection->query('SELECT COUNT(`O...', Array, false)
#4 C:\xampp\htdocs\SISTEMA_CLINICA\system\Model.php(772): CodeIgniter\Database\BaseBuilder->get()
#5 C:\xampp\htdocs\SISTEMA_CLINICA\app\Controllers\AccountData.php(32): CodeIgniter\Model->__call('get', Array)
#6 C:\xampp\htdocs\SISTEMA_CLINICA\system\CodeIgniter.php(904): App\Controllers\AccountData->index()
#7 C:\xampp\htdocs\SISTEMA_CLINICA\system\CodeIgniter.php(457): CodeIgniter\CodeIgniter->runController(Object(App\Controllers\AccountData))
#8 C:\xampp\htdocs\SISTEMA_CLINICA\system\CodeIgniter.php(340): CodeIgniter\CodeIgniter->handleRequest(NULL, Object(Config\Cache), false)
#9 C:\xampp\htdocs\SISTEMA_CLINICA\index.php(68): CodeIgniter\CodeIgniter->run()
#10 {main}
CRITICAL - 2022-12-04 17:40:22 --> array_merge(): Argument #2 must be of type array, bool given
in APPPATH\Controllers\AccountData.php on line 34.
 1 APPPATH\Controllers\AccountData.php(34): array_merge([...], false)
 2 SYSTEMPATH\CodeIgniter.php(904): App\Controllers\AccountData->index()
 3 SYSTEMPATH\CodeIgniter.php(457): CodeIgniter\CodeIgniter->runController(Object(App\Controllers\AccountData))
 4 SYSTEMPATH\CodeIgniter.php(340): CodeIgniter\CodeIgniter->handleRequest(null, Object(Config\Cache), false)
 5 FCPATH\index.php(68): CodeIgniter\CodeIgniter->run()
ERROR - 2022-12-04 17:40:50 --> mysqli_sql_exception: You have an error in your SQL syntax; check the manual that corresponds to your MariaDB server version for the right syntax to use near 'AS `conteo`) AS `Op_queue AS conteo`
FROM `operacion`
WHERE `Per_cod` = '100'...' at line 1 in C:\xampp\htdocs\SISTEMA_CLINICA\system\Database\MySQLi\Connection.php:292
Stack trace:
#0 C:\xampp\htdocs\SISTEMA_CLINICA\system\Database\MySQLi\Connection.php(292): mysqli->query('SELECT COUNT(`O...', 0)
#1 C:\xampp\htdocs\SISTEMA_CLINICA\system\Database\BaseConnection.php(693): CodeIgniter\Database\MySQLi\Connection->execute('SELECT COUNT(`O...')
#2 C:\xampp\htdocs\SISTEMA_CLINICA\system\Database\BaseConnection.php(620): CodeIgniter\Database\BaseConnection->simpleQuery('SELECT COUNT(`O...')
#3 C:\xampp\htdocs\SISTEMA_CLINICA\system\Database\BaseBuilder.php(1585): CodeIgniter\Database\BaseConnection->query('SELECT COUNT(`O...', Array, false)
#4 C:\xampp\htdocs\SISTEMA_CLINICA\system\Model.php(772): CodeIgniter\Database\BaseBuilder->get()
#5 C:\xampp\htdocs\SISTEMA_CLINICA\app\Controllers\AccountData.php(32): CodeIgniter\Model->__call('get', Array)
#6 C:\xampp\htdocs\SISTEMA_CLINICA\system\CodeIgniter.php(904): App\Controllers\AccountData->index()
#7 C:\xampp\htdocs\SISTEMA_CLINICA\system\CodeIgniter.php(457): CodeIgniter\CodeIgniter->runController(Object(App\Controllers\AccountData))
#8 C:\xampp\htdocs\SISTEMA_CLINICA\system\CodeIgniter.php(340): CodeIgniter\CodeIgniter->handleRequest(NULL, Object(Config\Cache), false)
#9 C:\xampp\htdocs\SISTEMA_CLINICA\index.php(68): CodeIgniter\CodeIgniter->run()
#10 {main}
CRITICAL - 2022-12-04 17:40:50 --> Undefined variable $Op_queue
in APPPATH\Views\template\cuenta.php on line 66.
 1 APPPATH\Views\template\cuenta.php(66): CodeIgniter\Debug\Exceptions->errorHandler(2, 'Undefined variable $Op_queue', 'APPPATH\\Views\\template\\cuenta.php', 66)
 2 SYSTEMPATH\View\View.php(213): include('APPPATH\\Views\\template\\cuenta.php')
 3 SYSTEMPATH\View\View.php(216): CodeIgniter\View\View->CodeIgniter\View\{closure}()
 4 SYSTEMPATH\Common.php(1142): CodeIgniter\View\View->render('template\\cuenta', [], true)
 5 APPPATH\Controllers\AccountData.php(39): view('template\\cuenta', [...])
 6 SYSTEMPATH\CodeIgniter.php(904): App\Controllers\AccountData->index()
 7 SYSTEMPATH\CodeIgniter.php(457): CodeIgniter\CodeIgniter->runController(Object(App\Controllers\AccountData))
 8 SYSTEMPATH\CodeIgniter.php(340): CodeIgniter\CodeIgniter->handleRequest(null, Object(Config\Cache), false)
 9 FCPATH\index.php(68): CodeIgniter\CodeIgniter->run()
ERROR - 2022-12-04 17:41:05 --> mysqli_sql_exception: You have an error in your SQL syntax; check the manual that corresponds to your MariaDB server version for the right syntax to use near 'AS `conteo`) AS `Op_queue AS conteo`
FROM `operacion`
WHERE `Per_cod` = '100'...' at line 1 in C:\xampp\htdocs\SISTEMA_CLINICA\system\Database\MySQLi\Connection.php:292
Stack trace:
#0 C:\xampp\htdocs\SISTEMA_CLINICA\system\Database\MySQLi\Connection.php(292): mysqli->query('SELECT COUNT(`O...', 0)
#1 C:\xampp\htdocs\SISTEMA_CLINICA\system\Database\BaseConnection.php(693): CodeIgniter\Database\MySQLi\Connection->execute('SELECT COUNT(`O...')
#2 C:\xampp\htdocs\SISTEMA_CLINICA\system\Database\BaseConnection.php(620): CodeIgniter\Database\BaseConnection->simpleQuery('SELECT COUNT(`O...')
#3 C:\xampp\htdocs\SISTEMA_CLINICA\system\Database\BaseBuilder.php(1585): CodeIgniter\Database\BaseConnection->query('SELECT COUNT(`O...', Array, false)
#4 C:\xampp\htdocs\SISTEMA_CLINICA\system\Model.php(772): CodeIgniter\Database\BaseBuilder->get()
#5 C:\xampp\htdocs\SISTEMA_CLINICA\app\Controllers\AccountData.php(32): CodeIgniter\Model->__call('get', Array)
#6 C:\xampp\htdocs\SISTEMA_CLINICA\system\CodeIgniter.php(904): App\Controllers\AccountData->index()
#7 C:\xampp\htdocs\SISTEMA_CLINICA\system\CodeIgniter.php(457): CodeIgniter\CodeIgniter->runController(Object(App\Controllers\AccountData))
#8 C:\xampp\htdocs\SISTEMA_CLINICA\system\CodeIgniter.php(340): CodeIgniter\CodeIgniter->handleRequest(NULL, Object(Config\Cache), false)
#9 C:\xampp\htdocs\SISTEMA_CLINICA\index.php(68): CodeIgniter\CodeIgniter->run()
#10 {main}
CRITICAL - 2022-12-04 17:41:05 --> Undefined variable $Op_queue
in APPPATH\Views\template\cuenta.php on line 66.
 1 APPPATH\Views\template\cuenta.php(66): CodeIgniter\Debug\Exceptions->errorHandler(2, 'Undefined variable $Op_queue', 'APPPATH\\Views\\template\\cuenta.php', 66)
 2 SYSTEMPATH\View\View.php(213): include('APPPATH\\Views\\template\\cuenta.php')
 3 SYSTEMPATH\View\View.php(216): CodeIgniter\View\View->CodeIgniter\View\{closure}()
 4 SYSTEMPATH\Common.php(1142): CodeIgniter\View\View->render('template\\cuenta', [], true)
 5 APPPATH\Controllers\AccountData.php(40): view('template\\cuenta', [...])
 6 SYSTEMPATH\CodeIgniter.php(904): App\Controllers\AccountData->index()
 7 SYSTEMPATH\CodeIgniter.php(457): CodeIgniter\CodeIgniter->runController(Object(App\Controllers\AccountData))
 8 SYSTEMPATH\CodeIgniter.php(340): CodeIgniter\CodeIgniter->handleRequest(null, Object(Config\Cache), false)
 9 FCPATH\index.php(68): CodeIgniter\CodeIgniter->run()
ERROR - 2022-12-04 17:41:08 --> mysqli_sql_exception: You have an error in your SQL syntax; check the manual that corresponds to your MariaDB server version for the right syntax to use near 'AS `conteo`) AS `Op_queue AS conteo`
FROM `operacion`
WHERE `Per_cod` = '100'...' at line 1 in C:\xampp\htdocs\SISTEMA_CLINICA\system\Database\MySQLi\Connection.php:292
Stack trace:
#0 C:\xampp\htdocs\SISTEMA_CLINICA\system\Database\MySQLi\Connection.php(292): mysqli->query('SELECT COUNT(`O...', 0)
#1 C:\xampp\htdocs\SISTEMA_CLINICA\system\Database\BaseConnection.php(693): CodeIgniter\Database\MySQLi\Connection->execute('SELECT COUNT(`O...')
#2 C:\xampp\htdocs\SISTEMA_CLINICA\system\Database\BaseConnection.php(620): CodeIgniter\Database\BaseConnection->simpleQuery('SELECT COUNT(`O...')
#3 C:\xampp\htdocs\SISTEMA_CLINICA\system\Database\BaseBuilder.php(1585): CodeIgniter\Database\BaseConnection->query('SELECT COUNT(`O...', Array, false)
#4 C:\xampp\htdocs\SISTEMA_CLINICA\system\Model.php(772): CodeIgniter\Database\BaseBuilder->get()
#5 C:\xampp\htdocs\SISTEMA_CLINICA\app\Controllers\AccountData.php(32): CodeIgniter\Model->__call('get', Array)
#6 C:\xampp\htdocs\SISTEMA_CLINICA\system\CodeIgniter.php(904): App\Controllers\AccountData->index()
#7 C:\xampp\htdocs\SISTEMA_CLINICA\system\CodeIgniter.php(457): CodeIgniter\CodeIgniter->runController(Object(App\Controllers\AccountData))
#8 C:\xampp\htdocs\SISTEMA_CLINICA\system\CodeIgniter.php(340): CodeIgniter\CodeIgniter->handleRequest(NULL, Object(Config\Cache), false)
#9 C:\xampp\htdocs\SISTEMA_CLINICA\index.php(68): CodeIgniter\CodeIgniter->run()
#10 {main}
CRITICAL - 2022-12-04 17:41:08 --> Undefined variable $Op_queue
in APPPATH\Views\template\cuenta.php on line 66.
 1 APPPATH\Views\template\cuenta.php(66): CodeIgniter\Debug\Exceptions->errorHandler(2, 'Undefined variable $Op_queue', 'APPPATH\\Views\\template\\cuenta.php', 66)
 2 SYSTEMPATH\View\View.php(213): include('APPPATH\\Views\\template\\cuenta.php')
 3 SYSTEMPATH\View\View.php(216): CodeIgniter\View\View->CodeIgniter\View\{closure}()
 4 SYSTEMPATH\Common.php(1142): CodeIgniter\View\View->render('template\\cuenta', [], true)
 5 APPPATH\Controllers\AccountData.php(40): view('template\\cuenta', [...])
 6 SYSTEMPATH\CodeIgniter.php(904): App\Controllers\AccountData->index()
 7 SYSTEMPATH\CodeIgniter.php(457): CodeIgniter\CodeIgniter->runController(Object(App\Controllers\AccountData))
 8 SYSTEMPATH\CodeIgniter.php(340): CodeIgniter\CodeIgniter->handleRequest(null, Object(Config\Cache), false)
 9 FCPATH\index.php(68): CodeIgniter\CodeIgniter->run()
ERROR - 2022-12-04 17:41:19 --> mysqli_sql_exception: You have an error in your SQL syntax; check the manual that corresponds to your MariaDB server version for the right syntax to use near 'AS `conteo`) AS `Op_queue AS conteo`
FROM `operacion`
WHERE `Per_cod` = '100'...' at line 1 in C:\xampp\htdocs\SISTEMA_CLINICA\system\Database\MySQLi\Connection.php:292
Stack trace:
#0 C:\xampp\htdocs\SISTEMA_CLINICA\system\Database\MySQLi\Connection.php(292): mysqli->query('SELECT COUNT(`O...', 0)
#1 C:\xampp\htdocs\SISTEMA_CLINICA\system\Database\BaseConnection.php(693): CodeIgniter\Database\MySQLi\Connection->execute('SELECT COUNT(`O...')
#2 C:\xampp\htdocs\SISTEMA_CLINICA\system\Database\BaseConnection.php(620): CodeIgniter\Database\BaseConnection->simpleQuery('SELECT COUNT(`O...')
#3 C:\xampp\htdocs\SISTEMA_CLINICA\system\Database\BaseBuilder.php(1585): CodeIgniter\Database\BaseConnection->query('SELECT COUNT(`O...', Array, false)
#4 C:\xampp\htdocs\SISTEMA_CLINICA\system\Model.php(772): CodeIgniter\Database\BaseBuilder->get()
#5 C:\xampp\htdocs\SISTEMA_CLINICA\app\Controllers\AccountData.php(32): CodeIgniter\Model->__call('get', Array)
#6 C:\xampp\htdocs\SISTEMA_CLINICA\system\CodeIgniter.php(904): App\Controllers\AccountData->index()
#7 C:\xampp\htdocs\SISTEMA_CLINICA\system\CodeIgniter.php(457): CodeIgniter\CodeIgniter->runController(Object(App\Controllers\AccountData))
#8 C:\xampp\htdocs\SISTEMA_CLINICA\system\CodeIgniter.php(340): CodeIgniter\CodeIgniter->handleRequest(NULL, Object(Config\Cache), false)
#9 C:\xampp\htdocs\SISTEMA_CLINICA\index.php(68): CodeIgniter\CodeIgniter->run()
#10 {main}
CRITICAL - 2022-12-04 17:41:19 --> Undefined variable $Op_queue
in APPPATH\Views\template\cuenta.php on line 66.
 1 APPPATH\Views\template\cuenta.php(66): CodeIgniter\Debug\Exceptions->errorHandler(2, 'Undefined variable $Op_queue', 'APPPATH\\Views\\template\\cuenta.php', 66)
 2 SYSTEMPATH\View\View.php(213): include('APPPATH\\Views\\template\\cuenta.php')
 3 SYSTEMPATH\View\View.php(216): CodeIgniter\View\View->CodeIgniter\View\{closure}()
 4 SYSTEMPATH\Common.php(1142): CodeIgniter\View\View->render('template\\cuenta', [], true)
 5 APPPATH\Controllers\AccountData.php(41): view('template\\cuenta', [...])
 6 SYSTEMPATH\CodeIgniter.php(904): App\Controllers\AccountData->index()
 7 SYSTEMPATH\CodeIgniter.php(457): CodeIgniter\CodeIgniter->runController(Object(App\Controllers\AccountData))
 8 SYSTEMPATH\CodeIgniter.php(340): CodeIgniter\CodeIgniter->handleRequest(null, Object(Config\Cache), false)
 9 FCPATH\index.php(68): CodeIgniter\CodeIgniter->run()
CRITICAL - 2022-12-04 17:41:22 --> Object of class CodeIgniter\Database\MySQLi\Result could not be converted to string
in APPPATH\Controllers\AccountData.php on line 33.
 1 SYSTEMPATH\CodeIgniter.php(904): App\Controllers\AccountData->index()
 2 SYSTEMPATH\CodeIgniter.php(457): CodeIgniter\CodeIgniter->runController(Object(App\Controllers\AccountData))
 3 SYSTEMPATH\CodeIgniter.php(340): CodeIgniter\CodeIgniter->handleRequest(null, Object(Config\Cache), false)
 4 FCPATH\index.php(68): CodeIgniter\CodeIgniter->run()
CRITICAL - 2022-12-04 17:41:31 --> Undefined variable $Op_queue
in APPPATH\Views\template\cuenta.php on line 66.
 1 APPPATH\Views\template\cuenta.php(66): CodeIgniter\Debug\Exceptions->errorHandler(2, 'Undefined variable $Op_queue', 'APPPATH\\Views\\template\\cuenta.php', 66)
 2 SYSTEMPATH\View\View.php(213): include('APPPATH\\Views\\template\\cuenta.php')
 3 SYSTEMPATH\View\View.php(216): CodeIgniter\View\View->CodeIgniter\View\{closure}()
 4 SYSTEMPATH\Common.php(1142): CodeIgniter\View\View->render('template\\cuenta', [], true)
 5 APPPATH\Controllers\AccountData.php(40): view('template\\cuenta', [...])
 6 SYSTEMPATH\CodeIgniter.php(904): App\Controllers\AccountData->index()
 7 SYSTEMPATH\CodeIgniter.php(457): CodeIgniter\CodeIgniter->runController(Object(App\Controllers\AccountData))
 8 SYSTEMPATH\CodeIgniter.php(340): CodeIgniter\CodeIgniter->handleRequest(null, Object(Config\Cache), false)
 9 FCPATH\index.php(68): CodeIgniter\CodeIgniter->run()
CRITICAL - 2022-12-04 17:42:38 --> Undefined variable $Op_queue
in APPPATH\Views\template\cuenta.php on line 66.
 1 APPPATH\Views\template\cuenta.php(66): CodeIgniter\Debug\Exceptions->errorHandler(2, 'Undefined variable $Op_queue', 'APPPATH\\Views\\template\\cuenta.php', 66)
 2 SYSTEMPATH\View\View.php(213): include('APPPATH\\Views\\template\\cuenta.php')
 3 SYSTEMPATH\View\View.php(216): CodeIgniter\View\View->CodeIgniter\View\{closure}()
 4 SYSTEMPATH\Common.php(1142): CodeIgniter\View\View->render('template\\cuenta', [], true)
 5 APPPATH\Controllers\AccountData.php(40): view('template\\cuenta', [...])
 6 SYSTEMPATH\CodeIgniter.php(904): App\Controllers\AccountData->index()
 7 SYSTEMPATH\CodeIgniter.php(457): CodeIgniter\CodeIgniter->runController(Object(App\Controllers\AccountData))
 8 SYSTEMPATH\CodeIgniter.php(340): CodeIgniter\CodeIgniter->handleRequest(null, Object(Config\Cache), false)
 9 FCPATH\index.php(68): CodeIgniter\CodeIgniter->run()
CRITICAL - 2022-12-04 17:42:50 --> Undefined variable $Op_queue
in APPPATH\Views\template\cuenta.php on line 66.
 1 APPPATH\Views\template\cuenta.php(66): CodeIgniter\Debug\Exceptions->errorHandler(2, 'Undefined variable $Op_queue', 'APPPATH\\Views\\template\\cuenta.php', 66)
 2 SYSTEMPATH\View\View.php(213): include('APPPATH\\Views\\template\\cuenta.php')
 3 SYSTEMPATH\View\View.php(216): CodeIgniter\View\View->CodeIgniter\View\{closure}()
 4 SYSTEMPATH\Common.php(1142): CodeIgniter\View\View->render('template\\cuenta', [], true)
 5 APPPATH\Controllers\AccountData.php(40): view('template\\cuenta', [...])
 6 SYSTEMPATH\CodeIgniter.php(904): App\Controllers\AccountData->index()
 7 SYSTEMPATH\CodeIgniter.php(457): CodeIgniter\CodeIgniter->runController(Object(App\Controllers\AccountData))
 8 SYSTEMPATH\CodeIgniter.php(340): CodeIgniter\CodeIgniter->handleRequest(null, Object(Config\Cache), false)
 9 FCPATH\index.php(68): CodeIgniter\CodeIgniter->run()
CRITICAL - 2022-12-04 17:43:04 --> Undefined variable $Op_queue
in APPPATH\Views\template\cuenta.php on line 66.
 1 APPPATH\Views\template\cuenta.php(66): CodeIgniter\Debug\Exceptions->errorHandler(2, 'Undefined variable $Op_queue', 'APPPATH\\Views\\template\\cuenta.php', 66)
 2 SYSTEMPATH\View\View.php(213): include('APPPATH\\Views\\template\\cuenta.php')
 3 SYSTEMPATH\View\View.php(216): CodeIgniter\View\View->CodeIgniter\View\{closure}()
 4 SYSTEMPATH\Common.php(1142): CodeIgniter\View\View->render('template\\cuenta', [], true)
 5 APPPATH\Controllers\AccountData.php(40): view('template\\cuenta', [...])
 6 SYSTEMPATH\CodeIgniter.php(904): App\Controllers\AccountData->index()
 7 SYSTEMPATH\CodeIgniter.php(457): CodeIgniter\CodeIgniter->runController(Object(App\Controllers\AccountData))
 8 SYSTEMPATH\CodeIgniter.php(340): CodeIgniter\CodeIgniter->handleRequest(null, Object(Config\Cache), false)
 9 FCPATH\index.php(68): CodeIgniter\CodeIgniter->run()
CRITICAL - 2022-12-04 17:43:51 --> Undefined variable $Op_queue
in APPPATH\Views\template\cuenta.php on line 66.
 1 APPPATH\Views\template\cuenta.php(66): CodeIgniter\Debug\Exceptions->errorHandler(2, 'Undefined variable $Op_queue', 'APPPATH\\Views\\template\\cuenta.php', 66)
 2 SYSTEMPATH\View\View.php(213): include('APPPATH\\Views\\template\\cuenta.php')
 3 SYSTEMPATH\View\View.php(216): CodeIgniter\View\View->CodeIgniter\View\{closure}()
 4 SYSTEMPATH\Common.php(1142): CodeIgniter\View\View->render('template\\cuenta', [], true)
 5 APPPATH\Controllers\AccountData.php(40): view('template\\cuenta', [...])
 6 SYSTEMPATH\CodeIgniter.php(904): App\Controllers\AccountData->index()
 7 SYSTEMPATH\CodeIgniter.php(457): CodeIgniter\CodeIgniter->runController(Object(App\Controllers\AccountData))
 8 SYSTEMPATH\CodeIgniter.php(340): CodeIgniter\CodeIgniter->handleRequest(null, Object(Config\Cache), false)
 9 FCPATH\index.php(68): CodeIgniter\CodeIgniter->run()
CRITICAL - 2022-12-04 17:43:53 --> Undefined variable $Op_queue
in APPPATH\Views\template\cuenta.php on line 66.
 1 APPPATH\Views\template\cuenta.php(66): CodeIgniter\Debug\Exceptions->errorHandler(2, 'Undefined variable $Op_queue', 'APPPATH\\Views\\template\\cuenta.php', 66)
 2 SYSTEMPATH\View\View.php(213): include('APPPATH\\Views\\template\\cuenta.php')
 3 SYSTEMPATH\View\View.php(216): CodeIgniter\View\View->CodeIgniter\View\{closure}()
 4 SYSTEMPATH\Common.php(1142): CodeIgniter\View\View->render('template\\cuenta', [], true)
 5 APPPATH\Controllers\AccountData.php(40): view('template\\cuenta', [...])
 6 SYSTEMPATH\CodeIgniter.php(904): App\Controllers\AccountData->index()
 7 SYSTEMPATH\CodeIgniter.php(457): CodeIgniter\CodeIgniter->runController(Object(App\Controllers\AccountData))
 8 SYSTEMPATH\CodeIgniter.php(340): CodeIgniter\CodeIgniter->handleRequest(null, Object(Config\Cache), false)
 9 FCPATH\index.php(68): CodeIgniter\CodeIgniter->run()
CRITICAL - 2022-12-04 17:45:01 --> Undefined variable $Op_queue
in APPPATH\Views\template\cuenta.php on line 66.
 1 APPPATH\Views\template\cuenta.php(66): CodeIgniter\Debug\Exceptions->errorHandler(2, 'Undefined variable $Op_queue', 'APPPATH\\Views\\template\\cuenta.php', 66)
 2 SYSTEMPATH\View\View.php(213): include('APPPATH\\Views\\template\\cuenta.php')
 3 SYSTEMPATH\View\View.php(216): CodeIgniter\View\View->CodeIgniter\View\{closure}()
 4 SYSTEMPATH\Common.php(1142): CodeIgniter\View\View->render('template\\cuenta', [], true)
 5 APPPATH\Controllers\AccountData.php(40): view('template\\cuenta', [...])
 6 SYSTEMPATH\CodeIgniter.php(904): App\Controllers\AccountData->index()
 7 SYSTEMPATH\CodeIgniter.php(457): CodeIgniter\CodeIgniter->runController(Object(App\Controllers\AccountData))
 8 SYSTEMPATH\CodeIgniter.php(340): CodeIgniter\CodeIgniter->handleRequest(null, Object(Config\Cache), false)
 9 FCPATH\index.php(68): CodeIgniter\CodeIgniter->run()
CRITICAL - 2022-12-04 17:45:10 --> Undefined variable $Op_queue
in APPPATH\Views\template\cuenta.php on line 66.
 1 APPPATH\Views\template\cuenta.php(66): CodeIgniter\Debug\Exceptions->errorHandler(2, 'Undefined variable $Op_queue', 'APPPATH\\Views\\template\\cuenta.php', 66)
 2 SYSTEMPATH\View\View.php(213): include('APPPATH\\Views\\template\\cuenta.php')
 3 SYSTEMPATH\View\View.php(216): CodeIgniter\View\View->CodeIgniter\View\{closure}()
 4 SYSTEMPATH\Common.php(1142): CodeIgniter\View\View->render('template\\cuenta', [], true)
 5 APPPATH\Controllers\AccountData.php(39): view('template\\cuenta', [...])
 6 SYSTEMPATH\CodeIgniter.php(904): App\Controllers\AccountData->index()
 7 SYSTEMPATH\CodeIgniter.php(457): CodeIgniter\CodeIgniter->runController(Object(App\Controllers\AccountData))
 8 SYSTEMPATH\CodeIgniter.php(340): CodeIgniter\CodeIgniter->handleRequest(null, Object(Config\Cache), false)
 9 FCPATH\index.php(68): CodeIgniter\CodeIgniter->run()
CRITICAL - 2022-12-04 17:45:31 --> Cannot use a scalar value as an array
in APPPATH\Controllers\AccountData.php on line 33.
 1 SYSTEMPATH\CodeIgniter.php(904): App\Controllers\AccountData->index()
 2 SYSTEMPATH\CodeIgniter.php(457): CodeIgniter\CodeIgniter->runController(Object(App\Controllers\AccountData))
 3 SYSTEMPATH\CodeIgniter.php(340): CodeIgniter\CodeIgniter->handleRequest(null, Object(Config\Cache), false)
 4 FCPATH\index.php(68): CodeIgniter\CodeIgniter->run()
CRITICAL - 2022-12-04 17:45:59 --> array_merge(): Argument #2 must be of type array, int given
in APPPATH\Controllers\AccountData.php on line 34.
 1 APPPATH\Controllers\AccountData.php(34): array_merge([...], 1)
 2 SYSTEMPATH\CodeIgniter.php(904): App\Controllers\AccountData->index()
 3 SYSTEMPATH\CodeIgniter.php(457): CodeIgniter\CodeIgniter->runController(Object(App\Controllers\AccountData))
 4 SYSTEMPATH\CodeIgniter.php(340): CodeIgniter\CodeIgniter->handleRequest(null, Object(Config\Cache), false)
 5 FCPATH\index.php(68): CodeIgniter\CodeIgniter->run()
