CRITICAL - 2022-11-05 09:57:23 --> Trying to access array offset on value of type null
in APPPATH\Controllers\SigninController.php on line 34.
 1 APPPATH\Controllers\SigninController.php(34): CodeIgniter\Debug\Exceptions->errorHandler(2, 'Trying to access array offset on value of type null', 'APPPATH\\Controllers\\SigninController.php', 34)
 2 SYSTEMPATH\CodeIgniter.php(904): App\Controllers\SigninController->loginAuth()
 3 SYSTEMPATH\CodeIgniter.php(457): CodeIgniter\CodeIgniter->runController(Object(App\Controllers\SigninController))
 4 SYSTEMPATH\CodeIgniter.php(340): CodeIgniter\CodeIgniter->handleRequest(null, Object(Config\Cache), false)
 5 FCPATH\index.php(68): CodeIgniter\CodeIgniter->run()
CRITICAL - 2022-11-05 10:02:05 --> There is no primary key defined when trying to make insert.
in SYSTEMPATH\Model.php on line 269.
 1 SYSTEMPATH\Model.php(269): CodeIgniter\Database\Exceptions\DataException::forEmptyPrimaryKey('insert')
 2 SYSTEMPATH\BaseModel.php(738): CodeIgniter\Model->doInsert([...])
 3 SYSTEMPATH\Model.php(667): CodeIgniter\BaseModel->insert([...], true)
 4 APPPATH\Controllers\FormaControlador.php(121): CodeIgniter\Model->insert([...])
 5 SYSTEMPATH\CodeIgniter.php(904): App\Controllers\FormaControlador->insertarPersonal()
 6 SYSTEMPATH\CodeIgniter.php(457): CodeIgniter\CodeIgniter->runController(Object(App\Controllers\FormaControlador))
 7 SYSTEMPATH\CodeIgniter.php(340): CodeIgniter\CodeIgniter->handleRequest(null, Object(Config\Cache), false)
 8 FCPATH\index.php(68): CodeIgniter\CodeIgniter->run()
CRITICAL - 2022-11-05 11:29:36 --> syntax error, unexpected integer "2"
in APPPATH\Views\template\navbar.php on line 28.
 1 SYSTEMPATH\View\View.php(216): CodeIgniter\View\View->CodeIgniter\View\{closure}()
 2 SYSTEMPATH\Common.php(1142): CodeIgniter\View\View->render('template\\navbar', [], true)
 3 APPPATH\Controllers\AccountData.php(23): view('template\\navbar', [...])
 4 SYSTEMPATH\CodeIgniter.php(904): App\Controllers\AccountData->index()
 5 SYSTEMPATH\CodeIgniter.php(457): CodeIgniter\CodeIgniter->runController(Object(App\Controllers\AccountData))
 6 SYSTEMPATH\CodeIgniter.php(340): CodeIgniter\CodeIgniter->handleRequest(null, Object(Config\Cache), false)
 7 FCPATH\index.php(68): CodeIgniter\CodeIgniter->run()
ERROR - 2022-11-05 11:34:55 --> mysqli_sql_exception: Duplicate entry '0' for key 'PRIMARY' in C:\xampp\htdocs\SISTEMA_CLINICA\system\Database\MySQLi\Connection.php:292
Stack trace:
#0 C:\xampp\htdocs\SISTEMA_CLINICA\system\Database\MySQLi\Connection.php(292): mysqli->query('INSERT INTO `pe...', 0)
#1 C:\xampp\htdocs\SISTEMA_CLINICA\system\Database\BaseConnection.php(693): CodeIgniter\Database\MySQLi\Connection->execute('INSERT INTO `pe...')
#2 C:\xampp\htdocs\SISTEMA_CLINICA\system\Database\BaseConnection.php(620): CodeIgniter\Database\BaseConnection->simpleQuery('INSERT INTO `pe...')
#3 C:\xampp\htdocs\SISTEMA_CLINICA\system\Database\BaseBuilder.php(1916): CodeIgniter\Database\BaseConnection->query('INSERT INTO `pe...', Array, false)
#4 C:\xampp\htdocs\SISTEMA_CLINICA\system\Model.php(279): CodeIgniter\Database\BaseBuilder->insert()
#5 C:\xampp\htdocs\SISTEMA_CLINICA\system\BaseModel.php(738): CodeIgniter\Model->doInsert(Array)
#6 C:\xampp\htdocs\SISTEMA_CLINICA\system\Model.php(667): CodeIgniter\BaseModel->insert(Array, true)
#7 C:\xampp\htdocs\SISTEMA_CLINICA\app\Controllers\FormaControlador.php(118): CodeIgniter\Model->insert(Array)
#8 C:\xampp\htdocs\SISTEMA_CLINICA\system\CodeIgniter.php(904): App\Controllers\FormaControlador->insertarPersonal()
#9 C:\xampp\htdocs\SISTEMA_CLINICA\system\CodeIgniter.php(457): CodeIgniter\CodeIgniter->runController(Object(App\Controllers\FormaControlador))
#10 C:\xampp\htdocs\SISTEMA_CLINICA\system\CodeIgniter.php(340): CodeIgniter\CodeIgniter->handleRequest(NULL, Object(Config\Cache), false)
#11 C:\xampp\htdocs\SISTEMA_CLINICA\index.php(68): CodeIgniter\CodeIgniter->run()
#12 {main}
ERROR - 2022-11-05 11:35:34 --> mysqli_sql_exception: Duplicate entry '0' for key 'PRIMARY' in C:\xampp\htdocs\SISTEMA_CLINICA\system\Database\MySQLi\Connection.php:292
Stack trace:
#0 C:\xampp\htdocs\SISTEMA_CLINICA\system\Database\MySQLi\Connection.php(292): mysqli->query('INSERT INTO `pe...', 0)
#1 C:\xampp\htdocs\SISTEMA_CLINICA\system\Database\BaseConnection.php(693): CodeIgniter\Database\MySQLi\Connection->execute('INSERT INTO `pe...')
#2 C:\xampp\htdocs\SISTEMA_CLINICA\system\Database\BaseConnection.php(620): CodeIgniter\Database\BaseConnection->simpleQuery('INSERT INTO `pe...')
#3 C:\xampp\htdocs\SISTEMA_CLINICA\system\Database\BaseBuilder.php(1916): CodeIgniter\Database\BaseConnection->query('INSERT INTO `pe...', Array, false)
#4 C:\xampp\htdocs\SISTEMA_CLINICA\system\Model.php(279): CodeIgniter\Database\BaseBuilder->insert()
#5 C:\xampp\htdocs\SISTEMA_CLINICA\system\BaseModel.php(738): CodeIgniter\Model->doInsert(Array)
#6 C:\xampp\htdocs\SISTEMA_CLINICA\system\Model.php(667): CodeIgniter\BaseModel->insert(Array, true)
#7 C:\xampp\htdocs\SISTEMA_CLINICA\app\Controllers\FormaControlador.php(118): CodeIgniter\Model->insert(Array)
#8 C:\xampp\htdocs\SISTEMA_CLINICA\system\CodeIgniter.php(904): App\Controllers\FormaControlador->insertarPersonal()
#9 C:\xampp\htdocs\SISTEMA_CLINICA\system\CodeIgniter.php(457): CodeIgniter\CodeIgniter->runController(Object(App\Controllers\FormaControlador))
#10 C:\xampp\htdocs\SISTEMA_CLINICA\system\CodeIgniter.php(340): CodeIgniter\CodeIgniter->handleRequest(NULL, Object(Config\Cache), false)
#11 C:\xampp\htdocs\SISTEMA_CLINICA\index.php(68): CodeIgniter\CodeIgniter->run()
#12 {main}
ERROR - 2022-11-05 11:35:42 --> mysqli_sql_exception: Duplicate entry '0' for key 'PRIMARY' in C:\xampp\htdocs\SISTEMA_CLINICA\system\Database\MySQLi\Connection.php:292
Stack trace:
#0 C:\xampp\htdocs\SISTEMA_CLINICA\system\Database\MySQLi\Connection.php(292): mysqli->query('INSERT INTO `pe...', 0)
#1 C:\xampp\htdocs\SISTEMA_CLINICA\system\Database\BaseConnection.php(693): CodeIgniter\Database\MySQLi\Connection->execute('INSERT INTO `pe...')
#2 C:\xampp\htdocs\SISTEMA_CLINICA\system\Database\BaseConnection.php(620): CodeIgniter\Database\BaseConnection->simpleQuery('INSERT INTO `pe...')
#3 C:\xampp\htdocs\SISTEMA_CLINICA\system\Database\BaseBuilder.php(1916): CodeIgniter\Database\BaseConnection->query('INSERT INTO `pe...', Array, false)
#4 C:\xampp\htdocs\SISTEMA_CLINICA\system\Model.php(279): CodeIgniter\Database\BaseBuilder->insert()
#5 C:\xampp\htdocs\SISTEMA_CLINICA\system\BaseModel.php(738): CodeIgniter\Model->doInsert(Array)
#6 C:\xampp\htdocs\SISTEMA_CLINICA\system\Model.php(667): CodeIgniter\BaseModel->insert(Array, true)
#7 C:\xampp\htdocs\SISTEMA_CLINICA\app\Controllers\FormaControlador.php(118): CodeIgniter\Model->insert(Array)
#8 C:\xampp\htdocs\SISTEMA_CLINICA\system\CodeIgniter.php(904): App\Controllers\FormaControlador->insertarPersonal()
#9 C:\xampp\htdocs\SISTEMA_CLINICA\system\CodeIgniter.php(457): CodeIgniter\CodeIgniter->runController(Object(App\Controllers\FormaControlador))
#10 C:\xampp\htdocs\SISTEMA_CLINICA\system\CodeIgniter.php(340): CodeIgniter\CodeIgniter->handleRequest(NULL, Object(Config\Cache), false)
#11 C:\xampp\htdocs\SISTEMA_CLINICA\index.php(68): CodeIgniter\CodeIgniter->run()
#12 {main}
