CRITICAL - 2022-11-28 08:41:30 --> Undefined variable $Per_actions
in APPPATH\Views\template\cuenta.php on line 55.
 1 APPPATH\Views\template\cuenta.php(55): CodeIgniter\Debug\Exceptions->errorHandler(2, 'Undefined variable $Per_actions', 'APPPATH\\Views\\template\\cuenta.php', 55)
 2 SYSTEMPATH\View\View.php(213): include('APPPATH\\Views\\template\\cuenta.php')
 3 SYSTEMPATH\View\View.php(216): CodeIgniter\View\View->CodeIgniter\View\{closure}()
 4 SYSTEMPATH\Common.php(1142): CodeIgniter\View\View->render('template\\cuenta', [...], true)
 5 APPPATH\Controllers\AccountData.php(28): view('template\\cuenta', [...], [...])
 6 SYSTEMPATH\CodeIgniter.php(904): App\Controllers\AccountData->index()
 7 SYSTEMPATH\CodeIgniter.php(457): CodeIgniter\CodeIgniter->runController(Object(App\Controllers\AccountData))
 8 SYSTEMPATH\CodeIgniter.php(340): CodeIgniter\CodeIgniter->handleRequest(null, Object(Config\Cache), false)
 9 FCPATH\index.php(68): CodeIgniter\CodeIgniter->run()
CRITICAL - 2022-11-28 08:42:00 --> Undefined variable $user
in APPPATH\Views\template\cuenta.php on line 55.
 1 APPPATH\Views\template\cuenta.php(55): CodeIgniter\Debug\Exceptions->errorHandler(2, 'Undefined variable $user', 'APPPATH\\Views\\template\\cuenta.php', 55)
 2 SYSTEMPATH\View\View.php(213): include('APPPATH\\Views\\template\\cuenta.php')
 3 SYSTEMPATH\View\View.php(216): CodeIgniter\View\View->CodeIgniter\View\{closure}()
 4 SYSTEMPATH\Common.php(1142): CodeIgniter\View\View->render('template\\cuenta', [...], true)
 5 APPPATH\Controllers\AccountData.php(28): view('template\\cuenta', [...], [...])
 6 SYSTEMPATH\CodeIgniter.php(904): App\Controllers\AccountData->index()
 7 SYSTEMPATH\CodeIgniter.php(457): CodeIgniter\CodeIgniter->runController(Object(App\Controllers\AccountData))
 8 SYSTEMPATH\CodeIgniter.php(340): CodeIgniter\CodeIgniter->handleRequest(null, Object(Config\Cache), false)
 9 FCPATH\index.php(68): CodeIgniter\CodeIgniter->run()
CRITICAL - 2022-11-28 08:42:13 --> Undefined variable $user
in APPPATH\Views\template\cuenta.php on line 55.
 1 APPPATH\Views\template\cuenta.php(55): CodeIgniter\Debug\Exceptions->errorHandler(2, 'Undefined variable $user', 'APPPATH\\Views\\template\\cuenta.php', 55)
 2 SYSTEMPATH\View\View.php(213): include('APPPATH\\Views\\template\\cuenta.php')
 3 SYSTEMPATH\View\View.php(216): CodeIgniter\View\View->CodeIgniter\View\{closure}()
 4 SYSTEMPATH\Common.php(1142): CodeIgniter\View\View->render('template\\cuenta', [...], true)
 5 APPPATH\Controllers\AccountData.php(28): view('template\\cuenta', [...], [...])
 6 SYSTEMPATH\CodeIgniter.php(904): App\Controllers\AccountData->index()
 7 SYSTEMPATH\CodeIgniter.php(457): CodeIgniter\CodeIgniter->runController(Object(App\Controllers\AccountData))
 8 SYSTEMPATH\CodeIgniter.php(340): CodeIgniter\CodeIgniter->handleRequest(null, Object(Config\Cache), false)
 9 FCPATH\index.php(68): CodeIgniter\CodeIgniter->run()
CRITICAL - 2022-11-28 08:42:15 --> Undefined variable $user
in APPPATH\Views\template\cuenta.php on line 55.
 1 APPPATH\Views\template\cuenta.php(55): CodeIgniter\Debug\Exceptions->errorHandler(2, 'Undefined variable $user', 'APPPATH\\Views\\template\\cuenta.php', 55)
 2 SYSTEMPATH\View\View.php(213): include('APPPATH\\Views\\template\\cuenta.php')
 3 SYSTEMPATH\View\View.php(216): CodeIgniter\View\View->CodeIgniter\View\{closure}()
 4 SYSTEMPATH\Common.php(1142): CodeIgniter\View\View->render('template\\cuenta', [...], true)
 5 APPPATH\Controllers\AccountData.php(28): view('template\\cuenta', [...], [...])
 6 SYSTEMPATH\CodeIgniter.php(904): App\Controllers\AccountData->index()
 7 SYSTEMPATH\CodeIgniter.php(457): CodeIgniter\CodeIgniter->runController(Object(App\Controllers\AccountData))
 8 SYSTEMPATH\CodeIgniter.php(340): CodeIgniter\CodeIgniter->handleRequest(null, Object(Config\Cache), false)
 9 FCPATH\index.php(68): CodeIgniter\CodeIgniter->run()
CRITICAL - 2022-11-28 08:42:23 --> Undefined variable $user
in APPPATH\Views\template\cuenta.php on line 55.
 1 APPPATH\Views\template\cuenta.php(55): CodeIgniter\Debug\Exceptions->errorHandler(2, 'Undefined variable $user', 'APPPATH\\Views\\template\\cuenta.php', 55)
 2 SYSTEMPATH\View\View.php(213): include('APPPATH\\Views\\template\\cuenta.php')
 3 SYSTEMPATH\View\View.php(216): CodeIgniter\View\View->CodeIgniter\View\{closure}()
 4 SYSTEMPATH\Common.php(1142): CodeIgniter\View\View->render('template\\cuenta', [...], true)
 5 APPPATH\Controllers\AccountData.php(28): view('template\\cuenta', [...], [...])
 6 SYSTEMPATH\CodeIgniter.php(904): App\Controllers\AccountData->index()
 7 SYSTEMPATH\CodeIgniter.php(457): CodeIgniter\CodeIgniter->runController(Object(App\Controllers\AccountData))
 8 SYSTEMPATH\CodeIgniter.php(340): CodeIgniter\CodeIgniter->handleRequest(null, Object(Config\Cache), false)
 9 FCPATH\index.php(68): CodeIgniter\CodeIgniter->run()
CRITICAL - 2022-11-28 08:42:38 --> Undefined variable $user
in APPPATH\Views\template\cuenta.php on line 55.
 1 APPPATH\Views\template\cuenta.php(55): CodeIgniter\Debug\Exceptions->errorHandler(2, 'Undefined variable $user', 'APPPATH\\Views\\template\\cuenta.php', 55)
 2 SYSTEMPATH\View\View.php(213): include('APPPATH\\Views\\template\\cuenta.php')
 3 SYSTEMPATH\View\View.php(216): CodeIgniter\View\View->CodeIgniter\View\{closure}()
 4 SYSTEMPATH\Common.php(1142): CodeIgniter\View\View->render('template\\cuenta', [...], true)
 5 APPPATH\Controllers\AccountData.php(28): view('template\\cuenta', [...], [...])
 6 SYSTEMPATH\CodeIgniter.php(904): App\Controllers\AccountData->index()
 7 SYSTEMPATH\CodeIgniter.php(457): CodeIgniter\CodeIgniter->runController(Object(App\Controllers\AccountData))
 8 SYSTEMPATH\CodeIgniter.php(340): CodeIgniter\CodeIgniter->handleRequest(null, Object(Config\Cache), false)
 9 FCPATH\index.php(68): CodeIgniter\CodeIgniter->run()
CRITICAL - 2022-11-28 08:42:54 --> Undefined variable $user
in APPPATH\Views\template\cuenta.php on line 55.
 1 APPPATH\Views\template\cuenta.php(55): CodeIgniter\Debug\Exceptions->errorHandler(2, 'Undefined variable $user', 'APPPATH\\Views\\template\\cuenta.php', 55)
 2 SYSTEMPATH\View\View.php(213): include('APPPATH\\Views\\template\\cuenta.php')
 3 SYSTEMPATH\View\View.php(216): CodeIgniter\View\View->CodeIgniter\View\{closure}()
 4 SYSTEMPATH\Common.php(1142): CodeIgniter\View\View->render('template\\cuenta', [...], true)
 5 APPPATH\Controllers\AccountData.php(28): view('template\\cuenta', [...], [...])
 6 SYSTEMPATH\CodeIgniter.php(904): App\Controllers\AccountData->index()
 7 SYSTEMPATH\CodeIgniter.php(457): CodeIgniter\CodeIgniter->runController(Object(App\Controllers\AccountData))
 8 SYSTEMPATH\CodeIgniter.php(340): CodeIgniter\CodeIgniter->handleRequest(null, Object(Config\Cache), false)
 9 FCPATH\index.php(68): CodeIgniter\CodeIgniter->run()
CRITICAL - 2022-11-28 08:46:10 --> Undefined variable $user
in APPPATH\Views\template\cuenta.php on line 55.
 1 APPPATH\Views\template\cuenta.php(55): CodeIgniter\Debug\Exceptions->errorHandler(2, 'Undefined variable $user', 'APPPATH\\Views\\template\\cuenta.php', 55)
 2 SYSTEMPATH\View\View.php(213): include('APPPATH\\Views\\template\\cuenta.php')
 3 SYSTEMPATH\View\View.php(216): CodeIgniter\View\View->CodeIgniter\View\{closure}()
 4 SYSTEMPATH\Common.php(1142): CodeIgniter\View\View->render('template\\cuenta', [], true)
 5 APPPATH\Controllers\AccountData.php(29): view('template\\cuenta', [...])
 6 SYSTEMPATH\CodeIgniter.php(904): App\Controllers\AccountData->index()
 7 SYSTEMPATH\CodeIgniter.php(457): CodeIgniter\CodeIgniter->runController(Object(App\Controllers\AccountData))
 8 SYSTEMPATH\CodeIgniter.php(340): CodeIgniter\CodeIgniter->handleRequest(null, Object(Config\Cache), false)
 9 FCPATH\index.php(68): CodeIgniter\CodeIgniter->run()
CRITICAL - 2022-11-28 09:52:17 --> Undefined variable $file
in APPPATH\Views\template\cuenta.php on line 17.
 1 APPPATH\Views\template\cuenta.php(17): CodeIgniter\Debug\Exceptions->errorHandler(2, 'Undefined variable $file', 'APPPATH\\Views\\template\\cuenta.php', 17)
 2 SYSTEMPATH\View\View.php(213): include('APPPATH\\Views\\template\\cuenta.php')
 3 SYSTEMPATH\View\View.php(216): CodeIgniter\View\View->CodeIgniter\View\{closure}()
 4 SYSTEMPATH\Common.php(1142): CodeIgniter\View\View->render('template\\cuenta', [], true)
 5 APPPATH\Controllers\AccountData.php(29): view('template\\cuenta', [...])
 6 SYSTEMPATH\CodeIgniter.php(904): App\Controllers\AccountData->index()
 7 SYSTEMPATH\CodeIgniter.php(457): CodeIgniter\CodeIgniter->runController(Object(App\Controllers\AccountData))
 8 SYSTEMPATH\CodeIgniter.php(340): CodeIgniter\CodeIgniter->handleRequest(null, Object(Config\Cache), false)
 9 FCPATH\index.php(68): CodeIgniter\CodeIgniter->run()
CRITICAL - 2022-11-28 09:52:17 --> Undefined variable $file
in APPPATH\Views\template\cuenta.php on line 17.
 1 APPPATH\Views\template\cuenta.php(17): CodeIgniter\Debug\Exceptions->errorHandler(2, 'Undefined variable $file', 'APPPATH\\Views\\template\\cuenta.php', 17)
 2 SYSTEMPATH\View\View.php(213): include('APPPATH\\Views\\template\\cuenta.php')
 3 SYSTEMPATH\View\View.php(216): CodeIgniter\View\View->CodeIgniter\View\{closure}()
 4 SYSTEMPATH\Common.php(1142): CodeIgniter\View\View->render('template\\cuenta', [], true)
 5 APPPATH\Controllers\AccountData.php(29): view('template\\cuenta', [...])
 6 SYSTEMPATH\CodeIgniter.php(904): App\Controllers\AccountData->index()
 7 SYSTEMPATH\CodeIgniter.php(457): CodeIgniter\CodeIgniter->runController(Object(App\Controllers\AccountData))
 8 SYSTEMPATH\CodeIgniter.php(340): CodeIgniter\CodeIgniter->handleRequest(null, Object(Config\Cache), false)
 9 FCPATH\index.php(68): CodeIgniter\CodeIgniter->run()
CRITICAL - 2022-11-28 09:52:17 --> Undefined variable $file
in APPPATH\Views\template\cuenta.php on line 17.
 1 APPPATH\Views\template\cuenta.php(17): CodeIgniter\Debug\Exceptions->errorHandler(2, 'Undefined variable $file', 'APPPATH\\Views\\template\\cuenta.php', 17)
 2 SYSTEMPATH\View\View.php(213): include('APPPATH\\Views\\template\\cuenta.php')
 3 SYSTEMPATH\View\View.php(216): CodeIgniter\View\View->CodeIgniter\View\{closure}()
 4 SYSTEMPATH\Common.php(1142): CodeIgniter\View\View->render('template\\cuenta', [], true)
 5 APPPATH\Controllers\AccountData.php(29): view('template\\cuenta', [...])
 6 SYSTEMPATH\CodeIgniter.php(904): App\Controllers\AccountData->index()
 7 SYSTEMPATH\CodeIgniter.php(457): CodeIgniter\CodeIgniter->runController(Object(App\Controllers\AccountData))
 8 SYSTEMPATH\CodeIgniter.php(340): CodeIgniter\CodeIgniter->handleRequest(null, Object(Config\Cache), false)
 9 FCPATH\index.php(68): CodeIgniter\CodeIgniter->run()
