CRITICAL - 2022-12-06 12:01:50 --> Undefined array key "Op_detalle"
in APPPATH\Controllers\Home.php on line 482.
 1 APPPATH\Controllers\Home.php(482): CodeIgniter\Debug\Exceptions->errorHandler(2, 'Undefined array key "Op_detalle"', 'APPPATH\\Controllers\\Home.php', 482)
 2 SYSTEMPATH\CodeIgniter.php(904): App\Controllers\Home->operationSend()
 3 SYSTEMPATH\CodeIgniter.php(457): CodeIgniter\CodeIgniter->runController(Object(App\Controllers\Home))
 4 SYSTEMPATH\CodeIgniter.php(340): CodeIgniter\CodeIgniter->handleRequest(null, Object(Config\Cache), false)
 5 FCPATH\index.php(68): CodeIgniter\CodeIgniter->run()
CRITICAL - 2022-12-06 12:02:43 --> Undefined array key "Op_detalle"
in APPPATH\Controllers\Home.php on line 482.
 1 APPPATH\Controllers\Home.php(482): CodeIgniter\Debug\Exceptions->errorHandler(2, 'Undefined array key "Op_detalle"', 'APPPATH\\Controllers\\Home.php', 482)
 2 SYSTEMPATH\CodeIgniter.php(904): App\Controllers\Home->operationSend()
 3 SYSTEMPATH\CodeIgniter.php(457): CodeIgniter\CodeIgniter->runController(Object(App\Controllers\Home))
 4 SYSTEMPATH\CodeIgniter.php(340): CodeIgniter\CodeIgniter->handleRequest(null, Object(Config\Cache), false)
 5 FCPATH\index.php(68): CodeIgniter\CodeIgniter->run()
CRITICAL - 2022-12-06 12:02:46 --> Undefined array key "Op_detalle"
in APPPATH\Controllers\Home.php on line 482.
 1 APPPATH\Controllers\Home.php(482): CodeIgniter\Debug\Exceptions->errorHandler(2, 'Undefined array key "Op_detalle"', 'APPPATH\\Controllers\\Home.php', 482)
 2 SYSTEMPATH\CodeIgniter.php(904): App\Controllers\Home->operationSend()
 3 SYSTEMPATH\CodeIgniter.php(457): CodeIgniter\CodeIgniter->runController(Object(App\Controllers\Home))
 4 SYSTEMPATH\CodeIgniter.php(340): CodeIgniter\CodeIgniter->handleRequest(null, Object(Config\Cache), false)
 5 FCPATH\index.php(68): CodeIgniter\CodeIgniter->run()
CRITICAL - 2022-12-06 12:02:48 --> Undefined array key "Op_detalle"
in APPPATH\Controllers\Home.php on line 482.
 1 APPPATH\Controllers\Home.php(482): CodeIgniter\Debug\Exceptions->errorHandler(2, 'Undefined array key "Op_detalle"', 'APPPATH\\Controllers\\Home.php', 482)
 2 SYSTEMPATH\CodeIgniter.php(904): App\Controllers\Home->operationSend()
 3 SYSTEMPATH\CodeIgniter.php(457): CodeIgniter\CodeIgniter->runController(Object(App\Controllers\Home))
 4 SYSTEMPATH\CodeIgniter.php(340): CodeIgniter\CodeIgniter->handleRequest(null, Object(Config\Cache), false)
 5 FCPATH\index.php(68): CodeIgniter\CodeIgniter->run()
CRITICAL - 2022-12-06 12:05:05 --> Undefined array key "Op_detalle"
in APPPATH\Controllers\Home.php on line 482.
 1 APPPATH\Controllers\Home.php(482): CodeIgniter\Debug\Exceptions->errorHandler(2, 'Undefined array key "Op_detalle"', 'APPPATH\\Controllers\\Home.php', 482)
 2 SYSTEMPATH\CodeIgniter.php(904): App\Controllers\Home->operationSend()
 3 SYSTEMPATH\CodeIgniter.php(457): CodeIgniter\CodeIgniter->runController(Object(App\Controllers\Home))
 4 SYSTEMPATH\CodeIgniter.php(340): CodeIgniter\CodeIgniter->handleRequest(null, Object(Config\Cache), false)
 5 FCPATH\index.php(68): CodeIgniter\CodeIgniter->run()
CRITICAL - 2022-12-06 12:05:13 --> Undefined array key "Op_detalle"
in APPPATH\Controllers\Home.php on line 482.
 1 APPPATH\Controllers\Home.php(482): CodeIgniter\Debug\Exceptions->errorHandler(2, 'Undefined array key "Op_detalle"', 'APPPATH\\Controllers\\Home.php', 482)
 2 SYSTEMPATH\CodeIgniter.php(904): App\Controllers\Home->operationSend()
 3 SYSTEMPATH\CodeIgniter.php(457): CodeIgniter\CodeIgniter->runController(Object(App\Controllers\Home))
 4 SYSTEMPATH\CodeIgniter.php(340): CodeIgniter\CodeIgniter->handleRequest(null, Object(Config\Cache), false)
 5 FCPATH\index.php(68): CodeIgniter\CodeIgniter->run()
CRITICAL - 2022-12-06 12:05:17 --> Undefined array key "Op_detalle"
in APPPATH\Controllers\Home.php on line 482.
 1 APPPATH\Controllers\Home.php(482): CodeIgniter\Debug\Exceptions->errorHandler(2, 'Undefined array key "Op_detalle"', 'APPPATH\\Controllers\\Home.php', 482)
 2 SYSTEMPATH\CodeIgniter.php(904): App\Controllers\Home->operationSend()
 3 SYSTEMPATH\CodeIgniter.php(457): CodeIgniter\CodeIgniter->runController(Object(App\Controllers\Home))
 4 SYSTEMPATH\CodeIgniter.php(340): CodeIgniter\CodeIgniter->handleRequest(null, Object(Config\Cache), false)
 5 FCPATH\index.php(68): CodeIgniter\CodeIgniter->run()
CRITICAL - 2022-12-06 12:07:43 --> Undefined array key "Op_detalle"
in APPPATH\Controllers\Home.php on line 482.
 1 APPPATH\Controllers\Home.php(482): CodeIgniter\Debug\Exceptions->errorHandler(2, 'Undefined array key "Op_detalle"', 'APPPATH\\Controllers\\Home.php', 482)
 2 SYSTEMPATH\CodeIgniter.php(904): App\Controllers\Home->operationSend()
 3 SYSTEMPATH\CodeIgniter.php(457): CodeIgniter\CodeIgniter->runController(Object(App\Controllers\Home))
 4 SYSTEMPATH\CodeIgniter.php(340): CodeIgniter\CodeIgniter->handleRequest(null, Object(Config\Cache), false)
 5 FCPATH\index.php(68): CodeIgniter\CodeIgniter->run()
CRITICAL - 2022-12-06 12:11:19 --> Undefined array key "Op_detalle"
in APPPATH\Controllers\Home.php on line 482.
 1 APPPATH\Controllers\Home.php(482): CodeIgniter\Debug\Exceptions->errorHandler(2, 'Undefined array key "Op_detalle"', 'APPPATH\\Controllers\\Home.php', 482)
 2 SYSTEMPATH\CodeIgniter.php(904): App\Controllers\Home->operationSend()
 3 SYSTEMPATH\CodeIgniter.php(457): CodeIgniter\CodeIgniter->runController(Object(App\Controllers\Home))
 4 SYSTEMPATH\CodeIgniter.php(340): CodeIgniter\CodeIgniter->handleRequest(null, Object(Config\Cache), false)
 5 FCPATH\index.php(68): CodeIgniter\CodeIgniter->run()
CRITICAL - 2022-12-06 12:13:25 --> Undefined array key "Op_detalle"
in APPPATH\Controllers\Home.php on line 482.
 1 APPPATH\Controllers\Home.php(482): CodeIgniter\Debug\Exceptions->errorHandler(2, 'Undefined array key "Op_detalle"', 'APPPATH\\Controllers\\Home.php', 482)
 2 SYSTEMPATH\CodeIgniter.php(904): App\Controllers\Home->operationSend()
 3 SYSTEMPATH\CodeIgniter.php(457): CodeIgniter\CodeIgniter->runController(Object(App\Controllers\Home))
 4 SYSTEMPATH\CodeIgniter.php(340): CodeIgniter\CodeIgniter->handleRequest(null, Object(Config\Cache), false)
 5 FCPATH\index.php(68): CodeIgniter\CodeIgniter->run()
CRITICAL - 2022-12-06 12:13:58 --> Undefined array key "Per_email"
in APPPATH\Controllers\AccountData.php on line 139.
 1 APPPATH\Controllers\AccountData.php(139): CodeIgniter\Debug\Exceptions->errorHandler(2, 'Undefined array key "Per_email"', 'APPPATH\\Controllers\\AccountData.php', 139)
 2 SYSTEMPATH\CodeIgniter.php(904): App\Controllers\AccountData->changeEmail()
 3 SYSTEMPATH\CodeIgniter.php(457): CodeIgniter\CodeIgniter->runController(Object(App\Controllers\AccountData))
 4 SYSTEMPATH\CodeIgniter.php(340): CodeIgniter\CodeIgniter->handleRequest(null, Object(Config\Cache), false)
 5 FCPATH\index.php(68): CodeIgniter\CodeIgniter->run()
CRITICAL - 2022-12-06 12:16:17 --> Undefined array key "Per_email"
in APPPATH\Controllers\AccountData.php on line 139.
 1 APPPATH\Controllers\AccountData.php(139): CodeIgniter\Debug\Exceptions->errorHandler(2, 'Undefined array key "Per_email"', 'APPPATH\\Controllers\\AccountData.php', 139)
 2 SYSTEMPATH\CodeIgniter.php(904): App\Controllers\AccountData->changeEmail()
 3 SYSTEMPATH\CodeIgniter.php(457): CodeIgniter\CodeIgniter->runController(Object(App\Controllers\AccountData))
 4 SYSTEMPATH\CodeIgniter.php(340): CodeIgniter\CodeIgniter->handleRequest(null, Object(Config\Cache), false)
 5 FCPATH\index.php(68): CodeIgniter\CodeIgniter->run()
CRITICAL - 2022-12-06 12:16:18 --> Undefined array key "Per_email"
in APPPATH\Controllers\AccountData.php on line 139.
 1 APPPATH\Controllers\AccountData.php(139): CodeIgniter\Debug\Exceptions->errorHandler(2, 'Undefined array key "Per_email"', 'APPPATH\\Controllers\\AccountData.php', 139)
 2 SYSTEMPATH\CodeIgniter.php(904): App\Controllers\AccountData->changeEmail()
 3 SYSTEMPATH\CodeIgniter.php(457): CodeIgniter\CodeIgniter->runController(Object(App\Controllers\AccountData))
 4 SYSTEMPATH\CodeIgniter.php(340): CodeIgniter\CodeIgniter->handleRequest(null, Object(Config\Cache), false)
 5 FCPATH\index.php(68): CodeIgniter\CodeIgniter->run()
CRITICAL - 2022-12-06 12:16:21 --> Undefined array key "Per_email"
in APPPATH\Controllers\AccountData.php on line 139.
 1 APPPATH\Controllers\AccountData.php(139): CodeIgniter\Debug\Exceptions->errorHandler(2, 'Undefined array key "Per_email"', 'APPPATH\\Controllers\\AccountData.php', 139)
 2 SYSTEMPATH\CodeIgniter.php(904): App\Controllers\AccountData->changeEmail()
 3 SYSTEMPATH\CodeIgniter.php(457): CodeIgniter\CodeIgniter->runController(Object(App\Controllers\AccountData))
 4 SYSTEMPATH\CodeIgniter.php(340): CodeIgniter\CodeIgniter->handleRequest(null, Object(Config\Cache), false)
 5 FCPATH\index.php(68): CodeIgniter\CodeIgniter->run()
CRITICAL - 2022-12-06 12:18:27 --> Undefined array key "Per_cod"
in APPPATH\Controllers\AccountData.php on line 141.
 1 APPPATH\Controllers\AccountData.php(141): CodeIgniter\Debug\Exceptions->errorHandler(2, 'Undefined array key "Per_cod"', 'APPPATH\\Controllers\\AccountData.php', 141)
 2 SYSTEMPATH\CodeIgniter.php(904): App\Controllers\AccountData->changeEmail()
 3 SYSTEMPATH\CodeIgniter.php(457): CodeIgniter\CodeIgniter->runController(Object(App\Controllers\AccountData))
 4 SYSTEMPATH\CodeIgniter.php(340): CodeIgniter\CodeIgniter->handleRequest(null, Object(Config\Cache), false)
 5 FCPATH\index.php(68): CodeIgniter\CodeIgniter->run()
CRITICAL - 2022-12-06 12:18:58 --> Undefined variable $data
in APPPATH\Views\template\email.php on line 31.
 1 APPPATH\Views\template\email.php(31): CodeIgniter\Debug\Exceptions->errorHandler(2, 'Undefined variable $data', 'APPPATH\\Views\\template\\email.php', 31)
 2 SYSTEMPATH\View\View.php(213): include('APPPATH\\Views\\template\\email.php')
 3 SYSTEMPATH\View\View.php(216): CodeIgniter\View\View->CodeIgniter\View\{closure}()
 4 SYSTEMPATH\Common.php(1142): CodeIgniter\View\View->render('template\\email', [], true)
 5 APPPATH\Controllers\AccountData.php(145): view('template\\email', [...])
 6 SYSTEMPATH\CodeIgniter.php(904): App\Controllers\AccountData->changeEmail()
 7 SYSTEMPATH\CodeIgniter.php(457): CodeIgniter\CodeIgniter->runController(Object(App\Controllers\AccountData))
 8 SYSTEMPATH\CodeIgniter.php(340): CodeIgniter\CodeIgniter->handleRequest(null, Object(Config\Cache), false)
 9 FCPATH\index.php(68): CodeIgniter\CodeIgniter->run()
CRITICAL - 2022-12-06 12:19:41 --> Undefined variable $data
in APPPATH\Views\template\email.php on line 31.
 1 APPPATH\Views\template\email.php(31): CodeIgniter\Debug\Exceptions->errorHandler(2, 'Undefined variable $data', 'APPPATH\\Views\\template\\email.php', 31)
 2 SYSTEMPATH\View\View.php(213): include('APPPATH\\Views\\template\\email.php')
 3 SYSTEMPATH\View\View.php(216): CodeIgniter\View\View->CodeIgniter\View\{closure}()
 4 SYSTEMPATH\Common.php(1142): CodeIgniter\View\View->render('template\\email', [], true)
 5 APPPATH\Controllers\AccountData.php(145): view('template\\email', [...])
 6 SYSTEMPATH\CodeIgniter.php(904): App\Controllers\AccountData->changeEmail()
 7 SYSTEMPATH\CodeIgniter.php(457): CodeIgniter\CodeIgniter->runController(Object(App\Controllers\AccountData))
 8 SYSTEMPATH\CodeIgniter.php(340): CodeIgniter\CodeIgniter->handleRequest(null, Object(Config\Cache), false)
 9 FCPATH\index.php(68): CodeIgniter\CodeIgniter->run()
CRITICAL - 2022-12-06 12:19:42 --> Undefined variable $data
in APPPATH\Views\template\email.php on line 31.
 1 APPPATH\Views\template\email.php(31): CodeIgniter\Debug\Exceptions->errorHandler(2, 'Undefined variable $data', 'APPPATH\\Views\\template\\email.php', 31)
 2 SYSTEMPATH\View\View.php(213): include('APPPATH\\Views\\template\\email.php')
 3 SYSTEMPATH\View\View.php(216): CodeIgniter\View\View->CodeIgniter\View\{closure}()
 4 SYSTEMPATH\Common.php(1142): CodeIgniter\View\View->render('template\\email', [], true)
 5 APPPATH\Controllers\AccountData.php(145): view('template\\email', [...])
 6 SYSTEMPATH\CodeIgniter.php(904): App\Controllers\AccountData->changeEmail()
 7 SYSTEMPATH\CodeIgniter.php(457): CodeIgniter\CodeIgniter->runController(Object(App\Controllers\AccountData))
 8 SYSTEMPATH\CodeIgniter.php(340): CodeIgniter\CodeIgniter->handleRequest(null, Object(Config\Cache), false)
 9 FCPATH\index.php(68): CodeIgniter\CodeIgniter->run()
CRITICAL - 2022-12-06 12:20:20 --> Undefined variable $data
in APPPATH\Views\template\email.php on line 31.
 1 APPPATH\Views\template\email.php(31): CodeIgniter\Debug\Exceptions->errorHandler(2, 'Undefined variable $data', 'APPPATH\\Views\\template\\email.php', 31)
 2 SYSTEMPATH\View\View.php(213): include('APPPATH\\Views\\template\\email.php')
 3 SYSTEMPATH\View\View.php(216): CodeIgniter\View\View->CodeIgniter\View\{closure}()
 4 SYSTEMPATH\Common.php(1142): CodeIgniter\View\View->render('template\\email', [], true)
 5 APPPATH\Controllers\AccountData.php(145): view('template\\email', [...])
 6 SYSTEMPATH\CodeIgniter.php(904): App\Controllers\AccountData->changeEmail()
 7 SYSTEMPATH\CodeIgniter.php(457): CodeIgniter\CodeIgniter->runController(Object(App\Controllers\AccountData))
 8 SYSTEMPATH\CodeIgniter.php(340): CodeIgniter\CodeIgniter->handleRequest(null, Object(Config\Cache), false)
 9 FCPATH\index.php(68): CodeIgniter\CodeIgniter->run()
CRITICAL - 2022-12-06 12:20:20 --> Undefined variable $data
in APPPATH\Views\template\email.php on line 31.
 1 APPPATH\Views\template\email.php(31): CodeIgniter\Debug\Exceptions->errorHandler(2, 'Undefined variable $data', 'APPPATH\\Views\\template\\email.php', 31)
 2 SYSTEMPATH\View\View.php(213): include('APPPATH\\Views\\template\\email.php')
 3 SYSTEMPATH\View\View.php(216): CodeIgniter\View\View->CodeIgniter\View\{closure}()
 4 SYSTEMPATH\Common.php(1142): CodeIgniter\View\View->render('template\\email', [], true)
 5 APPPATH\Controllers\AccountData.php(145): view('template\\email', [...])
 6 SYSTEMPATH\CodeIgniter.php(904): App\Controllers\AccountData->changeEmail()
 7 SYSTEMPATH\CodeIgniter.php(457): CodeIgniter\CodeIgniter->runController(Object(App\Controllers\AccountData))
 8 SYSTEMPATH\CodeIgniter.php(340): CodeIgniter\CodeIgniter->handleRequest(null, Object(Config\Cache), false)
 9 FCPATH\index.php(68): CodeIgniter\CodeIgniter->run()
CRITICAL - 2022-12-06 12:21:00 --> Undefined variable $data
in APPPATH\Views\template\email.php on line 31.
 1 APPPATH\Views\template\email.php(31): CodeIgniter\Debug\Exceptions->errorHandler(2, 'Undefined variable $data', 'APPPATH\\Views\\template\\email.php', 31)
 2 SYSTEMPATH\View\View.php(213): include('APPPATH\\Views\\template\\email.php')
 3 SYSTEMPATH\View\View.php(216): CodeIgniter\View\View->CodeIgniter\View\{closure}()
 4 SYSTEMPATH\Common.php(1142): CodeIgniter\View\View->render('template\\email', [], true)
 5 APPPATH\Controllers\AccountData.php(145): view('template\\email', [...])
 6 SYSTEMPATH\CodeIgniter.php(904): App\Controllers\AccountData->changeEmail()
 7 SYSTEMPATH\CodeIgniter.php(457): CodeIgniter\CodeIgniter->runController(Object(App\Controllers\AccountData))
 8 SYSTEMPATH\CodeIgniter.php(340): CodeIgniter\CodeIgniter->handleRequest(null, Object(Config\Cache), false)
 9 FCPATH\index.php(68): CodeIgniter\CodeIgniter->run()
CRITICAL - 2022-12-06 12:21:07 --> Undefined variable $Per_nom
in APPPATH\Views\template\email.php on line 31.
 1 APPPATH\Views\template\email.php(31): CodeIgniter\Debug\Exceptions->errorHandler(2, 'Undefined variable $Per_nom', 'APPPATH\\Views\\template\\email.php', 31)
 2 SYSTEMPATH\View\View.php(213): include('APPPATH\\Views\\template\\email.php')
 3 SYSTEMPATH\View\View.php(216): CodeIgniter\View\View->CodeIgniter\View\{closure}()
 4 SYSTEMPATH\Common.php(1142): CodeIgniter\View\View->render('template\\email', [], true)
 5 APPPATH\Controllers\AccountData.php(145): view('template\\email', [...])
 6 SYSTEMPATH\CodeIgniter.php(904): App\Controllers\AccountData->changeEmail()
 7 SYSTEMPATH\CodeIgniter.php(457): CodeIgniter\CodeIgniter->runController(Object(App\Controllers\AccountData))
 8 SYSTEMPATH\CodeIgniter.php(340): CodeIgniter\CodeIgniter->handleRequest(null, Object(Config\Cache), false)
 9 FCPATH\index.php(68): CodeIgniter\CodeIgniter->run()
CRITICAL - 2022-12-06 12:21:08 --> Undefined variable $Per_nom
in APPPATH\Views\template\email.php on line 31.
 1 APPPATH\Views\template\email.php(31): CodeIgniter\Debug\Exceptions->errorHandler(2, 'Undefined variable $Per_nom', 'APPPATH\\Views\\template\\email.php', 31)
 2 SYSTEMPATH\View\View.php(213): include('APPPATH\\Views\\template\\email.php')
 3 SYSTEMPATH\View\View.php(216): CodeIgniter\View\View->CodeIgniter\View\{closure}()
 4 SYSTEMPATH\Common.php(1142): CodeIgniter\View\View->render('template\\email', [], true)
 5 APPPATH\Controllers\AccountData.php(145): view('template\\email', [...])
 6 SYSTEMPATH\CodeIgniter.php(904): App\Controllers\AccountData->changeEmail()
 7 SYSTEMPATH\CodeIgniter.php(457): CodeIgniter\CodeIgniter->runController(Object(App\Controllers\AccountData))
 8 SYSTEMPATH\CodeIgniter.php(340): CodeIgniter\CodeIgniter->handleRequest(null, Object(Config\Cache), false)
 9 FCPATH\index.php(68): CodeIgniter\CodeIgniter->run()
CRITICAL - 2022-12-06 12:21:28 --> Undefined variable $Per_nom
in APPPATH\Views\template\email.php on line 31.
 1 APPPATH\Views\template\email.php(31): CodeIgniter\Debug\Exceptions->errorHandler(2, 'Undefined variable $Per_nom', 'APPPATH\\Views\\template\\email.php', 31)
 2 SYSTEMPATH\View\View.php(213): include('APPPATH\\Views\\template\\email.php')
 3 SYSTEMPATH\View\View.php(216): CodeIgniter\View\View->CodeIgniter\View\{closure}()
 4 SYSTEMPATH\Common.php(1142): CodeIgniter\View\View->render('template\\email', [], true)
 5 APPPATH\Controllers\AccountData.php(146): view('template\\email', [...])
 6 SYSTEMPATH\CodeIgniter.php(904): App\Controllers\AccountData->changeEmail()
 7 SYSTEMPATH\CodeIgniter.php(457): CodeIgniter\CodeIgniter->runController(Object(App\Controllers\AccountData))
 8 SYSTEMPATH\CodeIgniter.php(340): CodeIgniter\CodeIgniter->handleRequest(null, Object(Config\Cache), false)
 9 FCPATH\index.php(68): CodeIgniter\CodeIgniter->run()
CRITICAL - 2022-12-06 12:22:07 --> Undefined variable $Per_nom
in APPPATH\Views\template\email.php on line 31.
 1 APPPATH\Views\template\email.php(31): CodeIgniter\Debug\Exceptions->errorHandler(2, 'Undefined variable $Per_nom', 'APPPATH\\Views\\template\\email.php', 31)
 2 SYSTEMPATH\View\View.php(213): include('APPPATH\\Views\\template\\email.php')
 3 SYSTEMPATH\View\View.php(216): CodeIgniter\View\View->CodeIgniter\View\{closure}()
 4 SYSTEMPATH\Common.php(1142): CodeIgniter\View\View->render('template\\email', [], true)
 5 APPPATH\Controllers\AccountData.php(147): view('template\\email', [...])
 6 SYSTEMPATH\CodeIgniter.php(904): App\Controllers\AccountData->changeEmail()
 7 SYSTEMPATH\CodeIgniter.php(457): CodeIgniter\CodeIgniter->runController(Object(App\Controllers\AccountData))
 8 SYSTEMPATH\CodeIgniter.php(340): CodeIgniter\CodeIgniter->handleRequest(null, Object(Config\Cache), false)
 9 FCPATH\index.php(68): CodeIgniter\CodeIgniter->run()
CRITICAL - 2022-12-06 12:22:56 --> Undefined variable $Per_nom
in APPPATH\Views\template\email.php on line 31.
 1 APPPATH\Views\template\email.php(31): CodeIgniter\Debug\Exceptions->errorHandler(2, 'Undefined variable $Per_nom', 'APPPATH\\Views\\template\\email.php', 31)
 2 SYSTEMPATH\View\View.php(213): include('APPPATH\\Views\\template\\email.php')
 3 SYSTEMPATH\View\View.php(216): CodeIgniter\View\View->CodeIgniter\View\{closure}()
 4 SYSTEMPATH\Common.php(1142): CodeIgniter\View\View->render('template\\email', [], true)
 5 APPPATH\Controllers\AccountData.php(148): view('template\\email', [...])
 6 SYSTEMPATH\CodeIgniter.php(904): App\Controllers\AccountData->changeEmail()
 7 SYSTEMPATH\CodeIgniter.php(457): CodeIgniter\CodeIgniter->runController(Object(App\Controllers\AccountData))
 8 SYSTEMPATH\CodeIgniter.php(340): CodeIgniter\CodeIgniter->handleRequest(null, Object(Config\Cache), false)
 9 FCPATH\index.php(68): CodeIgniter\CodeIgniter->run()
CRITICAL - 2022-12-06 12:23:06 --> Undefined variable $data
in APPPATH\Views\template\email.php on line 31.
 1 APPPATH\Views\template\email.php(31): CodeIgniter\Debug\Exceptions->errorHandler(2, 'Undefined variable $data', 'APPPATH\\Views\\template\\email.php', 31)
 2 SYSTEMPATH\View\View.php(213): include('APPPATH\\Views\\template\\email.php')
 3 SYSTEMPATH\View\View.php(216): CodeIgniter\View\View->CodeIgniter\View\{closure}()
 4 SYSTEMPATH\Common.php(1142): CodeIgniter\View\View->render('template\\email', [], true)
 5 APPPATH\Controllers\AccountData.php(148): view('template\\email', [...])
 6 SYSTEMPATH\CodeIgniter.php(904): App\Controllers\AccountData->changeEmail()
 7 SYSTEMPATH\CodeIgniter.php(457): CodeIgniter\CodeIgniter->runController(Object(App\Controllers\AccountData))
 8 SYSTEMPATH\CodeIgniter.php(340): CodeIgniter\CodeIgniter->handleRequest(null, Object(Config\Cache), false)
 9 FCPATH\index.php(68): CodeIgniter\CodeIgniter->run()
CRITICAL - 2022-12-06 12:23:24 --> Undefined variable $data
in APPPATH\Views\template\email.php on line 31.
 1 APPPATH\Views\template\email.php(31): CodeIgniter\Debug\Exceptions->errorHandler(2, 'Undefined variable $data', 'APPPATH\\Views\\template\\email.php', 31)
 2 SYSTEMPATH\View\View.php(213): include('APPPATH\\Views\\template\\email.php')
 3 SYSTEMPATH\View\View.php(216): CodeIgniter\View\View->CodeIgniter\View\{closure}()
 4 SYSTEMPATH\Common.php(1142): CodeIgniter\View\View->render('template\\email', [], true)
 5 APPPATH\Controllers\AccountData.php(149): view('template\\email', [...])
 6 SYSTEMPATH\CodeIgniter.php(904): App\Controllers\AccountData->changeEmail()
 7 SYSTEMPATH\CodeIgniter.php(457): CodeIgniter\CodeIgniter->runController(Object(App\Controllers\AccountData))
 8 SYSTEMPATH\CodeIgniter.php(340): CodeIgniter\CodeIgniter->handleRequest(null, Object(Config\Cache), false)
 9 FCPATH\index.php(68): CodeIgniter\CodeIgniter->run()
CRITICAL - 2022-12-06 12:35:07 --> foreach() argument must be of type array|object, string given
in APPPATH\Views\template\errors.php on line 39.
 1 APPPATH\Views\template\errors.php(39): CodeIgniter\Debug\Exceptions->errorHandler(2, 'foreach() argument must be of type array|object, string given', 'APPPATH\\Views\\template\\errors.php', 39)
 2 SYSTEMPATH\View\View.php(213): include('APPPATH\\Views\\template\\errors.php')
 3 SYSTEMPATH\View\View.php(216): CodeIgniter\View\View->CodeIgniter\View\{closure}()
 4 SYSTEMPATH\Common.php(1142): CodeIgniter\View\View->render('template\\errors', [], true)
 5 APPPATH\Controllers\AccountData.php(182): view('template\\errors', [...])
 6 SYSTEMPATH\CodeIgniter.php(904): App\Controllers\AccountData->changeEmailPost()
 7 SYSTEMPATH\CodeIgniter.php(457): CodeIgniter\CodeIgniter->runController(Object(App\Controllers\AccountData))
 8 SYSTEMPATH\CodeIgniter.php(340): CodeIgniter\CodeIgniter->handleRequest(null, Object(Config\Cache), false)
 9 FCPATH\index.php(68): CodeIgniter\CodeIgniter->run()
CRITICAL - 2022-12-06 13:10:01 --> Undefined array key "Op_detalle"
in APPPATH\Controllers\Home.php on line 482.
 1 APPPATH\Controllers\Home.php(482): CodeIgniter\Debug\Exceptions->errorHandler(2, 'Undefined array key "Op_detalle"', 'APPPATH\\Controllers\\Home.php', 482)
 2 SYSTEMPATH\CodeIgniter.php(904): App\Controllers\Home->operationSend()
 3 SYSTEMPATH\CodeIgniter.php(457): CodeIgniter\CodeIgniter->runController(Object(App\Controllers\Home))
 4 SYSTEMPATH\CodeIgniter.php(340): CodeIgniter\CodeIgniter->handleRequest(null, Object(Config\Cache), false)
 5 FCPATH\index.php(68): CodeIgniter\CodeIgniter->run()
CRITICAL - 2022-12-06 13:10:25 --> Undefined array key "Op_detalle"
in APPPATH\Controllers\Home.php on line 482.
 1 APPPATH\Controllers\Home.php(482): CodeIgniter\Debug\Exceptions->errorHandler(2, 'Undefined array key "Op_detalle"', 'APPPATH\\Controllers\\Home.php', 482)
 2 SYSTEMPATH\CodeIgniter.php(904): App\Controllers\Home->operationSend()
 3 SYSTEMPATH\CodeIgniter.php(457): CodeIgniter\CodeIgniter->runController(Object(App\Controllers\Home))
 4 SYSTEMPATH\CodeIgniter.php(340): CodeIgniter\CodeIgniter->handleRequest(null, Object(Config\Cache), false)
 5 FCPATH\index.php(68): CodeIgniter\CodeIgniter->run()
CRITICAL - 2022-12-06 13:10:44 --> Undefined array key "Op_detalle"
in APPPATH\Controllers\Home.php on line 482.
 1 APPPATH\Controllers\Home.php(482): CodeIgniter\Debug\Exceptions->errorHandler(2, 'Undefined array key "Op_detalle"', 'APPPATH\\Controllers\\Home.php', 482)
 2 SYSTEMPATH\CodeIgniter.php(904): App\Controllers\Home->operationSend()
 3 SYSTEMPATH\CodeIgniter.php(457): CodeIgniter\CodeIgniter->runController(Object(App\Controllers\Home))
 4 SYSTEMPATH\CodeIgniter.php(340): CodeIgniter\CodeIgniter->handleRequest(null, Object(Config\Cache), false)
 5 FCPATH\index.php(68): CodeIgniter\CodeIgniter->run()
CRITICAL - 2022-12-06 13:14:46 --> Undefined array key "Op_detalle"
in APPPATH\Controllers\Home.php on line 482.
 1 APPPATH\Controllers\Home.php(482): CodeIgniter\Debug\Exceptions->errorHandler(2, 'Undefined array key "Op_detalle"', 'APPPATH\\Controllers\\Home.php', 482)
 2 SYSTEMPATH\CodeIgniter.php(904): App\Controllers\Home->operationSend()
 3 SYSTEMPATH\CodeIgniter.php(457): CodeIgniter\CodeIgniter->runController(Object(App\Controllers\Home))
 4 SYSTEMPATH\CodeIgniter.php(340): CodeIgniter\CodeIgniter->handleRequest(null, Object(Config\Cache), false)
 5 FCPATH\index.php(68): CodeIgniter\CodeIgniter->run()
CRITICAL - 2022-12-06 13:25:00 --> Cannot use object of type stdClass as array
in APPPATH\Controllers\AccountData.php on line 103.
 1 SYSTEMPATH\CodeIgniter.php(904): App\Controllers\AccountData->changepass()
 2 SYSTEMPATH\CodeIgniter.php(457): CodeIgniter\CodeIgniter->runController(Object(App\Controllers\AccountData))
 3 SYSTEMPATH\CodeIgniter.php(340): CodeIgniter\CodeIgniter->handleRequest(null, Object(Config\Cache), false)
 4 FCPATH\index.php(68): CodeIgniter\CodeIgniter->run()
CRITICAL - 2022-12-06 13:34:17 --> Array to string conversion
in APPPATH\Views\USUARIO\chart.php on line 82.
 1 APPPATH\Views\USUARIO\chart.php(82): CodeIgniter\Debug\Exceptions->errorHandler(2, 'Array to string conversion', 'APPPATH\\Views\\USUARIO\\chart.php', 82)
 2 SYSTEMPATH\View\View.php(213): include('APPPATH\\Views\\USUARIO\\chart.php')
 3 SYSTEMPATH\View\View.php(216): CodeIgniter\View\View->CodeIgniter\View\{closure}()
 4 SYSTEMPATH\Common.php(1142): CodeIgniter\View\View->render('USUARIO\\chart', [], true)
 5 APPPATH\Controllers\DiagramaGraph.php(71): view('USUARIO\\chart', [...])
 6 SYSTEMPATH\CodeIgniter.php(904): App\Controllers\DiagramaGraph->initChart()
 7 SYSTEMPATH\CodeIgniter.php(457): CodeIgniter\CodeIgniter->runController(Object(App\Controllers\DiagramaGraph))
 8 SYSTEMPATH\CodeIgniter.php(340): CodeIgniter\CodeIgniter->handleRequest(null, Object(Config\Cache), false)
 9 FCPATH\index.php(68): CodeIgniter\CodeIgniter->run()
CRITICAL - 2022-12-06 13:34:55 --> Array to string conversion
in APPPATH\Views\USUARIO\chart.php on line 81.
 1 APPPATH\Views\USUARIO\chart.php(81): CodeIgniter\Debug\Exceptions->errorHandler(2, 'Array to string conversion', 'APPPATH\\Views\\USUARIO\\chart.php', 81)
 2 SYSTEMPATH\View\View.php(213): include('APPPATH\\Views\\USUARIO\\chart.php')
 3 SYSTEMPATH\View\View.php(216): CodeIgniter\View\View->CodeIgniter\View\{closure}()
 4 SYSTEMPATH\Common.php(1142): CodeIgniter\View\View->render('USUARIO\\chart', [], true)
 5 APPPATH\Controllers\DiagramaGraph.php(71): view('USUARIO\\chart', [...])
 6 SYSTEMPATH\CodeIgniter.php(904): App\Controllers\DiagramaGraph->initChart()
 7 SYSTEMPATH\CodeIgniter.php(457): CodeIgniter\CodeIgniter->runController(Object(App\Controllers\DiagramaGraph))
 8 SYSTEMPATH\CodeIgniter.php(340): CodeIgniter\CodeIgniter->handleRequest(null, Object(Config\Cache), false)
 9 FCPATH\index.php(68): CodeIgniter\CodeIgniter->run()
CRITICAL - 2022-12-06 13:35:23 --> Array to string conversion
in APPPATH\Views\USUARIO\chart.php on line 81.
 1 APPPATH\Views\USUARIO\chart.php(81): CodeIgniter\Debug\Exceptions->errorHandler(2, 'Array to string conversion', 'APPPATH\\Views\\USUARIO\\chart.php', 81)
 2 SYSTEMPATH\View\View.php(213): include('APPPATH\\Views\\USUARIO\\chart.php')
 3 SYSTEMPATH\View\View.php(216): CodeIgniter\View\View->CodeIgniter\View\{closure}()
 4 SYSTEMPATH\Common.php(1142): CodeIgniter\View\View->render('USUARIO\\chart', [], true)
 5 APPPATH\Controllers\DiagramaGraph.php(71): view('USUARIO\\chart', [...])
 6 SYSTEMPATH\CodeIgniter.php(904): App\Controllers\DiagramaGraph->initChart()
 7 SYSTEMPATH\CodeIgniter.php(457): CodeIgniter\CodeIgniter->runController(Object(App\Controllers\DiagramaGraph))
 8 SYSTEMPATH\CodeIgniter.php(340): CodeIgniter\CodeIgniter->handleRequest(null, Object(Config\Cache), false)
 9 FCPATH\index.php(68): CodeIgniter\CodeIgniter->run()
CRITICAL - 2022-12-06 13:35:59 --> Array to string conversion
in APPPATH\Views\USUARIO\chart.php on line 81.
 1 APPPATH\Views\USUARIO\chart.php(81): CodeIgniter\Debug\Exceptions->errorHandler(2, 'Array to string conversion', 'APPPATH\\Views\\USUARIO\\chart.php', 81)
 2 SYSTEMPATH\View\View.php(213): include('APPPATH\\Views\\USUARIO\\chart.php')
 3 SYSTEMPATH\View\View.php(216): CodeIgniter\View\View->CodeIgniter\View\{closure}()
 4 SYSTEMPATH\Common.php(1142): CodeIgniter\View\View->render('USUARIO\\chart', [], true)
 5 APPPATH\Controllers\DiagramaGraph.php(73): view('USUARIO\\chart', [...])
 6 SYSTEMPATH\CodeIgniter.php(904): App\Controllers\DiagramaGraph->initChart()
 7 SYSTEMPATH\CodeIgniter.php(457): CodeIgniter\CodeIgniter->runController(Object(App\Controllers\DiagramaGraph))
 8 SYSTEMPATH\CodeIgniter.php(340): CodeIgniter\CodeIgniter->handleRequest(null, Object(Config\Cache), false)
 9 FCPATH\index.php(68): CodeIgniter\CodeIgniter->run()
CRITICAL - 2022-12-06 13:36:02 --> Array to string conversion
in APPPATH\Views\USUARIO\chart.php on line 81.
 1 APPPATH\Views\USUARIO\chart.php(81): CodeIgniter\Debug\Exceptions->errorHandler(2, 'Array to string conversion', 'APPPATH\\Views\\USUARIO\\chart.php', 81)
 2 SYSTEMPATH\View\View.php(213): include('APPPATH\\Views\\USUARIO\\chart.php')
 3 SYSTEMPATH\View\View.php(216): CodeIgniter\View\View->CodeIgniter\View\{closure}()
 4 SYSTEMPATH\Common.php(1142): CodeIgniter\View\View->render('USUARIO\\chart', [], true)
 5 APPPATH\Controllers\DiagramaGraph.php(73): view('USUARIO\\chart', [...])
 6 SYSTEMPATH\CodeIgniter.php(904): App\Controllers\DiagramaGraph->initChart()
 7 SYSTEMPATH\CodeIgniter.php(457): CodeIgniter\CodeIgniter->runController(Object(App\Controllers\DiagramaGraph))
 8 SYSTEMPATH\CodeIgniter.php(340): CodeIgniter\CodeIgniter->handleRequest(null, Object(Config\Cache), false)
 9 FCPATH\index.php(68): CodeIgniter\CodeIgniter->run()
CRITICAL - 2022-12-06 13:36:03 --> Array to string conversion
in APPPATH\Views\USUARIO\chart.php on line 81.
 1 APPPATH\Views\USUARIO\chart.php(81): CodeIgniter\Debug\Exceptions->errorHandler(2, 'Array to string conversion', 'APPPATH\\Views\\USUARIO\\chart.php', 81)
 2 SYSTEMPATH\View\View.php(213): include('APPPATH\\Views\\USUARIO\\chart.php')
 3 SYSTEMPATH\View\View.php(216): CodeIgniter\View\View->CodeIgniter\View\{closure}()
 4 SYSTEMPATH\Common.php(1142): CodeIgniter\View\View->render('USUARIO\\chart', [], true)
 5 APPPATH\Controllers\DiagramaGraph.php(73): view('USUARIO\\chart', [...])
 6 SYSTEMPATH\CodeIgniter.php(904): App\Controllers\DiagramaGraph->initChart()
 7 SYSTEMPATH\CodeIgniter.php(457): CodeIgniter\CodeIgniter->runController(Object(App\Controllers\DiagramaGraph))
 8 SYSTEMPATH\CodeIgniter.php(340): CodeIgniter\CodeIgniter->handleRequest(null, Object(Config\Cache), false)
 9 FCPATH\index.php(68): CodeIgniter\CodeIgniter->run()
CRITICAL - 2022-12-06 13:36:24 --> Array to string conversion
in APPPATH\Views\USUARIO\chart.php on line 81.
 1 APPPATH\Views\USUARIO\chart.php(81): CodeIgniter\Debug\Exceptions->errorHandler(2, 'Array to string conversion', 'APPPATH\\Views\\USUARIO\\chart.php', 81)
 2 SYSTEMPATH\View\View.php(213): include('APPPATH\\Views\\USUARIO\\chart.php')
 3 SYSTEMPATH\View\View.php(216): CodeIgniter\View\View->CodeIgniter\View\{closure}()
 4 SYSTEMPATH\Common.php(1142): CodeIgniter\View\View->render('USUARIO\\chart', [], true)
 5 APPPATH\Controllers\DiagramaGraph.php(73): view('USUARIO\\chart', [...])
 6 SYSTEMPATH\CodeIgniter.php(904): App\Controllers\DiagramaGraph->initChart()
 7 SYSTEMPATH\CodeIgniter.php(457): CodeIgniter\CodeIgniter->runController(Object(App\Controllers\DiagramaGraph))
 8 SYSTEMPATH\CodeIgniter.php(340): CodeIgniter\CodeIgniter->handleRequest(null, Object(Config\Cache), false)
 9 FCPATH\index.php(68): CodeIgniter\CodeIgniter->run()
CRITICAL - 2022-12-06 13:36:32 --> Array to string conversion
in APPPATH\Views\USUARIO\chart.php on line 81.
 1 APPPATH\Views\USUARIO\chart.php(81): CodeIgniter\Debug\Exceptions->errorHandler(2, 'Array to string conversion', 'APPPATH\\Views\\USUARIO\\chart.php', 81)
 2 SYSTEMPATH\View\View.php(213): include('APPPATH\\Views\\USUARIO\\chart.php')
 3 SYSTEMPATH\View\View.php(216): CodeIgniter\View\View->CodeIgniter\View\{closure}()
 4 SYSTEMPATH\Common.php(1142): CodeIgniter\View\View->render('USUARIO\\chart', [], true)
 5 APPPATH\Controllers\DiagramaGraph.php(73): view('USUARIO\\chart', [...])
 6 SYSTEMPATH\CodeIgniter.php(904): App\Controllers\DiagramaGraph->initChart()
 7 SYSTEMPATH\CodeIgniter.php(457): CodeIgniter\CodeIgniter->runController(Object(App\Controllers\DiagramaGraph))
 8 SYSTEMPATH\CodeIgniter.php(340): CodeIgniter\CodeIgniter->handleRequest(null, Object(Config\Cache), false)
 9 FCPATH\index.php(68): CodeIgniter\CodeIgniter->run()
CRITICAL - 2022-12-06 13:36:52 --> Array to string conversion
in APPPATH\Controllers\DiagramaGraph.php on line 68.
 1 APPPATH\Controllers\DiagramaGraph.php(68): CodeIgniter\Debug\Exceptions->errorHandler(2, 'Array to string conversion', 'APPPATH\\Controllers\\DiagramaGraph.php', 68)
 2 SYSTEMPATH\CodeIgniter.php(904): App\Controllers\DiagramaGraph->initChart()
 3 SYSTEMPATH\CodeIgniter.php(457): CodeIgniter\CodeIgniter->runController(Object(App\Controllers\DiagramaGraph))
 4 SYSTEMPATH\CodeIgniter.php(340): CodeIgniter\CodeIgniter->handleRequest(null, Object(Config\Cache), false)
 5 FCPATH\index.php(68): CodeIgniter\CodeIgniter->run()
CRITICAL - 2022-12-06 13:37:08 --> Array to string conversion
in APPPATH\Views\USUARIO\chart.php on line 82.
 1 APPPATH\Views\USUARIO\chart.php(82): CodeIgniter\Debug\Exceptions->errorHandler(2, 'Array to string conversion', 'APPPATH\\Views\\USUARIO\\chart.php', 82)
 2 SYSTEMPATH\View\View.php(213): include('APPPATH\\Views\\USUARIO\\chart.php')
 3 SYSTEMPATH\View\View.php(216): CodeIgniter\View\View->CodeIgniter\View\{closure}()
 4 SYSTEMPATH\Common.php(1142): CodeIgniter\View\View->render('USUARIO\\chart', [], true)
 5 APPPATH\Controllers\DiagramaGraph.php(70): view('USUARIO\\chart', [...])
 6 SYSTEMPATH\CodeIgniter.php(904): App\Controllers\DiagramaGraph->initChart()
 7 SYSTEMPATH\CodeIgniter.php(457): CodeIgniter\CodeIgniter->runController(Object(App\Controllers\DiagramaGraph))
 8 SYSTEMPATH\CodeIgniter.php(340): CodeIgniter\CodeIgniter->handleRequest(null, Object(Config\Cache), false)
 9 FCPATH\index.php(68): CodeIgniter\CodeIgniter->run()
CRITICAL - 2022-12-06 13:37:28 --> Array to string conversion
in APPPATH\Views\USUARIO\chart.php on line 81.
 1 APPPATH\Views\USUARIO\chart.php(81): CodeIgniter\Debug\Exceptions->errorHandler(2, 'Array to string conversion', 'APPPATH\\Views\\USUARIO\\chart.php', 81)
 2 SYSTEMPATH\View\View.php(213): include('APPPATH\\Views\\USUARIO\\chart.php')
 3 SYSTEMPATH\View\View.php(216): CodeIgniter\View\View->CodeIgniter\View\{closure}()
 4 SYSTEMPATH\Common.php(1142): CodeIgniter\View\View->render('USUARIO\\chart', [], true)
 5 APPPATH\Controllers\DiagramaGraph.php(70): view('USUARIO\\chart', [...])
 6 SYSTEMPATH\CodeIgniter.php(904): App\Controllers\DiagramaGraph->initChart()
 7 SYSTEMPATH\CodeIgniter.php(457): CodeIgniter\CodeIgniter->runController(Object(App\Controllers\DiagramaGraph))
 8 SYSTEMPATH\CodeIgniter.php(340): CodeIgniter\CodeIgniter->handleRequest(null, Object(Config\Cache), false)
 9 FCPATH\index.php(68): CodeIgniter\CodeIgniter->run()
CRITICAL - 2022-12-06 13:38:19 --> Unclosed '{' on line 8
in APPPATH\Controllers\DiagramaGraph.php on line 78.
 1 SYSTEMPATH\Autoloader\Autoloader.php(259): CodeIgniter\Autoloader\Autoloader->includeFile('APPPATH\\Controllers\\DiagramaGraph.php')
 2 SYSTEMPATH\Autoloader\Autoloader.php(237): CodeIgniter\Autoloader\Autoloader->loadInNamespace('App\\Controllers\\DiagramaGraph')
 3 [internal function]: CodeIgniter\Autoloader\Autoloader->loadClass('App\\Controllers\\DiagramaGraph')
 4 SYSTEMPATH\CodeIgniter.php(854): class_exists('\\App\\Controllers\\DiagramaGraph', true)
 5 SYSTEMPATH\CodeIgniter.php(444): CodeIgniter\CodeIgniter->startController()
 6 SYSTEMPATH\CodeIgniter.php(340): CodeIgniter\CodeIgniter->handleRequest(null, Object(Config\Cache), false)
 7 FCPATH\index.php(68): CodeIgniter\CodeIgniter->run()
CRITICAL - 2022-12-06 13:38:25 --> Array to string conversion
in APPPATH\Controllers\DiagramaGraph.php on line 70.
 1 APPPATH\Controllers\DiagramaGraph.php(70): CodeIgniter\Debug\Exceptions->errorHandler(2, 'Array to string conversion', 'APPPATH\\Controllers\\DiagramaGraph.php', 70)
 2 SYSTEMPATH\CodeIgniter.php(904): App\Controllers\DiagramaGraph->initChart()
 3 SYSTEMPATH\CodeIgniter.php(457): CodeIgniter\CodeIgniter->runController(Object(App\Controllers\DiagramaGraph))
 4 SYSTEMPATH\CodeIgniter.php(340): CodeIgniter\CodeIgniter->handleRequest(null, Object(Config\Cache), false)
 5 FCPATH\index.php(68): CodeIgniter\CodeIgniter->run()
CRITICAL - 2022-12-06 13:38:32 --> Undefined variable $SALUD
in APPPATH\Views\USUARIO\chart.php on line 43.
 1 APPPATH\Views\USUARIO\chart.php(43): CodeIgniter\Debug\Exceptions->errorHandler(2, 'Undefined variable $SALUD', 'APPPATH\\Views\\USUARIO\\chart.php', 43)
 2 SYSTEMPATH\View\View.php(213): include('APPPATH\\Views\\USUARIO\\chart.php')
 3 SYSTEMPATH\View\View.php(216): CodeIgniter\View\View->CodeIgniter\View\{closure}()
 4 SYSTEMPATH\Common.php(1142): CodeIgniter\View\View->render('USUARIO\\chart', [], true)
 5 APPPATH\Controllers\DiagramaGraph.php(73): view('USUARIO\\chart', [...])
 6 SYSTEMPATH\CodeIgniter.php(904): App\Controllers\DiagramaGraph->initChart()
 7 SYSTEMPATH\CodeIgniter.php(457): CodeIgniter\CodeIgniter->runController(Object(App\Controllers\DiagramaGraph))
 8 SYSTEMPATH\CodeIgniter.php(340): CodeIgniter\CodeIgniter->handleRequest(null, Object(Config\Cache), false)
 9 FCPATH\index.php(68): CodeIgniter\CodeIgniter->run()
CRITICAL - 2022-12-06 13:38:52 --> Object of class CodeIgniter\Database\MySQLi\Result could not be converted to string
in APPPATH\Controllers\DiagramaGraph.php on line 66.
 1 SYSTEMPATH\CodeIgniter.php(904): App\Controllers\DiagramaGraph->initChart()
 2 SYSTEMPATH\CodeIgniter.php(457): CodeIgniter\CodeIgniter->runController(Object(App\Controllers\DiagramaGraph))
 3 SYSTEMPATH\CodeIgniter.php(340): CodeIgniter\CodeIgniter->handleRequest(null, Object(Config\Cache), false)
 4 FCPATH\index.php(68): CodeIgniter\CodeIgniter->run()
CRITICAL - 2022-12-06 13:38:58 --> Array to string conversion
in APPPATH\Controllers\DiagramaGraph.php on line 66.
 1 APPPATH\Controllers\DiagramaGraph.php(66): CodeIgniter\Debug\Exceptions->errorHandler(2, 'Array to string conversion', 'APPPATH\\Controllers\\DiagramaGraph.php', 66)
 2 SYSTEMPATH\CodeIgniter.php(904): App\Controllers\DiagramaGraph->initChart()
 3 SYSTEMPATH\CodeIgniter.php(457): CodeIgniter\CodeIgniter->runController(Object(App\Controllers\DiagramaGraph))
 4 SYSTEMPATH\CodeIgniter.php(340): CodeIgniter\CodeIgniter->handleRequest(null, Object(Config\Cache), false)
 5 FCPATH\index.php(68): CodeIgniter\CodeIgniter->run()
CRITICAL - 2022-12-06 13:39:02 --> Array to string conversion
in APPPATH\Controllers\DiagramaGraph.php on line 66.
 1 APPPATH\Controllers\DiagramaGraph.php(66): CodeIgniter\Debug\Exceptions->errorHandler(2, 'Array to string conversion', 'APPPATH\\Controllers\\DiagramaGraph.php', 66)
 2 SYSTEMPATH\CodeIgniter.php(904): App\Controllers\DiagramaGraph->initChart()
 3 SYSTEMPATH\CodeIgniter.php(457): CodeIgniter\CodeIgniter->runController(Object(App\Controllers\DiagramaGraph))
 4 SYSTEMPATH\CodeIgniter.php(340): CodeIgniter\CodeIgniter->handleRequest(null, Object(Config\Cache), false)
 5 FCPATH\index.php(68): CodeIgniter\CodeIgniter->run()
CRITICAL - 2022-12-06 13:39:09 --> Array to string conversion
in APPPATH\Views\USUARIO\chart.php on line 82.
 1 APPPATH\Views\USUARIO\chart.php(82): CodeIgniter\Debug\Exceptions->errorHandler(2, 'Array to string conversion', 'APPPATH\\Views\\USUARIO\\chart.php', 82)
 2 SYSTEMPATH\View\View.php(213): include('APPPATH\\Views\\USUARIO\\chart.php')
 3 SYSTEMPATH\View\View.php(216): CodeIgniter\View\View->CodeIgniter\View\{closure}()
 4 SYSTEMPATH\Common.php(1142): CodeIgniter\View\View->render('USUARIO\\chart', [], true)
 5 APPPATH\Controllers\DiagramaGraph.php(71): view('USUARIO\\chart', [...])
 6 SYSTEMPATH\CodeIgniter.php(904): App\Controllers\DiagramaGraph->initChart()
 7 SYSTEMPATH\CodeIgniter.php(457): CodeIgniter\CodeIgniter->runController(Object(App\Controllers\DiagramaGraph))
 8 SYSTEMPATH\CodeIgniter.php(340): CodeIgniter\CodeIgniter->handleRequest(null, Object(Config\Cache), false)
 9 FCPATH\index.php(68): CodeIgniter\CodeIgniter->run()
CRITICAL - 2022-12-06 13:39:25 --> Undefined variable $SALUD
in APPPATH\Views\USUARIO\chart.php on line 43.
 1 APPPATH\Views\USUARIO\chart.php(43): CodeIgniter\Debug\Exceptions->errorHandler(2, 'Undefined variable $SALUD', 'APPPATH\\Views\\USUARIO\\chart.php', 43)
 2 SYSTEMPATH\View\View.php(213): include('APPPATH\\Views\\USUARIO\\chart.php')
 3 SYSTEMPATH\View\View.php(216): CodeIgniter\View\View->CodeIgniter\View\{closure}()
 4 SYSTEMPATH\Common.php(1142): CodeIgniter\View\View->render('USUARIO\\chart', [], true)
 5 APPPATH\Controllers\DiagramaGraph.php(73): view('USUARIO\\chart', [...])
 6 SYSTEMPATH\CodeIgniter.php(904): App\Controllers\DiagramaGraph->initChart()
 7 SYSTEMPATH\CodeIgniter.php(457): CodeIgniter\CodeIgniter->runController(Object(App\Controllers\DiagramaGraph))
 8 SYSTEMPATH\CodeIgniter.php(340): CodeIgniter\CodeIgniter->handleRequest(null, Object(Config\Cache), false)
 9 FCPATH\index.php(68): CodeIgniter\CodeIgniter->run()
CRITICAL - 2022-12-06 13:39:40 --> Array to string conversion
in APPPATH\Views\USUARIO\chart.php on line 82.
 1 APPPATH\Views\USUARIO\chart.php(82): CodeIgniter\Debug\Exceptions->errorHandler(2, 'Array to string conversion', 'APPPATH\\Views\\USUARIO\\chart.php', 82)
 2 SYSTEMPATH\View\View.php(213): include('APPPATH\\Views\\USUARIO\\chart.php')
 3 SYSTEMPATH\View\View.php(216): CodeIgniter\View\View->CodeIgniter\View\{closure}()
 4 SYSTEMPATH\Common.php(1142): CodeIgniter\View\View->render('USUARIO\\chart', [], true)
 5 APPPATH\Controllers\DiagramaGraph.php(73): view('USUARIO\\chart', [...])
 6 SYSTEMPATH\CodeIgniter.php(904): App\Controllers\DiagramaGraph->initChart()
 7 SYSTEMPATH\CodeIgniter.php(457): CodeIgniter\CodeIgniter->runController(Object(App\Controllers\DiagramaGraph))
 8 SYSTEMPATH\CodeIgniter.php(340): CodeIgniter\CodeIgniter->handleRequest(null, Object(Config\Cache), false)
 9 FCPATH\index.php(68): CodeIgniter\CodeIgniter->run()
CRITICAL - 2022-12-06 13:40:35 --> Call to undefined method CodeIgniter\Database\MySQLi\Result::get()
in APPPATH\Controllers\DiagramaGraph.php on line 65.
 1 SYSTEMPATH\CodeIgniter.php(904): App\Controllers\DiagramaGraph->initChart()
 2 SYSTEMPATH\CodeIgniter.php(457): CodeIgniter\CodeIgniter->runController(Object(App\Controllers\DiagramaGraph))
 3 SYSTEMPATH\CodeIgniter.php(340): CodeIgniter\CodeIgniter->handleRequest(null, Object(Config\Cache), false)
 4 FCPATH\index.php(68): CodeIgniter\CodeIgniter->run()
CRITICAL - 2022-12-06 13:40:39 --> Array to string conversion
in APPPATH\Views\USUARIO\chart.php on line 82.
 1 APPPATH\Views\USUARIO\chart.php(82): CodeIgniter\Debug\Exceptions->errorHandler(2, 'Array to string conversion', 'APPPATH\\Views\\USUARIO\\chart.php', 82)
 2 SYSTEMPATH\View\View.php(213): include('APPPATH\\Views\\USUARIO\\chart.php')
 3 SYSTEMPATH\View\View.php(216): CodeIgniter\View\View->CodeIgniter\View\{closure}()
 4 SYSTEMPATH\Common.php(1142): CodeIgniter\View\View->render('USUARIO\\chart', [], true)
 5 APPPATH\Controllers\DiagramaGraph.php(71): view('USUARIO\\chart', [...])
 6 SYSTEMPATH\CodeIgniter.php(904): App\Controllers\DiagramaGraph->initChart()
 7 SYSTEMPATH\CodeIgniter.php(457): CodeIgniter\CodeIgniter->runController(Object(App\Controllers\DiagramaGraph))
 8 SYSTEMPATH\CodeIgniter.php(340): CodeIgniter\CodeIgniter->handleRequest(null, Object(Config\Cache), false)
 9 FCPATH\index.php(68): CodeIgniter\CodeIgniter->run()
CRITICAL - 2022-12-06 13:40:57 --> Object of class mysqli could not be converted to string
in APPPATH\Views\USUARIO\chart.php on line 82.
 1 SYSTEMPATH\View\View.php(213): include()
 2 SYSTEMPATH\View\View.php(216): CodeIgniter\View\View->CodeIgniter\View\{closure}()
 3 SYSTEMPATH\Common.php(1142): CodeIgniter\View\View->render('USUARIO\\chart', [], true)
 4 APPPATH\Controllers\DiagramaGraph.php(71): view('USUARIO\\chart', [...])
 5 SYSTEMPATH\CodeIgniter.php(904): App\Controllers\DiagramaGraph->initChart()
 6 SYSTEMPATH\CodeIgniter.php(457): CodeIgniter\CodeIgniter->runController(Object(App\Controllers\DiagramaGraph))
 7 SYSTEMPATH\CodeIgniter.php(340): CodeIgniter\CodeIgniter->handleRequest(null, Object(Config\Cache), false)
 8 FCPATH\index.php(68): CodeIgniter\CodeIgniter->run()
CRITICAL - 2022-12-06 13:41:15 --> Object of class CodeIgniter\Database\MySQLi\Result could not be converted to string
in APPPATH\Views\USUARIO\chart.php on line 81.
 1 SYSTEMPATH\View\View.php(213): include()
 2 SYSTEMPATH\View\View.php(216): CodeIgniter\View\View->CodeIgniter\View\{closure}()
 3 SYSTEMPATH\Common.php(1142): CodeIgniter\View\View->render('USUARIO\\chart', [], true)
 4 APPPATH\Controllers\DiagramaGraph.php(71): view('USUARIO\\chart', [...])
 5 SYSTEMPATH\CodeIgniter.php(904): App\Controllers\DiagramaGraph->initChart()
 6 SYSTEMPATH\CodeIgniter.php(457): CodeIgniter\CodeIgniter->runController(Object(App\Controllers\DiagramaGraph))
 7 SYSTEMPATH\CodeIgniter.php(340): CodeIgniter\CodeIgniter->handleRequest(null, Object(Config\Cache), false)
 8 FCPATH\index.php(68): CodeIgniter\CodeIgniter->run()
CRITICAL - 2022-12-06 13:43:08 --> Array to string conversion
in APPPATH\Views\USUARIO\chart.php on line 81.
 1 APPPATH\Views\USUARIO\chart.php(81): CodeIgniter\Debug\Exceptions->errorHandler(2, 'Array to string conversion', 'APPPATH\\Views\\USUARIO\\chart.php', 81)
 2 SYSTEMPATH\View\View.php(213): include('APPPATH\\Views\\USUARIO\\chart.php')
 3 SYSTEMPATH\View\View.php(216): CodeIgniter\View\View->CodeIgniter\View\{closure}()
 4 SYSTEMPATH\Common.php(1142): CodeIgniter\View\View->render('USUARIO\\chart', [], true)
 5 APPPATH\Controllers\DiagramaGraph.php(71): view('USUARIO\\chart', [...])
 6 SYSTEMPATH\CodeIgniter.php(904): App\Controllers\DiagramaGraph->initChart()
 7 SYSTEMPATH\CodeIgniter.php(457): CodeIgniter\CodeIgniter->runController(Object(App\Controllers\DiagramaGraph))
 8 SYSTEMPATH\CodeIgniter.php(340): CodeIgniter\CodeIgniter->handleRequest(null, Object(Config\Cache), false)
 9 FCPATH\index.php(68): CodeIgniter\CodeIgniter->run()
CRITICAL - 2022-12-06 13:43:30 --> Array to string conversion
in APPPATH\Views\USUARIO\chart.php on line 81.
 1 APPPATH\Views\USUARIO\chart.php(81): CodeIgniter\Debug\Exceptions->errorHandler(2, 'Array to string conversion', 'APPPATH\\Views\\USUARIO\\chart.php', 81)
 2 SYSTEMPATH\View\View.php(213): include('APPPATH\\Views\\USUARIO\\chart.php')
 3 SYSTEMPATH\View\View.php(216): CodeIgniter\View\View->CodeIgniter\View\{closure}()
 4 SYSTEMPATH\Common.php(1142): CodeIgniter\View\View->render('USUARIO\\chart', [], true)
 5 APPPATH\Controllers\DiagramaGraph.php(71): view('USUARIO\\chart', [...])
 6 SYSTEMPATH\CodeIgniter.php(904): App\Controllers\DiagramaGraph->initChart()
 7 SYSTEMPATH\CodeIgniter.php(457): CodeIgniter\CodeIgniter->runController(Object(App\Controllers\DiagramaGraph))
 8 SYSTEMPATH\CodeIgniter.php(340): CodeIgniter\CodeIgniter->handleRequest(null, Object(Config\Cache), false)
 9 FCPATH\index.php(68): CodeIgniter\CodeIgniter->run()
CRITICAL - 2022-12-06 13:43:51 --> Array to string conversion
in APPPATH\Views\USUARIO\chart.php on line 81.
 1 APPPATH\Views\USUARIO\chart.php(81): CodeIgniter\Debug\Exceptions->errorHandler(2, 'Array to string conversion', 'APPPATH\\Views\\USUARIO\\chart.php', 81)
 2 SYSTEMPATH\View\View.php(213): include('APPPATH\\Views\\USUARIO\\chart.php')
 3 SYSTEMPATH\View\View.php(216): CodeIgniter\View\View->CodeIgniter\View\{closure}()
 4 SYSTEMPATH\Common.php(1142): CodeIgniter\View\View->render('USUARIO\\chart', [], true)
 5 APPPATH\Controllers\DiagramaGraph.php(71): view('USUARIO\\chart', [...])
 6 SYSTEMPATH\CodeIgniter.php(904): App\Controllers\DiagramaGraph->initChart()
 7 SYSTEMPATH\CodeIgniter.php(457): CodeIgniter\CodeIgniter->runController(Object(App\Controllers\DiagramaGraph))
 8 SYSTEMPATH\CodeIgniter.php(340): CodeIgniter\CodeIgniter->handleRequest(null, Object(Config\Cache), false)
 9 FCPATH\index.php(68): CodeIgniter\CodeIgniter->run()
CRITICAL - 2022-12-06 14:08:40 --> Undefined array key "Op_detalle"
in APPPATH\Controllers\Home.php on line 482.
 1 APPPATH\Controllers\Home.php(482): CodeIgniter\Debug\Exceptions->errorHandler(2, 'Undefined array key "Op_detalle"', 'APPPATH\\Controllers\\Home.php', 482)
 2 SYSTEMPATH\CodeIgniter.php(904): App\Controllers\Home->operationSend()
 3 SYSTEMPATH\CodeIgniter.php(457): CodeIgniter\CodeIgniter->runController(Object(App\Controllers\Home))
 4 SYSTEMPATH\CodeIgniter.php(340): CodeIgniter\CodeIgniter->handleRequest(null, Object(Config\Cache), false)
 5 FCPATH\index.php(68): CodeIgniter\CodeIgniter->run()
CRITICAL - 2022-12-06 14:09:43 --> Undefined array key "Op_detalle"
in APPPATH\Controllers\Home.php on line 482.
 1 APPPATH\Controllers\Home.php(482): CodeIgniter\Debug\Exceptions->errorHandler(2, 'Undefined array key "Op_detalle"', 'APPPATH\\Controllers\\Home.php', 482)
 2 SYSTEMPATH\CodeIgniter.php(904): App\Controllers\Home->operationSend()
 3 SYSTEMPATH\CodeIgniter.php(457): CodeIgniter\CodeIgniter->runController(Object(App\Controllers\Home))
 4 SYSTEMPATH\CodeIgniter.php(340): CodeIgniter\CodeIgniter->handleRequest(null, Object(Config\Cache), false)
 5 FCPATH\index.php(68): CodeIgniter\CodeIgniter->run()
CRITICAL - 2022-12-06 14:10:08 --> Undefined array key "Op_detalle"
in APPPATH\Controllers\Home.php on line 482.
 1 APPPATH\Controllers\Home.php(482): CodeIgniter\Debug\Exceptions->errorHandler(2, 'Undefined array key "Op_detalle"', 'APPPATH\\Controllers\\Home.php', 482)
 2 SYSTEMPATH\CodeIgniter.php(904): App\Controllers\Home->operationSend()
 3 SYSTEMPATH\CodeIgniter.php(457): CodeIgniter\CodeIgniter->runController(Object(App\Controllers\Home))
 4 SYSTEMPATH\CodeIgniter.php(340): CodeIgniter\CodeIgniter->handleRequest(null, Object(Config\Cache), false)
 5 FCPATH\index.php(68): CodeIgniter\CodeIgniter->run()
