CRITICAL - 2022-11-07 07:28:30 --> Undefined property: App\Controllers\Home::$session
in APPPATH\Controllers\Home.php on line 41.
 1 APPPATH\Controllers\Home.php(41): CodeIgniter\Debug\Exceptions->errorHandler(2, 'Undefined property: App\\Controllers\\Home::$session', 'APPPATH\\Controllers\\Home.php', 41)
 2 SYSTEMPATH\CodeIgniter.php(904): App\Controllers\Home->VerStaff()
 3 SYSTEMPATH\CodeIgniter.php(457): CodeIgniter\CodeIgniter->runController(Object(App\Controllers\Home))
 4 SYSTEMPATH\CodeIgniter.php(340): CodeIgniter\CodeIgniter->handleRequest(null, Object(Config\Cache), false)
 5 FCPATH\index.php(68): CodeIgniter\CodeIgniter->run()
CRITICAL - 2022-11-07 07:29:32 --> Undefined property: App\Controllers\Home::$session
in APPPATH\Controllers\Home.php on line 66.
 1 APPPATH\Controllers\Home.php(66): CodeIgniter\Debug\Exceptions->errorHandler(2, 'Undefined property: App\\Controllers\\Home::$session', 'APPPATH\\Controllers\\Home.php', 66)
 2 SYSTEMPATH\CodeIgniter.php(904): App\Controllers\Home->VerPacientes()
 3 SYSTEMPATH\CodeIgniter.php(457): CodeIgniter\CodeIgniter->runController(Object(App\Controllers\Home))
 4 SYSTEMPATH\CodeIgniter.php(340): CodeIgniter\CodeIgniter->handleRequest(null, Object(Config\Cache), false)
 5 FCPATH\index.php(68): CodeIgniter\CodeIgniter->run()
CRITICAL - 2022-11-07 07:32:20 --> Undefined property: App\Controllers\Home::$input
in APPPATH\Controllers\Home.php on line 41.
 1 APPPATH\Controllers\Home.php(41): CodeIgniter\Debug\Exceptions->errorHandler(2, 'Undefined property: App\\Controllers\\Home::$input', 'APPPATH\\Controllers\\Home.php', 41)
 2 SYSTEMPATH\CodeIgniter.php(904): App\Controllers\Home->VerStaff()
 3 SYSTEMPATH\CodeIgniter.php(457): CodeIgniter\CodeIgniter->runController(Object(App\Controllers\Home))
 4 SYSTEMPATH\CodeIgniter.php(340): CodeIgniter\CodeIgniter->handleRequest(null, Object(Config\Cache), false)
 5 FCPATH\index.php(68): CodeIgniter\CodeIgniter->run()
CRITICAL - 2022-11-07 07:36:43 --> Undefined property: App\Controllers\Home::$session
in APPPATH\Controllers\Home.php on line 66.
 1 APPPATH\Controllers\Home.php(66): CodeIgniter\Debug\Exceptions->errorHandler(2, 'Undefined property: App\\Controllers\\Home::$session', 'APPPATH\\Controllers\\Home.php', 66)
 2 SYSTEMPATH\CodeIgniter.php(904): App\Controllers\Home->VerPacientes()
 3 SYSTEMPATH\CodeIgniter.php(457): CodeIgniter\CodeIgniter->runController(Object(App\Controllers\Home))
 4 SYSTEMPATH\CodeIgniter.php(340): CodeIgniter\CodeIgniter->handleRequest(null, Object(Config\Cache), false)
 5 FCPATH\index.php(68): CodeIgniter\CodeIgniter->run()
CRITICAL - 2022-11-07 07:37:00 --> Undefined property: App\Controllers\Home::$session
in APPPATH\Controllers\Home.php on line 66.
 1 APPPATH\Controllers\Home.php(66): CodeIgniter\Debug\Exceptions->errorHandler(2, 'Undefined property: App\\Controllers\\Home::$session', 'APPPATH\\Controllers\\Home.php', 66)
 2 SYSTEMPATH\CodeIgniter.php(904): App\Controllers\Home->VerPacientes()
 3 SYSTEMPATH\CodeIgniter.php(457): CodeIgniter\CodeIgniter->runController(Object(App\Controllers\Home))
 4 SYSTEMPATH\CodeIgniter.php(340): CodeIgniter\CodeIgniter->handleRequest(null, Object(Config\Cache), false)
 5 FCPATH\index.php(68): CodeIgniter\CodeIgniter->run()
CRITICAL - 2022-11-07 07:37:01 --> Undefined property: App\Controllers\Home::$session
in APPPATH\Controllers\Home.php on line 66.
 1 APPPATH\Controllers\Home.php(66): CodeIgniter\Debug\Exceptions->errorHandler(2, 'Undefined property: App\\Controllers\\Home::$session', 'APPPATH\\Controllers\\Home.php', 66)
 2 SYSTEMPATH\CodeIgniter.php(904): App\Controllers\Home->VerPacientes()
 3 SYSTEMPATH\CodeIgniter.php(457): CodeIgniter\CodeIgniter->runController(Object(App\Controllers\Home))
 4 SYSTEMPATH\CodeIgniter.php(340): CodeIgniter\CodeIgniter->handleRequest(null, Object(Config\Cache), false)
 5 FCPATH\index.php(68): CodeIgniter\CodeIgniter->run()
CRITICAL - 2022-11-07 07:38:06 --> Undefined property: App\Controllers\Home::$session
in APPPATH\Controllers\Home.php on line 141.
 1 APPPATH\Controllers\Home.php(141): CodeIgniter\Debug\Exceptions->errorHandler(2, 'Undefined property: App\\Controllers\\Home::$session', 'APPPATH\\Controllers\\Home.php', 141)
 2 SYSTEMPATH\CodeIgniter.php(904): App\Controllers\Home->pac_delete('203828160')
 3 SYSTEMPATH\CodeIgniter.php(457): CodeIgniter\CodeIgniter->runController(Object(App\Controllers\Home))
 4 SYSTEMPATH\CodeIgniter.php(340): CodeIgniter\CodeIgniter->handleRequest(null, Object(Config\Cache), false)
 5 FCPATH\index.php(68): CodeIgniter\CodeIgniter->run()
CRITICAL - 2022-11-07 07:39:01 --> Call to undefined method CodeIgniter\Session\Session::set_flashdata()
in APPPATH\Controllers\Home.php on line 143.
 1 SYSTEMPATH\CodeIgniter.php(904): App\Controllers\Home->pac_delete('203828160')
 2 SYSTEMPATH\CodeIgniter.php(457): CodeIgniter\CodeIgniter->runController(Object(App\Controllers\Home))
 3 SYSTEMPATH\CodeIgniter.php(340): CodeIgniter\CodeIgniter->handleRequest(null, Object(Config\Cache), false)
 4 FCPATH\index.php(68): CodeIgniter\CodeIgniter->run()
CRITICAL - 2022-11-07 07:48:49 --> Undefined property: App\Controllers\Home::$uri
in APPPATH\Controllers\Home.php on line 78.
 1 APPPATH\Controllers\Home.php(78): CodeIgniter\Debug\Exceptions->errorHandler(2, 'Undefined property: App\\Controllers\\Home::$uri', 'APPPATH\\Controllers\\Home.php', 78)
 2 SYSTEMPATH\CodeIgniter.php(904): App\Controllers\Home->VerPacientes()
 3 SYSTEMPATH\CodeIgniter.php(457): CodeIgniter\CodeIgniter->runController(Object(App\Controllers\Home))
 4 SYSTEMPATH\CodeIgniter.php(340): CodeIgniter\CodeIgniter->handleRequest(null, Object(Config\Cache), false)
 5 FCPATH\index.php(68): CodeIgniter\CodeIgniter->run()
CRITICAL - 2022-11-07 08:17:09 --> Undefined property: App\Controllers\Home::$session
in APPPATH\Controllers\Home.php on line 41.
 1 APPPATH\Controllers\Home.php(41): CodeIgniter\Debug\Exceptions->errorHandler(2, 'Undefined property: App\\Controllers\\Home::$session', 'APPPATH\\Controllers\\Home.php', 41)
 2 SYSTEMPATH\CodeIgniter.php(904): App\Controllers\Home->VerStaff()
 3 SYSTEMPATH\CodeIgniter.php(457): CodeIgniter\CodeIgniter->runController(Object(App\Controllers\Home))
 4 SYSTEMPATH\CodeIgniter.php(340): CodeIgniter\CodeIgniter->handleRequest(null, Object(Config\Cache), false)
 5 FCPATH\index.php(68): CodeIgniter\CodeIgniter->run()
ERROR - 2022-11-07 10:52:38 --> mysqli_sql_exception: Cannot delete or update a parent row: a foreign key constraint fails (`clinica`.`cuenta`, CONSTRAINT `FK_per_cod` FOREIGN KEY (`Per_cod`) REFERENCES `personal` (`Per_cod`) ON DELETE NO ACTION ON UPDATE NO ACTION) in C:\xampp\htdocs\SISTEMA_CLINICA\system\Database\MySQLi\Connection.php:292
Stack trace:
#0 C:\xampp\htdocs\SISTEMA_CLINICA\system\Database\MySQLi\Connection.php(292): mysqli->query('DELETE FROM `pe...', 0)
#1 C:\xampp\htdocs\SISTEMA_CLINICA\system\Database\BaseConnection.php(693): CodeIgniter\Database\MySQLi\Connection->execute('DELETE FROM `pe...')
#2 C:\xampp\htdocs\SISTEMA_CLINICA\system\Database\BaseConnection.php(620): CodeIgniter\Database\BaseConnection->simpleQuery('DELETE FROM `pe...')
#3 C:\xampp\htdocs\SISTEMA_CLINICA\system\Database\BaseBuilder.php(2390): CodeIgniter\Database\BaseConnection->query('DELETE FROM `pe...', Array, false)
#4 C:\xampp\htdocs\SISTEMA_CLINICA\system\Model.php(401): CodeIgniter\Database\BaseBuilder->delete()
#5 C:\xampp\htdocs\SISTEMA_CLINICA\system\BaseModel.php(963): CodeIgniter\Model->doDelete(Array, false)
#6 C:\xampp\htdocs\SISTEMA_CLINICA\app\Controllers\Home.php(125): CodeIgniter\BaseModel->delete(Array)
#7 C:\xampp\htdocs\SISTEMA_CLINICA\system\CodeIgniter.php(904): App\Controllers\Home->per_delete('101')
#8 C:\xampp\htdocs\SISTEMA_CLINICA\system\CodeIgniter.php(457): CodeIgniter\CodeIgniter->runController(Object(App\Controllers\Home))
#9 C:\xampp\htdocs\SISTEMA_CLINICA\system\CodeIgniter.php(340): CodeIgniter\CodeIgniter->handleRequest(NULL, Object(Config\Cache), false)
#10 C:\xampp\htdocs\SISTEMA_CLINICA\index.php(68): CodeIgniter\CodeIgniter->run()
#11 {main}
ERROR - 2022-11-07 10:53:47 --> mysqli_sql_exception: Cannot delete or update a parent row: a foreign key constraint fails (`clinica`.`cuenta`, CONSTRAINT `FK_per_cod` FOREIGN KEY (`Per_cod`) REFERENCES `personal` (`Per_cod`) ON DELETE NO ACTION ON UPDATE NO ACTION) in C:\xampp\htdocs\SISTEMA_CLINICA\system\Database\MySQLi\Connection.php:292
Stack trace:
#0 C:\xampp\htdocs\SISTEMA_CLINICA\system\Database\MySQLi\Connection.php(292): mysqli->query('DELETE FROM `pe...', 0)
#1 C:\xampp\htdocs\SISTEMA_CLINICA\system\Database\BaseConnection.php(693): CodeIgniter\Database\MySQLi\Connection->execute('DELETE FROM `pe...')
#2 C:\xampp\htdocs\SISTEMA_CLINICA\system\Database\BaseConnection.php(620): CodeIgniter\Database\BaseConnection->simpleQuery('DELETE FROM `pe...')
#3 C:\xampp\htdocs\SISTEMA_CLINICA\system\Database\BaseBuilder.php(2390): CodeIgniter\Database\BaseConnection->query('DELETE FROM `pe...', Array, false)
#4 C:\xampp\htdocs\SISTEMA_CLINICA\system\Model.php(401): CodeIgniter\Database\BaseBuilder->delete()
#5 C:\xampp\htdocs\SISTEMA_CLINICA\system\BaseModel.php(963): CodeIgniter\Model->doDelete(Array, false)
#6 C:\xampp\htdocs\SISTEMA_CLINICA\app\Controllers\Home.php(125): CodeIgniter\BaseModel->delete(Array)
#7 C:\xampp\htdocs\SISTEMA_CLINICA\system\CodeIgniter.php(904): App\Controllers\Home->per_delete('101')
#8 C:\xampp\htdocs\SISTEMA_CLINICA\system\CodeIgniter.php(457): CodeIgniter\CodeIgniter->runController(Object(App\Controllers\Home))
#9 C:\xampp\htdocs\SISTEMA_CLINICA\system\CodeIgniter.php(340): CodeIgniter\CodeIgniter->handleRequest(NULL, Object(Config\Cache), false)
#10 C:\xampp\htdocs\SISTEMA_CLINICA\index.php(68): CodeIgniter\CodeIgniter->run()
#11 {main}
ERROR - 2022-11-07 10:53:49 --> mysqli_sql_exception: Cannot delete or update a parent row: a foreign key constraint fails (`clinica`.`cuenta`, CONSTRAINT `FK_per_cod` FOREIGN KEY (`Per_cod`) REFERENCES `personal` (`Per_cod`) ON DELETE NO ACTION ON UPDATE NO ACTION) in C:\xampp\htdocs\SISTEMA_CLINICA\system\Database\MySQLi\Connection.php:292
Stack trace:
#0 C:\xampp\htdocs\SISTEMA_CLINICA\system\Database\MySQLi\Connection.php(292): mysqli->query('DELETE FROM `pe...', 0)
#1 C:\xampp\htdocs\SISTEMA_CLINICA\system\Database\BaseConnection.php(693): CodeIgniter\Database\MySQLi\Connection->execute('DELETE FROM `pe...')
#2 C:\xampp\htdocs\SISTEMA_CLINICA\system\Database\BaseConnection.php(620): CodeIgniter\Database\BaseConnection->simpleQuery('DELETE FROM `pe...')
#3 C:\xampp\htdocs\SISTEMA_CLINICA\system\Database\BaseBuilder.php(2390): CodeIgniter\Database\BaseConnection->query('DELETE FROM `pe...', Array, false)
#4 C:\xampp\htdocs\SISTEMA_CLINICA\system\Model.php(401): CodeIgniter\Database\BaseBuilder->delete()
#5 C:\xampp\htdocs\SISTEMA_CLINICA\system\BaseModel.php(963): CodeIgniter\Model->doDelete(Array, false)
#6 C:\xampp\htdocs\SISTEMA_CLINICA\app\Controllers\Home.php(125): CodeIgniter\BaseModel->delete(Array)
#7 C:\xampp\htdocs\SISTEMA_CLINICA\system\CodeIgniter.php(904): App\Controllers\Home->per_delete('101')
#8 C:\xampp\htdocs\SISTEMA_CLINICA\system\CodeIgniter.php(457): CodeIgniter\CodeIgniter->runController(Object(App\Controllers\Home))
#9 C:\xampp\htdocs\SISTEMA_CLINICA\system\CodeIgniter.php(340): CodeIgniter\CodeIgniter->handleRequest(NULL, Object(Config\Cache), false)
#10 C:\xampp\htdocs\SISTEMA_CLINICA\index.php(68): CodeIgniter\CodeIgniter->run()
#11 {main}
ERROR - 2022-11-07 10:54:11 --> mysqli_sql_exception: Cannot delete or update a parent row: a foreign key constraint fails (`clinica`.`cuenta`, CONSTRAINT `FK_per_cod` FOREIGN KEY (`Per_cod`) REFERENCES `personal` (`Per_cod`) ON DELETE NO ACTION ON UPDATE NO ACTION) in C:\xampp\htdocs\SISTEMA_CLINICA\system\Database\MySQLi\Connection.php:292
Stack trace:
#0 C:\xampp\htdocs\SISTEMA_CLINICA\system\Database\MySQLi\Connection.php(292): mysqli->query('DELETE FROM `pe...', 0)
#1 C:\xampp\htdocs\SISTEMA_CLINICA\system\Database\BaseConnection.php(693): CodeIgniter\Database\MySQLi\Connection->execute('DELETE FROM `pe...')
#2 C:\xampp\htdocs\SISTEMA_CLINICA\system\Database\BaseConnection.php(620): CodeIgniter\Database\BaseConnection->simpleQuery('DELETE FROM `pe...')
#3 C:\xampp\htdocs\SISTEMA_CLINICA\system\Database\BaseBuilder.php(2390): CodeIgniter\Database\BaseConnection->query('DELETE FROM `pe...', Array, false)
#4 C:\xampp\htdocs\SISTEMA_CLINICA\system\Model.php(401): CodeIgniter\Database\BaseBuilder->delete()
#5 C:\xampp\htdocs\SISTEMA_CLINICA\system\BaseModel.php(963): CodeIgniter\Model->doDelete(Array, false)
#6 C:\xampp\htdocs\SISTEMA_CLINICA\app\Controllers\Home.php(122): CodeIgniter\BaseModel->delete(Array)
#7 C:\xampp\htdocs\SISTEMA_CLINICA\system\CodeIgniter.php(904): App\Controllers\Home->per_delete('101')
#8 C:\xampp\htdocs\SISTEMA_CLINICA\system\CodeIgniter.php(457): CodeIgniter\CodeIgniter->runController(Object(App\Controllers\Home))
#9 C:\xampp\htdocs\SISTEMA_CLINICA\system\CodeIgniter.php(340): CodeIgniter\CodeIgniter->handleRequest(NULL, Object(Config\Cache), false)
#10 C:\xampp\htdocs\SISTEMA_CLINICA\index.php(68): CodeIgniter\CodeIgniter->run()
#11 {main}
ERROR - 2022-11-07 10:56:28 --> mysqli_sql_exception: Cannot delete or update a parent row: a foreign key constraint fails (`clinica`.`cuenta`, CONSTRAINT `FK_per_cod` FOREIGN KEY (`Per_cod`) REFERENCES `personal` (`Per_cod`) ON DELETE NO ACTION ON UPDATE NO ACTION) in C:\xampp\htdocs\SISTEMA_CLINICA\system\Database\MySQLi\Connection.php:292
Stack trace:
#0 C:\xampp\htdocs\SISTEMA_CLINICA\system\Database\MySQLi\Connection.php(292): mysqli->query('DELETE FROM `pe...', 0)
#1 C:\xampp\htdocs\SISTEMA_CLINICA\system\Database\BaseConnection.php(693): CodeIgniter\Database\MySQLi\Connection->execute('DELETE FROM `pe...')
#2 C:\xampp\htdocs\SISTEMA_CLINICA\system\Database\BaseConnection.php(620): CodeIgniter\Database\BaseConnection->simpleQuery('DELETE FROM `pe...')
#3 C:\xampp\htdocs\SISTEMA_CLINICA\system\Database\BaseBuilder.php(2390): CodeIgniter\Database\BaseConnection->query('DELETE FROM `pe...', Array, false)
#4 C:\xampp\htdocs\SISTEMA_CLINICA\system\Model.php(401): CodeIgniter\Database\BaseBuilder->delete()
#5 C:\xampp\htdocs\SISTEMA_CLINICA\system\BaseModel.php(963): CodeIgniter\Model->doDelete(Array, false)
#6 C:\xampp\htdocs\SISTEMA_CLINICA\app\Controllers\Home.php(122): CodeIgniter\BaseModel->delete(Array)
#7 C:\xampp\htdocs\SISTEMA_CLINICA\system\CodeIgniter.php(904): App\Controllers\Home->per_delete('101')
#8 C:\xampp\htdocs\SISTEMA_CLINICA\system\CodeIgniter.php(457): CodeIgniter\CodeIgniter->runController(Object(App\Controllers\Home))
#9 C:\xampp\htdocs\SISTEMA_CLINICA\system\CodeIgniter.php(340): CodeIgniter\CodeIgniter->handleRequest(NULL, Object(Config\Cache), false)
#10 C:\xampp\htdocs\SISTEMA_CLINICA\index.php(68): CodeIgniter\CodeIgniter->run()
#11 {main}
ERROR - 2022-11-07 10:56:29 --> mysqli_sql_exception: Cannot delete or update a parent row: a foreign key constraint fails (`clinica`.`cuenta`, CONSTRAINT `FK_per_cod` FOREIGN KEY (`Per_cod`) REFERENCES `personal` (`Per_cod`) ON DELETE NO ACTION ON UPDATE NO ACTION) in C:\xampp\htdocs\SISTEMA_CLINICA\system\Database\MySQLi\Connection.php:292
Stack trace:
#0 C:\xampp\htdocs\SISTEMA_CLINICA\system\Database\MySQLi\Connection.php(292): mysqli->query('DELETE FROM `pe...', 0)
#1 C:\xampp\htdocs\SISTEMA_CLINICA\system\Database\BaseConnection.php(693): CodeIgniter\Database\MySQLi\Connection->execute('DELETE FROM `pe...')
#2 C:\xampp\htdocs\SISTEMA_CLINICA\system\Database\BaseConnection.php(620): CodeIgniter\Database\BaseConnection->simpleQuery('DELETE FROM `pe...')
#3 C:\xampp\htdocs\SISTEMA_CLINICA\system\Database\BaseBuilder.php(2390): CodeIgniter\Database\BaseConnection->query('DELETE FROM `pe...', Array, false)
#4 C:\xampp\htdocs\SISTEMA_CLINICA\system\Model.php(401): CodeIgniter\Database\BaseBuilder->delete()
#5 C:\xampp\htdocs\SISTEMA_CLINICA\system\BaseModel.php(963): CodeIgniter\Model->doDelete(Array, false)
#6 C:\xampp\htdocs\SISTEMA_CLINICA\app\Controllers\Home.php(122): CodeIgniter\BaseModel->delete(Array)
#7 C:\xampp\htdocs\SISTEMA_CLINICA\system\CodeIgniter.php(904): App\Controllers\Home->per_delete('101')
#8 C:\xampp\htdocs\SISTEMA_CLINICA\system\CodeIgniter.php(457): CodeIgniter\CodeIgniter->runController(Object(App\Controllers\Home))
#9 C:\xampp\htdocs\SISTEMA_CLINICA\system\CodeIgniter.php(340): CodeIgniter\CodeIgniter->handleRequest(NULL, Object(Config\Cache), false)
#10 C:\xampp\htdocs\SISTEMA_CLINICA\index.php(68): CodeIgniter\CodeIgniter->run()
#11 {main}
ERROR - 2022-11-07 10:56:30 --> mysqli_sql_exception: Cannot delete or update a parent row: a foreign key constraint fails (`clinica`.`cuenta`, CONSTRAINT `FK_per_cod` FOREIGN KEY (`Per_cod`) REFERENCES `personal` (`Per_cod`) ON DELETE NO ACTION ON UPDATE NO ACTION) in C:\xampp\htdocs\SISTEMA_CLINICA\system\Database\MySQLi\Connection.php:292
Stack trace:
#0 C:\xampp\htdocs\SISTEMA_CLINICA\system\Database\MySQLi\Connection.php(292): mysqli->query('DELETE FROM `pe...', 0)
#1 C:\xampp\htdocs\SISTEMA_CLINICA\system\Database\BaseConnection.php(693): CodeIgniter\Database\MySQLi\Connection->execute('DELETE FROM `pe...')
#2 C:\xampp\htdocs\SISTEMA_CLINICA\system\Database\BaseConnection.php(620): CodeIgniter\Database\BaseConnection->simpleQuery('DELETE FROM `pe...')
#3 C:\xampp\htdocs\SISTEMA_CLINICA\system\Database\BaseBuilder.php(2390): CodeIgniter\Database\BaseConnection->query('DELETE FROM `pe...', Array, false)
#4 C:\xampp\htdocs\SISTEMA_CLINICA\system\Model.php(401): CodeIgniter\Database\BaseBuilder->delete()
#5 C:\xampp\htdocs\SISTEMA_CLINICA\system\BaseModel.php(963): CodeIgniter\Model->doDelete(Array, false)
#6 C:\xampp\htdocs\SISTEMA_CLINICA\app\Controllers\Home.php(122): CodeIgniter\BaseModel->delete(Array)
#7 C:\xampp\htdocs\SISTEMA_CLINICA\system\CodeIgniter.php(904): App\Controllers\Home->per_delete('101')
#8 C:\xampp\htdocs\SISTEMA_CLINICA\system\CodeIgniter.php(457): CodeIgniter\CodeIgniter->runController(Object(App\Controllers\Home))
#9 C:\xampp\htdocs\SISTEMA_CLINICA\system\CodeIgniter.php(340): CodeIgniter\CodeIgniter->handleRequest(NULL, Object(Config\Cache), false)
#10 C:\xampp\htdocs\SISTEMA_CLINICA\index.php(68): CodeIgniter\CodeIgniter->run()
#11 {main}
ERROR - 2022-11-07 10:56:31 --> mysqli_sql_exception: Cannot delete or update a parent row: a foreign key constraint fails (`clinica`.`cuenta`, CONSTRAINT `FK_per_cod` FOREIGN KEY (`Per_cod`) REFERENCES `personal` (`Per_cod`) ON DELETE NO ACTION ON UPDATE NO ACTION) in C:\xampp\htdocs\SISTEMA_CLINICA\system\Database\MySQLi\Connection.php:292
Stack trace:
#0 C:\xampp\htdocs\SISTEMA_CLINICA\system\Database\MySQLi\Connection.php(292): mysqli->query('DELETE FROM `pe...', 0)
#1 C:\xampp\htdocs\SISTEMA_CLINICA\system\Database\BaseConnection.php(693): CodeIgniter\Database\MySQLi\Connection->execute('DELETE FROM `pe...')
#2 C:\xampp\htdocs\SISTEMA_CLINICA\system\Database\BaseConnection.php(620): CodeIgniter\Database\BaseConnection->simpleQuery('DELETE FROM `pe...')
#3 C:\xampp\htdocs\SISTEMA_CLINICA\system\Database\BaseBuilder.php(2390): CodeIgniter\Database\BaseConnection->query('DELETE FROM `pe...', Array, false)
#4 C:\xampp\htdocs\SISTEMA_CLINICA\system\Model.php(401): CodeIgniter\Database\BaseBuilder->delete()
#5 C:\xampp\htdocs\SISTEMA_CLINICA\system\BaseModel.php(963): CodeIgniter\Model->doDelete(Array, false)
#6 C:\xampp\htdocs\SISTEMA_CLINICA\app\Controllers\Home.php(122): CodeIgniter\BaseModel->delete(Array)
#7 C:\xampp\htdocs\SISTEMA_CLINICA\system\CodeIgniter.php(904): App\Controllers\Home->per_delete('101')
#8 C:\xampp\htdocs\SISTEMA_CLINICA\system\CodeIgniter.php(457): CodeIgniter\CodeIgniter->runController(Object(App\Controllers\Home))
#9 C:\xampp\htdocs\SISTEMA_CLINICA\system\CodeIgniter.php(340): CodeIgniter\CodeIgniter->handleRequest(NULL, Object(Config\Cache), false)
#10 C:\xampp\htdocs\SISTEMA_CLINICA\index.php(68): CodeIgniter\CodeIgniter->run()
#11 {main}
ERROR - 2022-11-07 10:56:31 --> mysqli_sql_exception: Cannot delete or update a parent row: a foreign key constraint fails (`clinica`.`cuenta`, CONSTRAINT `FK_per_cod` FOREIGN KEY (`Per_cod`) REFERENCES `personal` (`Per_cod`) ON DELETE NO ACTION ON UPDATE NO ACTION) in C:\xampp\htdocs\SISTEMA_CLINICA\system\Database\MySQLi\Connection.php:292
Stack trace:
#0 C:\xampp\htdocs\SISTEMA_CLINICA\system\Database\MySQLi\Connection.php(292): mysqli->query('DELETE FROM `pe...', 0)
#1 C:\xampp\htdocs\SISTEMA_CLINICA\system\Database\BaseConnection.php(693): CodeIgniter\Database\MySQLi\Connection->execute('DELETE FROM `pe...')
#2 C:\xampp\htdocs\SISTEMA_CLINICA\system\Database\BaseConnection.php(620): CodeIgniter\Database\BaseConnection->simpleQuery('DELETE FROM `pe...')
#3 C:\xampp\htdocs\SISTEMA_CLINICA\system\Database\BaseBuilder.php(2390): CodeIgniter\Database\BaseConnection->query('DELETE FROM `pe...', Array, false)
#4 C:\xampp\htdocs\SISTEMA_CLINICA\system\Model.php(401): CodeIgniter\Database\BaseBuilder->delete()
#5 C:\xampp\htdocs\SISTEMA_CLINICA\system\BaseModel.php(963): CodeIgniter\Model->doDelete(Array, false)
#6 C:\xampp\htdocs\SISTEMA_CLINICA\app\Controllers\Home.php(122): CodeIgniter\BaseModel->delete(Array)
#7 C:\xampp\htdocs\SISTEMA_CLINICA\system\CodeIgniter.php(904): App\Controllers\Home->per_delete('101')
#8 C:\xampp\htdocs\SISTEMA_CLINICA\system\CodeIgniter.php(457): CodeIgniter\CodeIgniter->runController(Object(App\Controllers\Home))
#9 C:\xampp\htdocs\SISTEMA_CLINICA\system\CodeIgniter.php(340): CodeIgniter\CodeIgniter->handleRequest(NULL, Object(Config\Cache), false)
#10 C:\xampp\htdocs\SISTEMA_CLINICA\index.php(68): CodeIgniter\CodeIgniter->run()
#11 {main}
ERROR - 2022-11-07 10:57:54 --> mysqli_sql_exception: Cannot delete or update a parent row: a foreign key constraint fails (`clinica`.`cuenta`, CONSTRAINT `FK_per_cod` FOREIGN KEY (`Per_cod`) REFERENCES `personal` (`Per_cod`) ON DELETE NO ACTION ON UPDATE NO ACTION) in C:\xampp\htdocs\SISTEMA_CLINICA\system\Database\MySQLi\Connection.php:292
Stack trace:
#0 C:\xampp\htdocs\SISTEMA_CLINICA\system\Database\MySQLi\Connection.php(292): mysqli->query('DELETE FROM `pe...', 0)
#1 C:\xampp\htdocs\SISTEMA_CLINICA\system\Database\BaseConnection.php(693): CodeIgniter\Database\MySQLi\Connection->execute('DELETE FROM `pe...')
#2 C:\xampp\htdocs\SISTEMA_CLINICA\system\Database\BaseConnection.php(620): CodeIgniter\Database\BaseConnection->simpleQuery('DELETE FROM `pe...')
#3 C:\xampp\htdocs\SISTEMA_CLINICA\system\Database\BaseBuilder.php(2390): CodeIgniter\Database\BaseConnection->query('DELETE FROM `pe...', Array, false)
#4 C:\xampp\htdocs\SISTEMA_CLINICA\system\Model.php(401): CodeIgniter\Database\BaseBuilder->delete()
#5 C:\xampp\htdocs\SISTEMA_CLINICA\system\BaseModel.php(963): CodeIgniter\Model->doDelete(Array, false)
#6 C:\xampp\htdocs\SISTEMA_CLINICA\app\Controllers\Home.php(120): CodeIgniter\BaseModel->delete(Array)
#7 C:\xampp\htdocs\SISTEMA_CLINICA\system\CodeIgniter.php(904): App\Controllers\Home->per_delete('101')
#8 C:\xampp\htdocs\SISTEMA_CLINICA\system\CodeIgniter.php(457): CodeIgniter\CodeIgniter->runController(Object(App\Controllers\Home))
#9 C:\xampp\htdocs\SISTEMA_CLINICA\system\CodeIgniter.php(340): CodeIgniter\CodeIgniter->handleRequest(NULL, Object(Config\Cache), false)
#10 C:\xampp\htdocs\SISTEMA_CLINICA\index.php(68): CodeIgniter\CodeIgniter->run()
#11 {main}
ERROR - 2022-11-07 10:57:56 --> mysqli_sql_exception: Cannot delete or update a parent row: a foreign key constraint fails (`clinica`.`cuenta`, CONSTRAINT `FK_per_cod` FOREIGN KEY (`Per_cod`) REFERENCES `personal` (`Per_cod`) ON DELETE NO ACTION ON UPDATE NO ACTION) in C:\xampp\htdocs\SISTEMA_CLINICA\system\Database\MySQLi\Connection.php:292
Stack trace:
#0 C:\xampp\htdocs\SISTEMA_CLINICA\system\Database\MySQLi\Connection.php(292): mysqli->query('DELETE FROM `pe...', 0)
#1 C:\xampp\htdocs\SISTEMA_CLINICA\system\Database\BaseConnection.php(693): CodeIgniter\Database\MySQLi\Connection->execute('DELETE FROM `pe...')
#2 C:\xampp\htdocs\SISTEMA_CLINICA\system\Database\BaseConnection.php(620): CodeIgniter\Database\BaseConnection->simpleQuery('DELETE FROM `pe...')
#3 C:\xampp\htdocs\SISTEMA_CLINICA\system\Database\BaseBuilder.php(2390): CodeIgniter\Database\BaseConnection->query('DELETE FROM `pe...', Array, false)
#4 C:\xampp\htdocs\SISTEMA_CLINICA\system\Model.php(401): CodeIgniter\Database\BaseBuilder->delete()
#5 C:\xampp\htdocs\SISTEMA_CLINICA\system\BaseModel.php(963): CodeIgniter\Model->doDelete(Array, false)
#6 C:\xampp\htdocs\SISTEMA_CLINICA\app\Controllers\Home.php(120): CodeIgniter\BaseModel->delete(Array)
#7 C:\xampp\htdocs\SISTEMA_CLINICA\system\CodeIgniter.php(904): App\Controllers\Home->per_delete('101')
#8 C:\xampp\htdocs\SISTEMA_CLINICA\system\CodeIgniter.php(457): CodeIgniter\CodeIgniter->runController(Object(App\Controllers\Home))
#9 C:\xampp\htdocs\SISTEMA_CLINICA\system\CodeIgniter.php(340): CodeIgniter\CodeIgniter->handleRequest(NULL, Object(Config\Cache), false)
#10 C:\xampp\htdocs\SISTEMA_CLINICA\index.php(68): CodeIgniter\CodeIgniter->run()
#11 {main}
ERROR - 2022-11-07 10:59:02 --> mysqli_sql_exception: Cannot delete or update a parent row: a foreign key constraint fails (`clinica`.`cuenta`, CONSTRAINT `FK_per_cod` FOREIGN KEY (`Per_cod`) REFERENCES `personal` (`Per_cod`) ON DELETE NO ACTION ON UPDATE NO ACTION) in C:\xampp\htdocs\SISTEMA_CLINICA\system\Database\MySQLi\Connection.php:292
Stack trace:
#0 C:\xampp\htdocs\SISTEMA_CLINICA\system\Database\MySQLi\Connection.php(292): mysqli->query('DELETE FROM `pe...', 0)
#1 C:\xampp\htdocs\SISTEMA_CLINICA\system\Database\BaseConnection.php(693): CodeIgniter\Database\MySQLi\Connection->execute('DELETE FROM `pe...')
#2 C:\xampp\htdocs\SISTEMA_CLINICA\system\Database\BaseConnection.php(620): CodeIgniter\Database\BaseConnection->simpleQuery('DELETE FROM `pe...')
#3 C:\xampp\htdocs\SISTEMA_CLINICA\system\Database\BaseBuilder.php(2390): CodeIgniter\Database\BaseConnection->query('DELETE FROM `pe...', Array, false)
#4 C:\xampp\htdocs\SISTEMA_CLINICA\system\Model.php(401): CodeIgniter\Database\BaseBuilder->delete()
#5 C:\xampp\htdocs\SISTEMA_CLINICA\system\BaseModel.php(963): CodeIgniter\Model->doDelete(Array, false)
#6 C:\xampp\htdocs\SISTEMA_CLINICA\app\Controllers\Home.php(124): CodeIgniter\BaseModel->delete(Array)
#7 C:\xampp\htdocs\SISTEMA_CLINICA\system\CodeIgniter.php(904): App\Controllers\Home->per_delete('101')
#8 C:\xampp\htdocs\SISTEMA_CLINICA\system\CodeIgniter.php(457): CodeIgniter\CodeIgniter->runController(Object(App\Controllers\Home))
#9 C:\xampp\htdocs\SISTEMA_CLINICA\system\CodeIgniter.php(340): CodeIgniter\CodeIgniter->handleRequest(NULL, Object(Config\Cache), false)
#10 C:\xampp\htdocs\SISTEMA_CLINICA\index.php(68): CodeIgniter\CodeIgniter->run()
#11 {main}
ERROR - 2022-11-07 10:59:03 --> mysqli_sql_exception: Cannot delete or update a parent row: a foreign key constraint fails (`clinica`.`cuenta`, CONSTRAINT `FK_per_cod` FOREIGN KEY (`Per_cod`) REFERENCES `personal` (`Per_cod`) ON DELETE NO ACTION ON UPDATE NO ACTION) in C:\xampp\htdocs\SISTEMA_CLINICA\system\Database\MySQLi\Connection.php:292
Stack trace:
#0 C:\xampp\htdocs\SISTEMA_CLINICA\system\Database\MySQLi\Connection.php(292): mysqli->query('DELETE FROM `pe...', 0)
#1 C:\xampp\htdocs\SISTEMA_CLINICA\system\Database\BaseConnection.php(693): CodeIgniter\Database\MySQLi\Connection->execute('DELETE FROM `pe...')
#2 C:\xampp\htdocs\SISTEMA_CLINICA\system\Database\BaseConnection.php(620): CodeIgniter\Database\BaseConnection->simpleQuery('DELETE FROM `pe...')
#3 C:\xampp\htdocs\SISTEMA_CLINICA\system\Database\BaseBuilder.php(2390): CodeIgniter\Database\BaseConnection->query('DELETE FROM `pe...', Array, false)
#4 C:\xampp\htdocs\SISTEMA_CLINICA\system\Model.php(401): CodeIgniter\Database\BaseBuilder->delete()
#5 C:\xampp\htdocs\SISTEMA_CLINICA\system\BaseModel.php(963): CodeIgniter\Model->doDelete(Array, false)
#6 C:\xampp\htdocs\SISTEMA_CLINICA\app\Controllers\Home.php(124): CodeIgniter\BaseModel->delete(Array)
#7 C:\xampp\htdocs\SISTEMA_CLINICA\system\CodeIgniter.php(904): App\Controllers\Home->per_delete('101')
#8 C:\xampp\htdocs\SISTEMA_CLINICA\system\CodeIgniter.php(457): CodeIgniter\CodeIgniter->runController(Object(App\Controllers\Home))
#9 C:\xampp\htdocs\SISTEMA_CLINICA\system\CodeIgniter.php(340): CodeIgniter\CodeIgniter->handleRequest(NULL, Object(Config\Cache), false)
#10 C:\xampp\htdocs\SISTEMA_CLINICA\index.php(68): CodeIgniter\CodeIgniter->run()
#11 {main}
ERROR - 2022-11-07 10:59:04 --> mysqli_sql_exception: Cannot delete or update a parent row: a foreign key constraint fails (`clinica`.`cuenta`, CONSTRAINT `FK_per_cod` FOREIGN KEY (`Per_cod`) REFERENCES `personal` (`Per_cod`) ON DELETE NO ACTION ON UPDATE NO ACTION) in C:\xampp\htdocs\SISTEMA_CLINICA\system\Database\MySQLi\Connection.php:292
Stack trace:
#0 C:\xampp\htdocs\SISTEMA_CLINICA\system\Database\MySQLi\Connection.php(292): mysqli->query('DELETE FROM `pe...', 0)
#1 C:\xampp\htdocs\SISTEMA_CLINICA\system\Database\BaseConnection.php(693): CodeIgniter\Database\MySQLi\Connection->execute('DELETE FROM `pe...')
#2 C:\xampp\htdocs\SISTEMA_CLINICA\system\Database\BaseConnection.php(620): CodeIgniter\Database\BaseConnection->simpleQuery('DELETE FROM `pe...')
#3 C:\xampp\htdocs\SISTEMA_CLINICA\system\Database\BaseBuilder.php(2390): CodeIgniter\Database\BaseConnection->query('DELETE FROM `pe...', Array, false)
#4 C:\xampp\htdocs\SISTEMA_CLINICA\system\Model.php(401): CodeIgniter\Database\BaseBuilder->delete()
#5 C:\xampp\htdocs\SISTEMA_CLINICA\system\BaseModel.php(963): CodeIgniter\Model->doDelete(Array, false)
#6 C:\xampp\htdocs\SISTEMA_CLINICA\app\Controllers\Home.php(124): CodeIgniter\BaseModel->delete(Array)
#7 C:\xampp\htdocs\SISTEMA_CLINICA\system\CodeIgniter.php(904): App\Controllers\Home->per_delete('101')
#8 C:\xampp\htdocs\SISTEMA_CLINICA\system\CodeIgniter.php(457): CodeIgniter\CodeIgniter->runController(Object(App\Controllers\Home))
#9 C:\xampp\htdocs\SISTEMA_CLINICA\system\CodeIgniter.php(340): CodeIgniter\CodeIgniter->handleRequest(NULL, Object(Config\Cache), false)
#10 C:\xampp\htdocs\SISTEMA_CLINICA\index.php(68): CodeIgniter\CodeIgniter->run()
#11 {main}
CRITICAL - 2022-11-07 10:59:46 --> Undefined variable $Per_cod
in APPPATH\Views\template\navbar.php on line 59.
 1 APPPATH\Views\template\navbar.php(59): CodeIgniter\Debug\Exceptions->errorHandler(2, 'Undefined variable $Per_cod', 'APPPATH\\Views\\template\\navbar.php', 59)
 2 SYSTEMPATH\View\View.php(213): include('APPPATH\\Views\\template\\navbar.php')
 3 SYSTEMPATH\View\View.php(216): CodeIgniter\View\View->CodeIgniter\View\{closure}()
 4 SYSTEMPATH\Common.php(1142): CodeIgniter\View\View->render('template\\navbar', [], true)
 5 APPPATH\Controllers\Home.php(58): view('template\\navbar', [...])
 6 SYSTEMPATH\CodeIgniter.php(904): App\Controllers\Home->VerStaff()
 7 SYSTEMPATH\CodeIgniter.php(457): CodeIgniter\CodeIgniter->runController(Object(App\Controllers\Home))
 8 SYSTEMPATH\CodeIgniter.php(340): CodeIgniter\CodeIgniter->handleRequest(null, Object(Config\Cache), false)
 9 FCPATH\index.php(68): CodeIgniter\CodeIgniter->run()
CRITICAL - 2022-11-07 11:03:27 --> Undefined variable $Per_cod
in APPPATH\Views\USUARIO\viewstaff.php on line 54.
 1 APPPATH\Views\USUARIO\viewstaff.php(54): CodeIgniter\Debug\Exceptions->errorHandler(2, 'Undefined variable $Per_cod', 'APPPATH\\Views\\USUARIO\\viewstaff.php', 54)
 2 SYSTEMPATH\View\View.php(213): include('APPPATH\\Views\\USUARIO\\viewstaff.php')
 3 SYSTEMPATH\View\View.php(216): CodeIgniter\View\View->CodeIgniter\View\{closure}()
 4 SYSTEMPATH\Common.php(1142): CodeIgniter\View\View->render('USUARIO\\viewstaff', [...], true)
 5 APPPATH\Controllers\Home.php(60): view('USUARIO\\viewstaff', [...], [...])
 6 SYSTEMPATH\CodeIgniter.php(904): App\Controllers\Home->VerStaff()
 7 SYSTEMPATH\CodeIgniter.php(457): CodeIgniter\CodeIgniter->runController(Object(App\Controllers\Home))
 8 SYSTEMPATH\CodeIgniter.php(340): CodeIgniter\CodeIgniter->handleRequest(null, Object(Config\Cache), false)
 9 FCPATH\index.php(68): CodeIgniter\CodeIgniter->run()
CRITICAL - 2022-11-07 11:03:29 --> Undefined variable $Per_cod
in APPPATH\Views\USUARIO\viewstaff.php on line 54.
 1 APPPATH\Views\USUARIO\viewstaff.php(54): CodeIgniter\Debug\Exceptions->errorHandler(2, 'Undefined variable $Per_cod', 'APPPATH\\Views\\USUARIO\\viewstaff.php', 54)
 2 SYSTEMPATH\View\View.php(213): include('APPPATH\\Views\\USUARIO\\viewstaff.php')
 3 SYSTEMPATH\View\View.php(216): CodeIgniter\View\View->CodeIgniter\View\{closure}()
 4 SYSTEMPATH\Common.php(1142): CodeIgniter\View\View->render('USUARIO\\viewstaff', [...], true)
 5 APPPATH\Controllers\Home.php(60): view('USUARIO\\viewstaff', [...], [...])
 6 SYSTEMPATH\CodeIgniter.php(904): App\Controllers\Home->VerStaff()
 7 SYSTEMPATH\CodeIgniter.php(457): CodeIgniter\CodeIgniter->runController(Object(App\Controllers\Home))
 8 SYSTEMPATH\CodeIgniter.php(340): CodeIgniter\CodeIgniter->handleRequest(null, Object(Config\Cache), false)
 9 FCPATH\index.php(68): CodeIgniter\CodeIgniter->run()
ERROR - 2022-11-07 11:04:01 --> mysqli_sql_exception: Cannot delete or update a parent row: a foreign key constraint fails (`clinica`.`cuenta`, CONSTRAINT `FK_per_cod` FOREIGN KEY (`Per_cod`) REFERENCES `personal` (`Per_cod`) ON DELETE NO ACTION ON UPDATE NO ACTION) in C:\xampp\htdocs\SISTEMA_CLINICA\system\Database\MySQLi\Connection.php:292
Stack trace:
#0 C:\xampp\htdocs\SISTEMA_CLINICA\system\Database\MySQLi\Connection.php(292): mysqli->query('DELETE FROM `pe...', 0)
#1 C:\xampp\htdocs\SISTEMA_CLINICA\system\Database\BaseConnection.php(693): CodeIgniter\Database\MySQLi\Connection->execute('DELETE FROM `pe...')
#2 C:\xampp\htdocs\SISTEMA_CLINICA\system\Database\BaseConnection.php(620): CodeIgniter\Database\BaseConnection->simpleQuery('DELETE FROM `pe...')
#3 C:\xampp\htdocs\SISTEMA_CLINICA\system\Database\BaseBuilder.php(2390): CodeIgniter\Database\BaseConnection->query('DELETE FROM `pe...', Array, false)
#4 C:\xampp\htdocs\SISTEMA_CLINICA\system\Model.php(401): CodeIgniter\Database\BaseBuilder->delete()
#5 C:\xampp\htdocs\SISTEMA_CLINICA\system\BaseModel.php(963): CodeIgniter\Model->doDelete(Array, false)
#6 C:\xampp\htdocs\SISTEMA_CLINICA\app\Controllers\Home.php(125): CodeIgniter\BaseModel->delete(Array)
#7 C:\xampp\htdocs\SISTEMA_CLINICA\system\CodeIgniter.php(904): App\Controllers\Home->per_delete('101')
#8 C:\xampp\htdocs\SISTEMA_CLINICA\system\CodeIgniter.php(457): CodeIgniter\CodeIgniter->runController(Object(App\Controllers\Home))
#9 C:\xampp\htdocs\SISTEMA_CLINICA\system\CodeIgniter.php(340): CodeIgniter\CodeIgniter->handleRequest(NULL, Object(Config\Cache), false)
#10 C:\xampp\htdocs\SISTEMA_CLINICA\index.php(68): CodeIgniter\CodeIgniter->run()
#11 {main}
CRITICAL - 2022-11-07 11:05:25 --> Undefined variable $S_Per_cod
in APPPATH\Views\template\navbar.php on line 59.
 1 APPPATH\Views\template\navbar.php(59): CodeIgniter\Debug\Exceptions->errorHandler(2, 'Undefined variable $S_Per_cod', 'APPPATH\\Views\\template\\navbar.php', 59)
 2 SYSTEMPATH\View\View.php(213): include('APPPATH\\Views\\template\\navbar.php')
 3 SYSTEMPATH\View\View.php(216): CodeIgniter\View\View->CodeIgniter\View\{closure}()
 4 SYSTEMPATH\Common.php(1142): CodeIgniter\View\View->render('template\\navbar', [], true)
 5 APPPATH\Controllers\Home.php(21): view('template\\navbar', [...])
 6 SYSTEMPATH\CodeIgniter.php(904): App\Controllers\Home->index()
 7 SYSTEMPATH\CodeIgniter.php(457): CodeIgniter\CodeIgniter->runController(Object(App\Controllers\Home))
 8 SYSTEMPATH\CodeIgniter.php(340): CodeIgniter\CodeIgniter->handleRequest(null, Object(Config\Cache), false)
 9 FCPATH\index.php(68): CodeIgniter\CodeIgniter->run()
ERROR - 2022-11-07 11:08:02 --> mysqli_sql_exception: Cannot delete or update a parent row: a foreign key constraint fails (`clinica`.`cuenta`, CONSTRAINT `FK_per_cod` FOREIGN KEY (`Per_cod`) REFERENCES `personal` (`Per_cod`) ON DELETE NO ACTION ON UPDATE NO ACTION) in C:\xampp\htdocs\SISTEMA_CLINICA\system\Database\MySQLi\Connection.php:292
Stack trace:
#0 C:\xampp\htdocs\SISTEMA_CLINICA\system\Database\MySQLi\Connection.php(292): mysqli->query('DELETE FROM `pe...', 0)
#1 C:\xampp\htdocs\SISTEMA_CLINICA\system\Database\BaseConnection.php(693): CodeIgniter\Database\MySQLi\Connection->execute('DELETE FROM `pe...')
#2 C:\xampp\htdocs\SISTEMA_CLINICA\system\Database\BaseConnection.php(620): CodeIgniter\Database\BaseConnection->simpleQuery('DELETE FROM `pe...')
#3 C:\xampp\htdocs\SISTEMA_CLINICA\system\Database\BaseBuilder.php(2390): CodeIgniter\Database\BaseConnection->query('DELETE FROM `pe...', Array, false)
#4 C:\xampp\htdocs\SISTEMA_CLINICA\system\Model.php(401): CodeIgniter\Database\BaseBuilder->delete()
#5 C:\xampp\htdocs\SISTEMA_CLINICA\system\BaseModel.php(963): CodeIgniter\Model->doDelete(Array, false)
#6 C:\xampp\htdocs\SISTEMA_CLINICA\app\Controllers\Home.php(124): CodeIgniter\BaseModel->delete(Array)
#7 C:\xampp\htdocs\SISTEMA_CLINICA\system\CodeIgniter.php(904): App\Controllers\Home->per_delete('101')
#8 C:\xampp\htdocs\SISTEMA_CLINICA\system\CodeIgniter.php(457): CodeIgniter\CodeIgniter->runController(Object(App\Controllers\Home))
#9 C:\xampp\htdocs\SISTEMA_CLINICA\system\CodeIgniter.php(340): CodeIgniter\CodeIgniter->handleRequest(NULL, Object(Config\Cache), false)
#10 C:\xampp\htdocs\SISTEMA_CLINICA\index.php(68): CodeIgniter\CodeIgniter->run()
#11 {main}
ERROR - 2022-11-07 11:08:03 --> mysqli_sql_exception: Cannot delete or update a parent row: a foreign key constraint fails (`clinica`.`cuenta`, CONSTRAINT `FK_per_cod` FOREIGN KEY (`Per_cod`) REFERENCES `personal` (`Per_cod`) ON DELETE NO ACTION ON UPDATE NO ACTION) in C:\xampp\htdocs\SISTEMA_CLINICA\system\Database\MySQLi\Connection.php:292
Stack trace:
#0 C:\xampp\htdocs\SISTEMA_CLINICA\system\Database\MySQLi\Connection.php(292): mysqli->query('DELETE FROM `pe...', 0)
#1 C:\xampp\htdocs\SISTEMA_CLINICA\system\Database\BaseConnection.php(693): CodeIgniter\Database\MySQLi\Connection->execute('DELETE FROM `pe...')
#2 C:\xampp\htdocs\SISTEMA_CLINICA\system\Database\BaseConnection.php(620): CodeIgniter\Database\BaseConnection->simpleQuery('DELETE FROM `pe...')
#3 C:\xampp\htdocs\SISTEMA_CLINICA\system\Database\BaseBuilder.php(2390): CodeIgniter\Database\BaseConnection->query('DELETE FROM `pe...', Array, false)
#4 C:\xampp\htdocs\SISTEMA_CLINICA\system\Model.php(401): CodeIgniter\Database\BaseBuilder->delete()
#5 C:\xampp\htdocs\SISTEMA_CLINICA\system\BaseModel.php(963): CodeIgniter\Model->doDelete(Array, false)
#6 C:\xampp\htdocs\SISTEMA_CLINICA\app\Controllers\Home.php(124): CodeIgniter\BaseModel->delete(Array)
#7 C:\xampp\htdocs\SISTEMA_CLINICA\system\CodeIgniter.php(904): App\Controllers\Home->per_delete('101')
#8 C:\xampp\htdocs\SISTEMA_CLINICA\system\CodeIgniter.php(457): CodeIgniter\CodeIgniter->runController(Object(App\Controllers\Home))
#9 C:\xampp\htdocs\SISTEMA_CLINICA\system\CodeIgniter.php(340): CodeIgniter\CodeIgniter->handleRequest(NULL, Object(Config\Cache), false)
#10 C:\xampp\htdocs\SISTEMA_CLINICA\index.php(68): CodeIgniter\CodeIgniter->run()
#11 {main}
ERROR - 2022-11-07 11:08:03 --> mysqli_sql_exception: Cannot delete or update a parent row: a foreign key constraint fails (`clinica`.`cuenta`, CONSTRAINT `FK_per_cod` FOREIGN KEY (`Per_cod`) REFERENCES `personal` (`Per_cod`) ON DELETE NO ACTION ON UPDATE NO ACTION) in C:\xampp\htdocs\SISTEMA_CLINICA\system\Database\MySQLi\Connection.php:292
Stack trace:
#0 C:\xampp\htdocs\SISTEMA_CLINICA\system\Database\MySQLi\Connection.php(292): mysqli->query('DELETE FROM `pe...', 0)
#1 C:\xampp\htdocs\SISTEMA_CLINICA\system\Database\BaseConnection.php(693): CodeIgniter\Database\MySQLi\Connection->execute('DELETE FROM `pe...')
#2 C:\xampp\htdocs\SISTEMA_CLINICA\system\Database\BaseConnection.php(620): CodeIgniter\Database\BaseConnection->simpleQuery('DELETE FROM `pe...')
#3 C:\xampp\htdocs\SISTEMA_CLINICA\system\Database\BaseBuilder.php(2390): CodeIgniter\Database\BaseConnection->query('DELETE FROM `pe...', Array, false)
#4 C:\xampp\htdocs\SISTEMA_CLINICA\system\Model.php(401): CodeIgniter\Database\BaseBuilder->delete()
#5 C:\xampp\htdocs\SISTEMA_CLINICA\system\BaseModel.php(963): CodeIgniter\Model->doDelete(Array, false)
#6 C:\xampp\htdocs\SISTEMA_CLINICA\app\Controllers\Home.php(124): CodeIgniter\BaseModel->delete(Array)
#7 C:\xampp\htdocs\SISTEMA_CLINICA\system\CodeIgniter.php(904): App\Controllers\Home->per_delete('101')
#8 C:\xampp\htdocs\SISTEMA_CLINICA\system\CodeIgniter.php(457): CodeIgniter\CodeIgniter->runController(Object(App\Controllers\Home))
#9 C:\xampp\htdocs\SISTEMA_CLINICA\system\CodeIgniter.php(340): CodeIgniter\CodeIgniter->handleRequest(NULL, Object(Config\Cache), false)
#10 C:\xampp\htdocs\SISTEMA_CLINICA\index.php(68): CodeIgniter\CodeIgniter->run()
#11 {main}
ERROR - 2022-11-07 11:08:04 --> mysqli_sql_exception: Cannot delete or update a parent row: a foreign key constraint fails (`clinica`.`cuenta`, CONSTRAINT `FK_per_cod` FOREIGN KEY (`Per_cod`) REFERENCES `personal` (`Per_cod`) ON DELETE NO ACTION ON UPDATE NO ACTION) in C:\xampp\htdocs\SISTEMA_CLINICA\system\Database\MySQLi\Connection.php:292
Stack trace:
#0 C:\xampp\htdocs\SISTEMA_CLINICA\system\Database\MySQLi\Connection.php(292): mysqli->query('DELETE FROM `pe...', 0)
#1 C:\xampp\htdocs\SISTEMA_CLINICA\system\Database\BaseConnection.php(693): CodeIgniter\Database\MySQLi\Connection->execute('DELETE FROM `pe...')
#2 C:\xampp\htdocs\SISTEMA_CLINICA\system\Database\BaseConnection.php(620): CodeIgniter\Database\BaseConnection->simpleQuery('DELETE FROM `pe...')
#3 C:\xampp\htdocs\SISTEMA_CLINICA\system\Database\BaseBuilder.php(2390): CodeIgniter\Database\BaseConnection->query('DELETE FROM `pe...', Array, false)
#4 C:\xampp\htdocs\SISTEMA_CLINICA\system\Model.php(401): CodeIgniter\Database\BaseBuilder->delete()
#5 C:\xampp\htdocs\SISTEMA_CLINICA\system\BaseModel.php(963): CodeIgniter\Model->doDelete(Array, false)
#6 C:\xampp\htdocs\SISTEMA_CLINICA\app\Controllers\Home.php(124): CodeIgniter\BaseModel->delete(Array)
#7 C:\xampp\htdocs\SISTEMA_CLINICA\system\CodeIgniter.php(904): App\Controllers\Home->per_delete('101')
#8 C:\xampp\htdocs\SISTEMA_CLINICA\system\CodeIgniter.php(457): CodeIgniter\CodeIgniter->runController(Object(App\Controllers\Home))
#9 C:\xampp\htdocs\SISTEMA_CLINICA\system\CodeIgniter.php(340): CodeIgniter\CodeIgniter->handleRequest(NULL, Object(Config\Cache), false)
#10 C:\xampp\htdocs\SISTEMA_CLINICA\index.php(68): CodeIgniter\CodeIgniter->run()
#11 {main}
ERROR - 2022-11-07 11:08:05 --> mysqli_sql_exception: Cannot delete or update a parent row: a foreign key constraint fails (`clinica`.`cuenta`, CONSTRAINT `FK_per_cod` FOREIGN KEY (`Per_cod`) REFERENCES `personal` (`Per_cod`) ON DELETE NO ACTION ON UPDATE NO ACTION) in C:\xampp\htdocs\SISTEMA_CLINICA\system\Database\MySQLi\Connection.php:292
Stack trace:
#0 C:\xampp\htdocs\SISTEMA_CLINICA\system\Database\MySQLi\Connection.php(292): mysqli->query('DELETE FROM `pe...', 0)
#1 C:\xampp\htdocs\SISTEMA_CLINICA\system\Database\BaseConnection.php(693): CodeIgniter\Database\MySQLi\Connection->execute('DELETE FROM `pe...')
#2 C:\xampp\htdocs\SISTEMA_CLINICA\system\Database\BaseConnection.php(620): CodeIgniter\Database\BaseConnection->simpleQuery('DELETE FROM `pe...')
#3 C:\xampp\htdocs\SISTEMA_CLINICA\system\Database\BaseBuilder.php(2390): CodeIgniter\Database\BaseConnection->query('DELETE FROM `pe...', Array, false)
#4 C:\xampp\htdocs\SISTEMA_CLINICA\system\Model.php(401): CodeIgniter\Database\BaseBuilder->delete()
#5 C:\xampp\htdocs\SISTEMA_CLINICA\system\BaseModel.php(963): CodeIgniter\Model->doDelete(Array, false)
#6 C:\xampp\htdocs\SISTEMA_CLINICA\app\Controllers\Home.php(124): CodeIgniter\BaseModel->delete(Array)
#7 C:\xampp\htdocs\SISTEMA_CLINICA\system\CodeIgniter.php(904): App\Controllers\Home->per_delete('101')
#8 C:\xampp\htdocs\SISTEMA_CLINICA\system\CodeIgniter.php(457): CodeIgniter\CodeIgniter->runController(Object(App\Controllers\Home))
#9 C:\xampp\htdocs\SISTEMA_CLINICA\system\CodeIgniter.php(340): CodeIgniter\CodeIgniter->handleRequest(NULL, Object(Config\Cache), false)
#10 C:\xampp\htdocs\SISTEMA_CLINICA\index.php(68): CodeIgniter\CodeIgniter->run()
#11 {main}
ERROR - 2022-11-07 11:08:05 --> mysqli_sql_exception: Cannot delete or update a parent row: a foreign key constraint fails (`clinica`.`cuenta`, CONSTRAINT `FK_per_cod` FOREIGN KEY (`Per_cod`) REFERENCES `personal` (`Per_cod`) ON DELETE NO ACTION ON UPDATE NO ACTION) in C:\xampp\htdocs\SISTEMA_CLINICA\system\Database\MySQLi\Connection.php:292
Stack trace:
#0 C:\xampp\htdocs\SISTEMA_CLINICA\system\Database\MySQLi\Connection.php(292): mysqli->query('DELETE FROM `pe...', 0)
#1 C:\xampp\htdocs\SISTEMA_CLINICA\system\Database\BaseConnection.php(693): CodeIgniter\Database\MySQLi\Connection->execute('DELETE FROM `pe...')
#2 C:\xampp\htdocs\SISTEMA_CLINICA\system\Database\BaseConnection.php(620): CodeIgniter\Database\BaseConnection->simpleQuery('DELETE FROM `pe...')
#3 C:\xampp\htdocs\SISTEMA_CLINICA\system\Database\BaseBuilder.php(2390): CodeIgniter\Database\BaseConnection->query('DELETE FROM `pe...', Array, false)
#4 C:\xampp\htdocs\SISTEMA_CLINICA\system\Model.php(401): CodeIgniter\Database\BaseBuilder->delete()
#5 C:\xampp\htdocs\SISTEMA_CLINICA\system\BaseModel.php(963): CodeIgniter\Model->doDelete(Array, false)
#6 C:\xampp\htdocs\SISTEMA_CLINICA\app\Controllers\Home.php(124): CodeIgniter\BaseModel->delete(Array)
#7 C:\xampp\htdocs\SISTEMA_CLINICA\system\CodeIgniter.php(904): App\Controllers\Home->per_delete('101')
#8 C:\xampp\htdocs\SISTEMA_CLINICA\system\CodeIgniter.php(457): CodeIgniter\CodeIgniter->runController(Object(App\Controllers\Home))
#9 C:\xampp\htdocs\SISTEMA_CLINICA\system\CodeIgniter.php(340): CodeIgniter\CodeIgniter->handleRequest(NULL, Object(Config\Cache), false)
#10 C:\xampp\htdocs\SISTEMA_CLINICA\index.php(68): CodeIgniter\CodeIgniter->run()
#11 {main}
ERROR - 2022-11-07 11:08:06 --> mysqli_sql_exception: Cannot delete or update a parent row: a foreign key constraint fails (`clinica`.`cuenta`, CONSTRAINT `FK_per_cod` FOREIGN KEY (`Per_cod`) REFERENCES `personal` (`Per_cod`) ON DELETE NO ACTION ON UPDATE NO ACTION) in C:\xampp\htdocs\SISTEMA_CLINICA\system\Database\MySQLi\Connection.php:292
Stack trace:
#0 C:\xampp\htdocs\SISTEMA_CLINICA\system\Database\MySQLi\Connection.php(292): mysqli->query('DELETE FROM `pe...', 0)
#1 C:\xampp\htdocs\SISTEMA_CLINICA\system\Database\BaseConnection.php(693): CodeIgniter\Database\MySQLi\Connection->execute('DELETE FROM `pe...')
#2 C:\xampp\htdocs\SISTEMA_CLINICA\system\Database\BaseConnection.php(620): CodeIgniter\Database\BaseConnection->simpleQuery('DELETE FROM `pe...')
#3 C:\xampp\htdocs\SISTEMA_CLINICA\system\Database\BaseBuilder.php(2390): CodeIgniter\Database\BaseConnection->query('DELETE FROM `pe...', Array, false)
#4 C:\xampp\htdocs\SISTEMA_CLINICA\system\Model.php(401): CodeIgniter\Database\BaseBuilder->delete()
#5 C:\xampp\htdocs\SISTEMA_CLINICA\system\BaseModel.php(963): CodeIgniter\Model->doDelete(Array, false)
#6 C:\xampp\htdocs\SISTEMA_CLINICA\app\Controllers\Home.php(124): CodeIgniter\BaseModel->delete(Array)
#7 C:\xampp\htdocs\SISTEMA_CLINICA\system\CodeIgniter.php(904): App\Controllers\Home->per_delete('101')
#8 C:\xampp\htdocs\SISTEMA_CLINICA\system\CodeIgniter.php(457): CodeIgniter\CodeIgniter->runController(Object(App\Controllers\Home))
#9 C:\xampp\htdocs\SISTEMA_CLINICA\system\CodeIgniter.php(340): CodeIgniter\CodeIgniter->handleRequest(NULL, Object(Config\Cache), false)
#10 C:\xampp\htdocs\SISTEMA_CLINICA\index.php(68): CodeIgniter\CodeIgniter->run()
#11 {main}
CRITICAL - 2022-11-07 11:09:14 --> There is no data to update.
in SYSTEMPATH\BaseModel.php on line 1577.
 1 SYSTEMPATH\BaseModel.php(1577): CodeIgniter\Database\Exceptions\DataException::forEmptyDataset('update')
 2 SYSTEMPATH\BaseModel.php(832): CodeIgniter\BaseModel->transformDataToArray(null, 'update')
 3 SYSTEMPATH\Model.php(693): CodeIgniter\BaseModel->update([...], null)
 4 APPPATH\Controllers\Home.php(184): CodeIgniter\Model->update('203828160')
 5 SYSTEMPATH\CodeIgniter.php(904): App\Controllers\Home->pac_mod('203828160')
 6 SYSTEMPATH\CodeIgniter.php(457): CodeIgniter\CodeIgniter->runController(Object(App\Controllers\Home))
 7 SYSTEMPATH\CodeIgniter.php(340): CodeIgniter\CodeIgniter->handleRequest(null, Object(Config\Cache), false)
 8 FCPATH\index.php(68): CodeIgniter\CodeIgniter->run()
ERROR - 2022-11-07 11:10:31 --> mysqli_sql_exception: Cannot delete or update a parent row: a foreign key constraint fails (`clinica`.`cuenta`, CONSTRAINT `FK_per_cod` FOREIGN KEY (`Per_cod`) REFERENCES `personal` (`Per_cod`) ON DELETE NO ACTION ON UPDATE NO ACTION) in C:\xampp\htdocs\SISTEMA_CLINICA\system\Database\MySQLi\Connection.php:292
Stack trace:
#0 C:\xampp\htdocs\SISTEMA_CLINICA\system\Database\MySQLi\Connection.php(292): mysqli->query('DELETE FROM `pe...', 0)
#1 C:\xampp\htdocs\SISTEMA_CLINICA\system\Database\BaseConnection.php(693): CodeIgniter\Database\MySQLi\Connection->execute('DELETE FROM `pe...')
#2 C:\xampp\htdocs\SISTEMA_CLINICA\system\Database\BaseConnection.php(620): CodeIgniter\Database\BaseConnection->simpleQuery('DELETE FROM `pe...')
#3 C:\xampp\htdocs\SISTEMA_CLINICA\system\Database\BaseBuilder.php(2390): CodeIgniter\Database\BaseConnection->query('DELETE FROM `pe...', Array, false)
#4 C:\xampp\htdocs\SISTEMA_CLINICA\system\Model.php(401): CodeIgniter\Database\BaseBuilder->delete()
#5 C:\xampp\htdocs\SISTEMA_CLINICA\system\BaseModel.php(963): CodeIgniter\Model->doDelete(Array, false)
#6 C:\xampp\htdocs\SISTEMA_CLINICA\app\Controllers\Home.php(124): CodeIgniter\BaseModel->delete(Array)
#7 C:\xampp\htdocs\SISTEMA_CLINICA\system\CodeIgniter.php(904): App\Controllers\Home->per_delete('101')
#8 C:\xampp\htdocs\SISTEMA_CLINICA\system\CodeIgniter.php(457): CodeIgniter\CodeIgniter->runController(Object(App\Controllers\Home))
#9 C:\xampp\htdocs\SISTEMA_CLINICA\system\CodeIgniter.php(340): CodeIgniter\CodeIgniter->handleRequest(NULL, Object(Config\Cache), false)
#10 C:\xampp\htdocs\SISTEMA_CLINICA\index.php(68): CodeIgniter\CodeIgniter->run()
#11 {main}
ERROR - 2022-11-07 11:10:32 --> mysqli_sql_exception: Cannot delete or update a parent row: a foreign key constraint fails (`clinica`.`cuenta`, CONSTRAINT `FK_per_cod` FOREIGN KEY (`Per_cod`) REFERENCES `personal` (`Per_cod`) ON DELETE NO ACTION ON UPDATE NO ACTION) in C:\xampp\htdocs\SISTEMA_CLINICA\system\Database\MySQLi\Connection.php:292
Stack trace:
#0 C:\xampp\htdocs\SISTEMA_CLINICA\system\Database\MySQLi\Connection.php(292): mysqli->query('DELETE FROM `pe...', 0)
#1 C:\xampp\htdocs\SISTEMA_CLINICA\system\Database\BaseConnection.php(693): CodeIgniter\Database\MySQLi\Connection->execute('DELETE FROM `pe...')
#2 C:\xampp\htdocs\SISTEMA_CLINICA\system\Database\BaseConnection.php(620): CodeIgniter\Database\BaseConnection->simpleQuery('DELETE FROM `pe...')
#3 C:\xampp\htdocs\SISTEMA_CLINICA\system\Database\BaseBuilder.php(2390): CodeIgniter\Database\BaseConnection->query('DELETE FROM `pe...', Array, false)
#4 C:\xampp\htdocs\SISTEMA_CLINICA\system\Model.php(401): CodeIgniter\Database\BaseBuilder->delete()
#5 C:\xampp\htdocs\SISTEMA_CLINICA\system\BaseModel.php(963): CodeIgniter\Model->doDelete(Array, false)
#6 C:\xampp\htdocs\SISTEMA_CLINICA\app\Controllers\Home.php(124): CodeIgniter\BaseModel->delete(Array)
#7 C:\xampp\htdocs\SISTEMA_CLINICA\system\CodeIgniter.php(904): App\Controllers\Home->per_delete('101')
#8 C:\xampp\htdocs\SISTEMA_CLINICA\system\CodeIgniter.php(457): CodeIgniter\CodeIgniter->runController(Object(App\Controllers\Home))
#9 C:\xampp\htdocs\SISTEMA_CLINICA\system\CodeIgniter.php(340): CodeIgniter\CodeIgniter->handleRequest(NULL, Object(Config\Cache), false)
#10 C:\xampp\htdocs\SISTEMA_CLINICA\index.php(68): CodeIgniter\CodeIgniter->run()
#11 {main}
ERROR - 2022-11-07 11:10:33 --> mysqli_sql_exception: Cannot delete or update a parent row: a foreign key constraint fails (`clinica`.`cuenta`, CONSTRAINT `FK_per_cod` FOREIGN KEY (`Per_cod`) REFERENCES `personal` (`Per_cod`) ON DELETE NO ACTION ON UPDATE NO ACTION) in C:\xampp\htdocs\SISTEMA_CLINICA\system\Database\MySQLi\Connection.php:292
Stack trace:
#0 C:\xampp\htdocs\SISTEMA_CLINICA\system\Database\MySQLi\Connection.php(292): mysqli->query('DELETE FROM `pe...', 0)
#1 C:\xampp\htdocs\SISTEMA_CLINICA\system\Database\BaseConnection.php(693): CodeIgniter\Database\MySQLi\Connection->execute('DELETE FROM `pe...')
#2 C:\xampp\htdocs\SISTEMA_CLINICA\system\Database\BaseConnection.php(620): CodeIgniter\Database\BaseConnection->simpleQuery('DELETE FROM `pe...')
#3 C:\xampp\htdocs\SISTEMA_CLINICA\system\Database\BaseBuilder.php(2390): CodeIgniter\Database\BaseConnection->query('DELETE FROM `pe...', Array, false)
#4 C:\xampp\htdocs\SISTEMA_CLINICA\system\Model.php(401): CodeIgniter\Database\BaseBuilder->delete()
#5 C:\xampp\htdocs\SISTEMA_CLINICA\system\BaseModel.php(963): CodeIgniter\Model->doDelete(Array, false)
#6 C:\xampp\htdocs\SISTEMA_CLINICA\app\Controllers\Home.php(124): CodeIgniter\BaseModel->delete(Array)
#7 C:\xampp\htdocs\SISTEMA_CLINICA\system\CodeIgniter.php(904): App\Controllers\Home->per_delete('101')
#8 C:\xampp\htdocs\SISTEMA_CLINICA\system\CodeIgniter.php(457): CodeIgniter\CodeIgniter->runController(Object(App\Controllers\Home))
#9 C:\xampp\htdocs\SISTEMA_CLINICA\system\CodeIgniter.php(340): CodeIgniter\CodeIgniter->handleRequest(NULL, Object(Config\Cache), false)
#10 C:\xampp\htdocs\SISTEMA_CLINICA\index.php(68): CodeIgniter\CodeIgniter->run()
#11 {main}
ERROR - 2022-11-07 11:10:34 --> mysqli_sql_exception: Cannot delete or update a parent row: a foreign key constraint fails (`clinica`.`cuenta`, CONSTRAINT `FK_per_cod` FOREIGN KEY (`Per_cod`) REFERENCES `personal` (`Per_cod`) ON DELETE NO ACTION ON UPDATE NO ACTION) in C:\xampp\htdocs\SISTEMA_CLINICA\system\Database\MySQLi\Connection.php:292
Stack trace:
#0 C:\xampp\htdocs\SISTEMA_CLINICA\system\Database\MySQLi\Connection.php(292): mysqli->query('DELETE FROM `pe...', 0)
#1 C:\xampp\htdocs\SISTEMA_CLINICA\system\Database\BaseConnection.php(693): CodeIgniter\Database\MySQLi\Connection->execute('DELETE FROM `pe...')
#2 C:\xampp\htdocs\SISTEMA_CLINICA\system\Database\BaseConnection.php(620): CodeIgniter\Database\BaseConnection->simpleQuery('DELETE FROM `pe...')
#3 C:\xampp\htdocs\SISTEMA_CLINICA\system\Database\BaseBuilder.php(2390): CodeIgniter\Database\BaseConnection->query('DELETE FROM `pe...', Array, false)
#4 C:\xampp\htdocs\SISTEMA_CLINICA\system\Model.php(401): CodeIgniter\Database\BaseBuilder->delete()
#5 C:\xampp\htdocs\SISTEMA_CLINICA\system\BaseModel.php(963): CodeIgniter\Model->doDelete(Array, false)
#6 C:\xampp\htdocs\SISTEMA_CLINICA\app\Controllers\Home.php(124): CodeIgniter\BaseModel->delete(Array)
#7 C:\xampp\htdocs\SISTEMA_CLINICA\system\CodeIgniter.php(904): App\Controllers\Home->per_delete('101')
#8 C:\xampp\htdocs\SISTEMA_CLINICA\system\CodeIgniter.php(457): CodeIgniter\CodeIgniter->runController(Object(App\Controllers\Home))
#9 C:\xampp\htdocs\SISTEMA_CLINICA\system\CodeIgniter.php(340): CodeIgniter\CodeIgniter->handleRequest(NULL, Object(Config\Cache), false)
#10 C:\xampp\htdocs\SISTEMA_CLINICA\index.php(68): CodeIgniter\CodeIgniter->run()
#11 {main}
ERROR - 2022-11-07 11:10:51 --> mysqli_sql_exception: Cannot delete or update a parent row: a foreign key constraint fails (`clinica`.`cuenta`, CONSTRAINT `FK_per_cod` FOREIGN KEY (`Per_cod`) REFERENCES `personal` (`Per_cod`) ON DELETE NO ACTION ON UPDATE NO ACTION) in C:\xampp\htdocs\SISTEMA_CLINICA\system\Database\MySQLi\Connection.php:292
Stack trace:
#0 C:\xampp\htdocs\SISTEMA_CLINICA\system\Database\MySQLi\Connection.php(292): mysqli->query('DELETE FROM `pe...', 0)
#1 C:\xampp\htdocs\SISTEMA_CLINICA\system\Database\BaseConnection.php(693): CodeIgniter\Database\MySQLi\Connection->execute('DELETE FROM `pe...')
#2 C:\xampp\htdocs\SISTEMA_CLINICA\system\Database\BaseConnection.php(620): CodeIgniter\Database\BaseConnection->simpleQuery('DELETE FROM `pe...')
#3 C:\xampp\htdocs\SISTEMA_CLINICA\system\Database\BaseBuilder.php(2390): CodeIgniter\Database\BaseConnection->query('DELETE FROM `pe...', Array, false)
#4 C:\xampp\htdocs\SISTEMA_CLINICA\system\Model.php(401): CodeIgniter\Database\BaseBuilder->delete()
#5 C:\xampp\htdocs\SISTEMA_CLINICA\system\BaseModel.php(963): CodeIgniter\Model->doDelete(Array, false)
#6 C:\xampp\htdocs\SISTEMA_CLINICA\app\Controllers\Home.php(124): CodeIgniter\BaseModel->delete(Array)
#7 C:\xampp\htdocs\SISTEMA_CLINICA\system\CodeIgniter.php(904): App\Controllers\Home->per_delete('101')
#8 C:\xampp\htdocs\SISTEMA_CLINICA\system\CodeIgniter.php(457): CodeIgniter\CodeIgniter->runController(Object(App\Controllers\Home))
#9 C:\xampp\htdocs\SISTEMA_CLINICA\system\CodeIgniter.php(340): CodeIgniter\CodeIgniter->handleRequest(NULL, Object(Config\Cache), false)
#10 C:\xampp\htdocs\SISTEMA_CLINICA\index.php(68): CodeIgniter\CodeIgniter->run()
#11 {main}
ERROR - 2022-11-07 11:10:57 --> mysqli_sql_exception: Cannot delete or update a parent row: a foreign key constraint fails (`clinica`.`cuenta`, CONSTRAINT `FK_per_cod` FOREIGN KEY (`Per_cod`) REFERENCES `personal` (`Per_cod`) ON DELETE NO ACTION ON UPDATE NO ACTION) in C:\xampp\htdocs\SISTEMA_CLINICA\system\Database\MySQLi\Connection.php:292
Stack trace:
#0 C:\xampp\htdocs\SISTEMA_CLINICA\system\Database\MySQLi\Connection.php(292): mysqli->query('DELETE FROM `pe...', 0)
#1 C:\xampp\htdocs\SISTEMA_CLINICA\system\Database\BaseConnection.php(693): CodeIgniter\Database\MySQLi\Connection->execute('DELETE FROM `pe...')
#2 C:\xampp\htdocs\SISTEMA_CLINICA\system\Database\BaseConnection.php(620): CodeIgniter\Database\BaseConnection->simpleQuery('DELETE FROM `pe...')
#3 C:\xampp\htdocs\SISTEMA_CLINICA\system\Database\BaseBuilder.php(2390): CodeIgniter\Database\BaseConnection->query('DELETE FROM `pe...', Array, false)
#4 C:\xampp\htdocs\SISTEMA_CLINICA\system\Model.php(401): CodeIgniter\Database\BaseBuilder->delete()
#5 C:\xampp\htdocs\SISTEMA_CLINICA\system\BaseModel.php(963): CodeIgniter\Model->doDelete(Array, false)
#6 C:\xampp\htdocs\SISTEMA_CLINICA\app\Controllers\Home.php(124): CodeIgniter\BaseModel->delete(Array)
#7 C:\xampp\htdocs\SISTEMA_CLINICA\system\CodeIgniter.php(904): App\Controllers\Home->per_delete('102')
#8 C:\xampp\htdocs\SISTEMA_CLINICA\system\CodeIgniter.php(457): CodeIgniter\CodeIgniter->runController(Object(App\Controllers\Home))
#9 C:\xampp\htdocs\SISTEMA_CLINICA\system\CodeIgniter.php(340): CodeIgniter\CodeIgniter->handleRequest(NULL, Object(Config\Cache), false)
#10 C:\xampp\htdocs\SISTEMA_CLINICA\index.php(68): CodeIgniter\CodeIgniter->run()
#11 {main}
CRITICAL - 2022-11-07 11:15:50 --> Undefined property: App\Controllers\Home::$db
in APPPATH\Controllers\Home.php on line 124.
 1 APPPATH\Controllers\Home.php(124): CodeIgniter\Debug\Exceptions->errorHandler(2, 'Undefined property: App\\Controllers\\Home::$db', 'APPPATH\\Controllers\\Home.php', 124)
 2 SYSTEMPATH\CodeIgniter.php(904): App\Controllers\Home->per_delete('101')
 3 SYSTEMPATH\CodeIgniter.php(457): CodeIgniter\CodeIgniter->runController(Object(App\Controllers\Home))
 4 SYSTEMPATH\CodeIgniter.php(340): CodeIgniter\CodeIgniter->handleRequest(null, Object(Config\Cache), false)
 5 FCPATH\index.php(68): CodeIgniter\CodeIgniter->run()
CRITICAL - 2022-11-07 11:16:23 --> Undefined property: App\Controllers\Home::$db
in APPPATH\Controllers\Home.php on line 125.
 1 APPPATH\Controllers\Home.php(125): CodeIgniter\Debug\Exceptions->errorHandler(2, 'Undefined property: App\\Controllers\\Home::$db', 'APPPATH\\Controllers\\Home.php', 125)
 2 SYSTEMPATH\CodeIgniter.php(904): App\Controllers\Home->per_delete('101')
 3 SYSTEMPATH\CodeIgniter.php(457): CodeIgniter\CodeIgniter->runController(Object(App\Controllers\Home))
 4 SYSTEMPATH\CodeIgniter.php(340): CodeIgniter\CodeIgniter->handleRequest(null, Object(Config\Cache), false)
 5 FCPATH\index.php(68): CodeIgniter\CodeIgniter->run()
CRITICAL - 2022-11-07 11:17:06 --> Call to undefined method CodeIgniter\Database\MySQLi\Connection::where()
in APPPATH\Controllers\Home.php on line 126.
 1 SYSTEMPATH\CodeIgniter.php(904): App\Controllers\Home->per_delete('101')
 2 SYSTEMPATH\CodeIgniter.php(457): CodeIgniter\CodeIgniter->runController(Object(App\Controllers\Home))
 3 SYSTEMPATH\CodeIgniter.php(340): CodeIgniter\CodeIgniter->handleRequest(null, Object(Config\Cache), false)
 4 FCPATH\index.php(68): CodeIgniter\CodeIgniter->run()
CRITICAL - 2022-11-07 11:17:14 --> Undefined property: App\Controllers\Home::$db
in APPPATH\Controllers\Home.php on line 125.
 1 APPPATH\Controllers\Home.php(125): CodeIgniter\Debug\Exceptions->errorHandler(2, 'Undefined property: App\\Controllers\\Home::$db', 'APPPATH\\Controllers\\Home.php', 125)
 2 SYSTEMPATH\CodeIgniter.php(904): App\Controllers\Home->per_delete('101')
 3 SYSTEMPATH\CodeIgniter.php(457): CodeIgniter\CodeIgniter->runController(Object(App\Controllers\Home))
 4 SYSTEMPATH\CodeIgniter.php(340): CodeIgniter\CodeIgniter->handleRequest(null, Object(Config\Cache), false)
 5 FCPATH\index.php(68): CodeIgniter\CodeIgniter->run()
ERROR - 2022-11-07 11:17:26 --> mysqli_sql_exception: Cannot delete or update a parent row: a foreign key constraint fails (`clinica`.`cuenta`, CONSTRAINT `FK_per_cod` FOREIGN KEY (`Per_cod`) REFERENCES `personal` (`Per_cod`) ON DELETE NO ACTION ON UPDATE NO ACTION) in C:\xampp\htdocs\SISTEMA_CLINICA\system\Database\MySQLi\Connection.php:292
Stack trace:
#0 C:\xampp\htdocs\SISTEMA_CLINICA\system\Database\MySQLi\Connection.php(292): mysqli->query('DELETE FROM `pe...', 0)
#1 C:\xampp\htdocs\SISTEMA_CLINICA\system\Database\BaseConnection.php(693): CodeIgniter\Database\MySQLi\Connection->execute('DELETE FROM `pe...')
#2 C:\xampp\htdocs\SISTEMA_CLINICA\system\Database\BaseConnection.php(620): CodeIgniter\Database\BaseConnection->simpleQuery('DELETE FROM `pe...')
#3 C:\xampp\htdocs\SISTEMA_CLINICA\system\Database\BaseBuilder.php(2390): CodeIgniter\Database\BaseConnection->query('DELETE FROM `pe...', Array, false)
#4 C:\xampp\htdocs\SISTEMA_CLINICA\system\Model.php(401): CodeIgniter\Database\BaseBuilder->delete()
#5 C:\xampp\htdocs\SISTEMA_CLINICA\system\BaseModel.php(963): CodeIgniter\Model->doDelete(Array, false)
#6 C:\xampp\htdocs\SISTEMA_CLINICA\app\Controllers\Home.php(124): CodeIgniter\BaseModel->delete(Array)
#7 C:\xampp\htdocs\SISTEMA_CLINICA\system\CodeIgniter.php(904): App\Controllers\Home->per_delete('101')
#8 C:\xampp\htdocs\SISTEMA_CLINICA\system\CodeIgniter.php(457): CodeIgniter\CodeIgniter->runController(Object(App\Controllers\Home))
#9 C:\xampp\htdocs\SISTEMA_CLINICA\system\CodeIgniter.php(340): CodeIgniter\CodeIgniter->handleRequest(NULL, Object(Config\Cache), false)
#10 C:\xampp\htdocs\SISTEMA_CLINICA\index.php(68): CodeIgniter\CodeIgniter->run()
#11 {main}
CRITICAL - 2022-11-07 11:19:09 --> Undefined property: App\Controllers\Home::$personal
in APPPATH\Controllers\Home.php on line 124.
 1 APPPATH\Controllers\Home.php(124): CodeIgniter\Debug\Exceptions->errorHandler(2, 'Undefined property: App\\Controllers\\Home::$personal', 'APPPATH\\Controllers\\Home.php', 124)
 2 SYSTEMPATH\CodeIgniter.php(904): App\Controllers\Home->per_delete('101')
 3 SYSTEMPATH\CodeIgniter.php(457): CodeIgniter\CodeIgniter->runController(Object(App\Controllers\Home))
 4 SYSTEMPATH\CodeIgniter.php(340): CodeIgniter\CodeIgniter->handleRequest(null, Object(Config\Cache), false)
 5 FCPATH\index.php(68): CodeIgniter\CodeIgniter->run()
CRITICAL - 2022-11-07 11:19:20 --> Object of class App\Models\T_Personal could not be converted to string
in APPPATH\Controllers\Home.php on line 124.
 1 SYSTEMPATH\CodeIgniter.php(904): App\Controllers\Home->per_delete('101')
 2 SYSTEMPATH\CodeIgniter.php(457): CodeIgniter\CodeIgniter->runController(Object(App\Controllers\Home))
 3 SYSTEMPATH\CodeIgniter.php(340): CodeIgniter\CodeIgniter->handleRequest(null, Object(Config\Cache), false)
 4 FCPATH\index.php(68): CodeIgniter\CodeIgniter->run()
ERROR - 2022-11-07 11:19:35 --> mysqli_sql_exception: Cannot delete or update a parent row: a foreign key constraint fails (`clinica`.`cuenta`, CONSTRAINT `FK_per_cod` FOREIGN KEY (`Per_cod`) REFERENCES `personal` (`Per_cod`) ON DELETE NO ACTION ON UPDATE NO ACTION) in C:\xampp\htdocs\SISTEMA_CLINICA\system\Database\MySQLi\Connection.php:292
Stack trace:
#0 C:\xampp\htdocs\SISTEMA_CLINICA\system\Database\MySQLi\Connection.php(292): mysqli->query('DELETE FROM `pe...', 0)
#1 C:\xampp\htdocs\SISTEMA_CLINICA\system\Database\BaseConnection.php(693): CodeIgniter\Database\MySQLi\Connection->execute('DELETE FROM `pe...')
#2 C:\xampp\htdocs\SISTEMA_CLINICA\system\Database\BaseConnection.php(620): CodeIgniter\Database\BaseConnection->simpleQuery('DELETE FROM `pe...')
#3 C:\xampp\htdocs\SISTEMA_CLINICA\system\Database\BaseBuilder.php(2390): CodeIgniter\Database\BaseConnection->query('DELETE FROM `pe...', Array, false)
#4 C:\xampp\htdocs\SISTEMA_CLINICA\system\Model.php(401): CodeIgniter\Database\BaseBuilder->delete()
#5 C:\xampp\htdocs\SISTEMA_CLINICA\system\BaseModel.php(963): CodeIgniter\Model->doDelete(Array, false)
#6 C:\xampp\htdocs\SISTEMA_CLINICA\app\Controllers\Home.php(124): CodeIgniter\BaseModel->delete(Array)
#7 C:\xampp\htdocs\SISTEMA_CLINICA\system\CodeIgniter.php(904): App\Controllers\Home->per_delete('101')
#8 C:\xampp\htdocs\SISTEMA_CLINICA\system\CodeIgniter.php(457): CodeIgniter\CodeIgniter->runController(Object(App\Controllers\Home))
#9 C:\xampp\htdocs\SISTEMA_CLINICA\system\CodeIgniter.php(340): CodeIgniter\CodeIgniter->handleRequest(NULL, Object(Config\Cache), false)
#10 C:\xampp\htdocs\SISTEMA_CLINICA\index.php(68): CodeIgniter\CodeIgniter->run()
#11 {main}
ERROR - 2022-11-07 11:22:38 --> mysqli_sql_exception: Unknown column 'id' in 'where clause' in C:\xampp\htdocs\SISTEMA_CLINICA\system\Database\MySQLi\Connection.php:292
Stack trace:
#0 C:\xampp\htdocs\SISTEMA_CLINICA\system\Database\MySQLi\Connection.php(292): mysqli->query('DELETE FROM per...', 0)
#1 C:\xampp\htdocs\SISTEMA_CLINICA\system\Database\BaseConnection.php(693): CodeIgniter\Database\MySQLi\Connection->execute('DELETE FROM per...')
#2 C:\xampp\htdocs\SISTEMA_CLINICA\system\Database\BaseConnection.php(620): CodeIgniter\Database\BaseConnection->simpleQuery('DELETE FROM per...')
#3 C:\xampp\htdocs\SISTEMA_CLINICA\app\Controllers\Home.php(125): CodeIgniter\Database\BaseConnection->query('DELETE FROM per...')
#4 C:\xampp\htdocs\SISTEMA_CLINICA\system\CodeIgniter.php(904): App\Controllers\Home->per_delete('101')
#5 C:\xampp\htdocs\SISTEMA_CLINICA\system\CodeIgniter.php(457): CodeIgniter\CodeIgniter->runController(Object(App\Controllers\Home))
#6 C:\xampp\htdocs\SISTEMA_CLINICA\system\CodeIgniter.php(340): CodeIgniter\CodeIgniter->handleRequest(NULL, Object(Config\Cache), false)
#7 C:\xampp\htdocs\SISTEMA_CLINICA\index.php(68): CodeIgniter\CodeIgniter->run()
#8 {main}
ERROR - 2022-11-07 11:22:39 --> mysqli_sql_exception: Unknown column 'id' in 'where clause' in C:\xampp\htdocs\SISTEMA_CLINICA\system\Database\MySQLi\Connection.php:292
Stack trace:
#0 C:\xampp\htdocs\SISTEMA_CLINICA\system\Database\MySQLi\Connection.php(292): mysqli->query('DELETE FROM per...', 0)
#1 C:\xampp\htdocs\SISTEMA_CLINICA\system\Database\BaseConnection.php(693): CodeIgniter\Database\MySQLi\Connection->execute('DELETE FROM per...')
#2 C:\xampp\htdocs\SISTEMA_CLINICA\system\Database\BaseConnection.php(620): CodeIgniter\Database\BaseConnection->simpleQuery('DELETE FROM per...')
#3 C:\xampp\htdocs\SISTEMA_CLINICA\app\Controllers\Home.php(125): CodeIgniter\Database\BaseConnection->query('DELETE FROM per...')
#4 C:\xampp\htdocs\SISTEMA_CLINICA\system\CodeIgniter.php(904): App\Controllers\Home->per_delete('101')
#5 C:\xampp\htdocs\SISTEMA_CLINICA\system\CodeIgniter.php(457): CodeIgniter\CodeIgniter->runController(Object(App\Controllers\Home))
#6 C:\xampp\htdocs\SISTEMA_CLINICA\system\CodeIgniter.php(340): CodeIgniter\CodeIgniter->handleRequest(NULL, Object(Config\Cache), false)
#7 C:\xampp\htdocs\SISTEMA_CLINICA\index.php(68): CodeIgniter\CodeIgniter->run()
#8 {main}
ERROR - 2022-11-07 11:31:12 --> mysqli_sql_exception: Cannot delete or update a parent row: a foreign key constraint fails (`clinica`.`cuenta`, CONSTRAINT `FK_per_cod` FOREIGN KEY (`Per_cod`) REFERENCES `personal` (`Per_cod`) ON DELETE NO ACTION ON UPDATE NO ACTION) in C:\xampp\htdocs\SISTEMA_CLINICA\system\Database\MySQLi\Connection.php:292
Stack trace:
#0 C:\xampp\htdocs\SISTEMA_CLINICA\system\Database\MySQLi\Connection.php(292): mysqli->query('DELETE FROM `pe...', 0)
#1 C:\xampp\htdocs\SISTEMA_CLINICA\system\Database\BaseConnection.php(693): CodeIgniter\Database\MySQLi\Connection->execute('DELETE FROM `pe...')
#2 C:\xampp\htdocs\SISTEMA_CLINICA\system\Database\BaseConnection.php(620): CodeIgniter\Database\BaseConnection->simpleQuery('DELETE FROM `pe...')
#3 C:\xampp\htdocs\SISTEMA_CLINICA\system\Database\BaseBuilder.php(2390): CodeIgniter\Database\BaseConnection->query('DELETE FROM `pe...', Array, false)
#4 C:\xampp\htdocs\SISTEMA_CLINICA\system\Model.php(401): CodeIgniter\Database\BaseBuilder->delete()
#5 C:\xampp\htdocs\SISTEMA_CLINICA\system\BaseModel.php(963): CodeIgniter\Model->doDelete(NULL, false)
#6 C:\xampp\htdocs\SISTEMA_CLINICA\app\Controllers\Home.php(127): CodeIgniter\BaseModel->delete()
#7 C:\xampp\htdocs\SISTEMA_CLINICA\system\CodeIgniter.php(904): App\Controllers\Home->per_delete('101')
#8 C:\xampp\htdocs\SISTEMA_CLINICA\system\CodeIgniter.php(457): CodeIgniter\CodeIgniter->runController(Object(App\Controllers\Home))
#9 C:\xampp\htdocs\SISTEMA_CLINICA\system\CodeIgniter.php(340): CodeIgniter\CodeIgniter->handleRequest(NULL, Object(Config\Cache), false)
#10 C:\xampp\htdocs\SISTEMA_CLINICA\index.php(68): CodeIgniter\CodeIgniter->run()
#11 {main}
ERROR - 2022-11-07 11:31:13 --> mysqli_sql_exception: Cannot delete or update a parent row: a foreign key constraint fails (`clinica`.`cuenta`, CONSTRAINT `FK_per_cod` FOREIGN KEY (`Per_cod`) REFERENCES `personal` (`Per_cod`) ON DELETE NO ACTION ON UPDATE NO ACTION) in C:\xampp\htdocs\SISTEMA_CLINICA\system\Database\MySQLi\Connection.php:292
Stack trace:
#0 C:\xampp\htdocs\SISTEMA_CLINICA\system\Database\MySQLi\Connection.php(292): mysqli->query('DELETE FROM `pe...', 0)
#1 C:\xampp\htdocs\SISTEMA_CLINICA\system\Database\BaseConnection.php(693): CodeIgniter\Database\MySQLi\Connection->execute('DELETE FROM `pe...')
#2 C:\xampp\htdocs\SISTEMA_CLINICA\system\Database\BaseConnection.php(620): CodeIgniter\Database\BaseConnection->simpleQuery('DELETE FROM `pe...')
#3 C:\xampp\htdocs\SISTEMA_CLINICA\system\Database\BaseBuilder.php(2390): CodeIgniter\Database\BaseConnection->query('DELETE FROM `pe...', Array, false)
#4 C:\xampp\htdocs\SISTEMA_CLINICA\system\Model.php(401): CodeIgniter\Database\BaseBuilder->delete()
#5 C:\xampp\htdocs\SISTEMA_CLINICA\system\BaseModel.php(963): CodeIgniter\Model->doDelete(NULL, false)
#6 C:\xampp\htdocs\SISTEMA_CLINICA\app\Controllers\Home.php(127): CodeIgniter\BaseModel->delete()
#7 C:\xampp\htdocs\SISTEMA_CLINICA\system\CodeIgniter.php(904): App\Controllers\Home->per_delete('101')
#8 C:\xampp\htdocs\SISTEMA_CLINICA\system\CodeIgniter.php(457): CodeIgniter\CodeIgniter->runController(Object(App\Controllers\Home))
#9 C:\xampp\htdocs\SISTEMA_CLINICA\system\CodeIgniter.php(340): CodeIgniter\CodeIgniter->handleRequest(NULL, Object(Config\Cache), false)
#10 C:\xampp\htdocs\SISTEMA_CLINICA\index.php(68): CodeIgniter\CodeIgniter->run()
#11 {main}
CRITICAL - 2022-11-07 12:13:09 --> view(): Argument #2 ($data) must be of type array, CodeIgniter\Database\MySQLi\Result given, called in C:\xampp\htdocs\SISTEMA_CLINICA\app\Controllers\Home.php on line 191
in SYSTEMPATH\Common.php on line 1128.
 1 APPPATH\Controllers\Home.php(191): view('template\\editpac', Object(CodeIgniter\Database\MySQLi\Result))
 2 SYSTEMPATH\CodeIgniter.php(904): App\Controllers\Home->pac_mod('213828160')
 3 SYSTEMPATH\CodeIgniter.php(457): CodeIgniter\CodeIgniter->runController(Object(App\Controllers\Home))
 4 SYSTEMPATH\CodeIgniter.php(340): CodeIgniter\CodeIgniter->handleRequest(null, Object(Config\Cache), false)
 5 FCPATH\index.php(68): CodeIgniter\CodeIgniter->run()
CRITICAL - 2022-11-07 12:13:29 --> Call to undefined method App\Models\T_Paciente::getArray
in SYSTEMPATH\Model.php on line 774.
 1 APPPATH\Controllers\Home.php(187): CodeIgniter\Model->__call('getArray', [...])
 2 SYSTEMPATH\CodeIgniter.php(904): App\Controllers\Home->pac_mod('213828160')
 3 SYSTEMPATH\CodeIgniter.php(457): CodeIgniter\CodeIgniter->runController(Object(App\Controllers\Home))
 4 SYSTEMPATH\CodeIgniter.php(340): CodeIgniter\CodeIgniter->handleRequest(null, Object(Config\Cache), false)
 5 FCPATH\index.php(68): CodeIgniter\CodeIgniter->run()
CRITICAL - 2022-11-07 12:15:42 --> Undefined variable $data
in APPPATH\Views\template\editpac.php on line 30.
 1 APPPATH\Views\template\editpac.php(30): CodeIgniter\Debug\Exceptions->errorHandler(2, 'Undefined variable $data', 'APPPATH\\Views\\template\\editpac.php', 30)
 2 SYSTEMPATH\View\View.php(213): include('APPPATH\\Views\\template\\editpac.php')
 3 SYSTEMPATH\View\View.php(216): CodeIgniter\View\View->CodeIgniter\View\{closure}()
 4 SYSTEMPATH\Common.php(1142): CodeIgniter\View\View->render('template\\editpac', [], true)
 5 APPPATH\Controllers\Home.php(193): view('template\\editpac', [...])
 6 SYSTEMPATH\CodeIgniter.php(904): App\Controllers\Home->pac_mod('213828160')
 7 SYSTEMPATH\CodeIgniter.php(457): CodeIgniter\CodeIgniter->runController(Object(App\Controllers\Home))
 8 SYSTEMPATH\CodeIgniter.php(340): CodeIgniter\CodeIgniter->handleRequest(null, Object(Config\Cache), false)
 9 FCPATH\index.php(68): CodeIgniter\CodeIgniter->run()
ERROR - 2022-11-07 12:16:52 --> mysqli_sql_exception: You have an error in your SQL syntax; check the manual that corresponds to your MariaDB server version for the right syntax to use near '> $Pac_rut' at line 1 in C:\xampp\htdocs\SISTEMA_CLINICA\system\Database\MySQLi\Connection.php:292
Stack trace:
#0 C:\xampp\htdocs\SISTEMA_CLINICA\system\Database\MySQLi\Connection.php(292): mysqli->query('SELECT * FROM p...', 0)
#1 C:\xampp\htdocs\SISTEMA_CLINICA\system\Database\BaseConnection.php(693): CodeIgniter\Database\MySQLi\Connection->execute('SELECT * FROM p...')
#2 C:\xampp\htdocs\SISTEMA_CLINICA\system\Database\BaseConnection.php(620): CodeIgniter\Database\BaseConnection->simpleQuery('SELECT * FROM p...')
#3 C:\xampp\htdocs\SISTEMA_CLINICA\app\Controllers\Home.php(188): CodeIgniter\Database\BaseConnection->query('SELECT * FROM p...')
#4 C:\xampp\htdocs\SISTEMA_CLINICA\system\CodeIgniter.php(904): App\Controllers\Home->pac_mod('213828160')
#5 C:\xampp\htdocs\SISTEMA_CLINICA\system\CodeIgniter.php(457): CodeIgniter\CodeIgniter->runController(Object(App\Controllers\Home))
#6 C:\xampp\htdocs\SISTEMA_CLINICA\system\CodeIgniter.php(340): CodeIgniter\CodeIgniter->handleRequest(NULL, Object(Config\Cache), false)
#7 C:\xampp\htdocs\SISTEMA_CLINICA\index.php(68): CodeIgniter\CodeIgniter->run()
#8 {main}
CRITICAL - 2022-11-07 12:16:52 --> Call to a member function getResultArray() on bool
in APPPATH\Controllers\Home.php on line 189.
 1 SYSTEMPATH\CodeIgniter.php(904): App\Controllers\Home->pac_mod('213828160')
 2 SYSTEMPATH\CodeIgniter.php(457): CodeIgniter\CodeIgniter->runController(Object(App\Controllers\Home))
 3 SYSTEMPATH\CodeIgniter.php(340): CodeIgniter\CodeIgniter->handleRequest(null, Object(Config\Cache), false)
 4 FCPATH\index.php(68): CodeIgniter\CodeIgniter->run()
ERROR - 2022-11-07 12:16:57 --> mysqli_sql_exception: Unknown column '$Pac_rut' in 'where clause' in C:\xampp\htdocs\SISTEMA_CLINICA\system\Database\MySQLi\Connection.php:292
Stack trace:
#0 C:\xampp\htdocs\SISTEMA_CLINICA\system\Database\MySQLi\Connection.php(292): mysqli->query('SELECT * FROM p...', 0)
#1 C:\xampp\htdocs\SISTEMA_CLINICA\system\Database\BaseConnection.php(693): CodeIgniter\Database\MySQLi\Connection->execute('SELECT * FROM p...')
#2 C:\xampp\htdocs\SISTEMA_CLINICA\system\Database\BaseConnection.php(620): CodeIgniter\Database\BaseConnection->simpleQuery('SELECT * FROM p...')
#3 C:\xampp\htdocs\SISTEMA_CLINICA\app\Controllers\Home.php(188): CodeIgniter\Database\BaseConnection->query('SELECT * FROM p...')
#4 C:\xampp\htdocs\SISTEMA_CLINICA\system\CodeIgniter.php(904): App\Controllers\Home->pac_mod('213828160')
#5 C:\xampp\htdocs\SISTEMA_CLINICA\system\CodeIgniter.php(457): CodeIgniter\CodeIgniter->runController(Object(App\Controllers\Home))
#6 C:\xampp\htdocs\SISTEMA_CLINICA\system\CodeIgniter.php(340): CodeIgniter\CodeIgniter->handleRequest(NULL, Object(Config\Cache), false)
#7 C:\xampp\htdocs\SISTEMA_CLINICA\index.php(68): CodeIgniter\CodeIgniter->run()
#8 {main}
CRITICAL - 2022-11-07 12:16:57 --> Call to a member function getResultArray() on bool
in APPPATH\Controllers\Home.php on line 189.
 1 SYSTEMPATH\CodeIgniter.php(904): App\Controllers\Home->pac_mod('213828160')
 2 SYSTEMPATH\CodeIgniter.php(457): CodeIgniter\CodeIgniter->runController(Object(App\Controllers\Home))
 3 SYSTEMPATH\CodeIgniter.php(340): CodeIgniter\CodeIgniter->handleRequest(null, Object(Config\Cache), false)
 4 FCPATH\index.php(68): CodeIgniter\CodeIgniter->run()
CRITICAL - 2022-11-07 12:17:05 --> Undefined variable $data
in APPPATH\Views\template\editpac.php on line 30.
 1 APPPATH\Views\template\editpac.php(30): CodeIgniter\Debug\Exceptions->errorHandler(2, 'Undefined variable $data', 'APPPATH\\Views\\template\\editpac.php', 30)
 2 SYSTEMPATH\View\View.php(213): include('APPPATH\\Views\\template\\editpac.php')
 3 SYSTEMPATH\View\View.php(216): CodeIgniter\View\View->CodeIgniter\View\{closure}()
 4 SYSTEMPATH\Common.php(1142): CodeIgniter\View\View->render('template\\editpac', [], true)
 5 APPPATH\Controllers\Home.php(193): view('template\\editpac', [...])
 6 SYSTEMPATH\CodeIgniter.php(904): App\Controllers\Home->pac_mod('213828160')
 7 SYSTEMPATH\CodeIgniter.php(457): CodeIgniter\CodeIgniter->runController(Object(App\Controllers\Home))
 8 SYSTEMPATH\CodeIgniter.php(340): CodeIgniter\CodeIgniter->handleRequest(null, Object(Config\Cache), false)
 9 FCPATH\index.php(68): CodeIgniter\CodeIgniter->run()
CRITICAL - 2022-11-07 12:17:30 --> Undefined variable $data
in APPPATH\Views\template\editpac.php on line 30.
 1 APPPATH\Views\template\editpac.php(30): CodeIgniter\Debug\Exceptions->errorHandler(2, 'Undefined variable $data', 'APPPATH\\Views\\template\\editpac.php', 30)
 2 SYSTEMPATH\View\View.php(213): include('APPPATH\\Views\\template\\editpac.php')
 3 SYSTEMPATH\View\View.php(216): CodeIgniter\View\View->CodeIgniter\View\{closure}()
 4 SYSTEMPATH\Common.php(1142): CodeIgniter\View\View->render('template\\editpac', [], true)
 5 APPPATH\Controllers\Home.php(193): view('template\\editpac', [...])
 6 SYSTEMPATH\CodeIgniter.php(904): App\Controllers\Home->pac_mod('213828160')
 7 SYSTEMPATH\CodeIgniter.php(457): CodeIgniter\CodeIgniter->runController(Object(App\Controllers\Home))
 8 SYSTEMPATH\CodeIgniter.php(340): CodeIgniter\CodeIgniter->handleRequest(null, Object(Config\Cache), false)
 9 FCPATH\index.php(68): CodeIgniter\CodeIgniter->run()
CRITICAL - 2022-11-07 12:17:35 --> Undefined variable $Pac_rut
in APPPATH\Views\template\editpac.php on line 30.
 1 APPPATH\Views\template\editpac.php(30): CodeIgniter\Debug\Exceptions->errorHandler(2, 'Undefined variable $Pac_rut', 'APPPATH\\Views\\template\\editpac.php', 30)
 2 SYSTEMPATH\View\View.php(213): include('APPPATH\\Views\\template\\editpac.php')
 3 SYSTEMPATH\View\View.php(216): CodeIgniter\View\View->CodeIgniter\View\{closure}()
 4 SYSTEMPATH\Common.php(1142): CodeIgniter\View\View->render('template\\editpac', [], true)
 5 APPPATH\Controllers\Home.php(193): view('template\\editpac', [...])
 6 SYSTEMPATH\CodeIgniter.php(904): App\Controllers\Home->pac_mod('213828160')
 7 SYSTEMPATH\CodeIgniter.php(457): CodeIgniter\CodeIgniter->runController(Object(App\Controllers\Home))
 8 SYSTEMPATH\CodeIgniter.php(340): CodeIgniter\CodeIgniter->handleRequest(null, Object(Config\Cache), false)
 9 FCPATH\index.php(68): CodeIgniter\CodeIgniter->run()
CRITICAL - 2022-11-07 12:17:35 --> Undefined variable $Pac_rut
in APPPATH\Views\template\editpac.php on line 30.
 1 APPPATH\Views\template\editpac.php(30): CodeIgniter\Debug\Exceptions->errorHandler(2, 'Undefined variable $Pac_rut', 'APPPATH\\Views\\template\\editpac.php', 30)
 2 SYSTEMPATH\View\View.php(213): include('APPPATH\\Views\\template\\editpac.php')
 3 SYSTEMPATH\View\View.php(216): CodeIgniter\View\View->CodeIgniter\View\{closure}()
 4 SYSTEMPATH\Common.php(1142): CodeIgniter\View\View->render('template\\editpac', [], true)
 5 APPPATH\Controllers\Home.php(193): view('template\\editpac', [...])
 6 SYSTEMPATH\CodeIgniter.php(904): App\Controllers\Home->pac_mod('213828160')
 7 SYSTEMPATH\CodeIgniter.php(457): CodeIgniter\CodeIgniter->runController(Object(App\Controllers\Home))
 8 SYSTEMPATH\CodeIgniter.php(340): CodeIgniter\CodeIgniter->handleRequest(null, Object(Config\Cache), false)
 9 FCPATH\index.php(68): CodeIgniter\CodeIgniter->run()
CRITICAL - 2022-11-07 12:18:48 --> Undefined variable $data
in APPPATH\Views\template\editpac.php on line 30.
 1 APPPATH\Views\template\editpac.php(30): CodeIgniter\Debug\Exceptions->errorHandler(2, 'Undefined variable $data', 'APPPATH\\Views\\template\\editpac.php', 30)
 2 SYSTEMPATH\View\View.php(213): include('APPPATH\\Views\\template\\editpac.php')
 3 SYSTEMPATH\View\View.php(216): CodeIgniter\View\View->CodeIgniter\View\{closure}()
 4 SYSTEMPATH\Common.php(1142): CodeIgniter\View\View->render('template\\editpac', [], true)
 5 APPPATH\Controllers\Home.php(191): view('template\\editpac', [...])
 6 SYSTEMPATH\CodeIgniter.php(904): App\Controllers\Home->pac_mod('213828160')
 7 SYSTEMPATH\CodeIgniter.php(457): CodeIgniter\CodeIgniter->runController(Object(App\Controllers\Home))
 8 SYSTEMPATH\CodeIgniter.php(340): CodeIgniter\CodeIgniter->handleRequest(null, Object(Config\Cache), false)
 9 FCPATH\index.php(68): CodeIgniter\CodeIgniter->run()
CRITICAL - 2022-11-07 12:19:12 --> Undefined variable $data
in APPPATH\Views\template\editpac.php on line 30.
 1 APPPATH\Views\template\editpac.php(30): CodeIgniter\Debug\Exceptions->errorHandler(2, 'Undefined variable $data', 'APPPATH\\Views\\template\\editpac.php', 30)
 2 SYSTEMPATH\View\View.php(213): include('APPPATH\\Views\\template\\editpac.php')
 3 SYSTEMPATH\View\View.php(216): CodeIgniter\View\View->CodeIgniter\View\{closure}()
 4 SYSTEMPATH\Common.php(1142): CodeIgniter\View\View->render('template\\editpac', [], true)
 5 APPPATH\Controllers\Home.php(191): view('template\\editpac', [...])
 6 SYSTEMPATH\CodeIgniter.php(904): App\Controllers\Home->pac_mod('213828160')
 7 SYSTEMPATH\CodeIgniter.php(457): CodeIgniter\CodeIgniter->runController(Object(App\Controllers\Home))
 8 SYSTEMPATH\CodeIgniter.php(340): CodeIgniter\CodeIgniter->handleRequest(null, Object(Config\Cache), false)
 9 FCPATH\index.php(68): CodeIgniter\CodeIgniter->run()
CRITICAL - 2022-11-07 12:19:13 --> Undefined variable $data
in APPPATH\Views\template\editpac.php on line 30.
 1 APPPATH\Views\template\editpac.php(30): CodeIgniter\Debug\Exceptions->errorHandler(2, 'Undefined variable $data', 'APPPATH\\Views\\template\\editpac.php', 30)
 2 SYSTEMPATH\View\View.php(213): include('APPPATH\\Views\\template\\editpac.php')
 3 SYSTEMPATH\View\View.php(216): CodeIgniter\View\View->CodeIgniter\View\{closure}()
 4 SYSTEMPATH\Common.php(1142): CodeIgniter\View\View->render('template\\editpac', [], true)
 5 APPPATH\Controllers\Home.php(191): view('template\\editpac', [...])
 6 SYSTEMPATH\CodeIgniter.php(904): App\Controllers\Home->pac_mod('213828160')
 7 SYSTEMPATH\CodeIgniter.php(457): CodeIgniter\CodeIgniter->runController(Object(App\Controllers\Home))
 8 SYSTEMPATH\CodeIgniter.php(340): CodeIgniter\CodeIgniter->handleRequest(null, Object(Config\Cache), false)
 9 FCPATH\index.php(68): CodeIgniter\CodeIgniter->run()
CRITICAL - 2022-11-07 12:19:14 --> Undefined variable $data
in APPPATH\Views\template\editpac.php on line 30.
 1 APPPATH\Views\template\editpac.php(30): CodeIgniter\Debug\Exceptions->errorHandler(2, 'Undefined variable $data', 'APPPATH\\Views\\template\\editpac.php', 30)
 2 SYSTEMPATH\View\View.php(213): include('APPPATH\\Views\\template\\editpac.php')
 3 SYSTEMPATH\View\View.php(216): CodeIgniter\View\View->CodeIgniter\View\{closure}()
 4 SYSTEMPATH\Common.php(1142): CodeIgniter\View\View->render('template\\editpac', [], true)
 5 APPPATH\Controllers\Home.php(191): view('template\\editpac', [...])
 6 SYSTEMPATH\CodeIgniter.php(904): App\Controllers\Home->pac_mod('213828160')
 7 SYSTEMPATH\CodeIgniter.php(457): CodeIgniter\CodeIgniter->runController(Object(App\Controllers\Home))
 8 SYSTEMPATH\CodeIgniter.php(340): CodeIgniter\CodeIgniter->handleRequest(null, Object(Config\Cache), false)
 9 FCPATH\index.php(68): CodeIgniter\CodeIgniter->run()
CRITICAL - 2022-11-07 12:19:21 --> Undefined variable $data
in APPPATH\Views\template\editpac.php on line 30.
 1 APPPATH\Views\template\editpac.php(30): CodeIgniter\Debug\Exceptions->errorHandler(2, 'Undefined variable $data', 'APPPATH\\Views\\template\\editpac.php', 30)
 2 SYSTEMPATH\View\View.php(213): include('APPPATH\\Views\\template\\editpac.php')
 3 SYSTEMPATH\View\View.php(216): CodeIgniter\View\View->CodeIgniter\View\{closure}()
 4 SYSTEMPATH\Common.php(1142): CodeIgniter\View\View->render('template\\editpac', [], true)
 5 APPPATH\Controllers\Home.php(191): view('template\\editpac', [...])
 6 SYSTEMPATH\CodeIgniter.php(904): App\Controllers\Home->pac_mod('213828160')
 7 SYSTEMPATH\CodeIgniter.php(457): CodeIgniter\CodeIgniter->runController(Object(App\Controllers\Home))
 8 SYSTEMPATH\CodeIgniter.php(340): CodeIgniter\CodeIgniter->handleRequest(null, Object(Config\Cache), false)
 9 FCPATH\index.php(68): CodeIgniter\CodeIgniter->run()
CRITICAL - 2022-11-07 12:19:27 --> Undefined variable $data
in APPPATH\Views\template\editpac.php on line 30.
 1 APPPATH\Views\template\editpac.php(30): CodeIgniter\Debug\Exceptions->errorHandler(2, 'Undefined variable $data', 'APPPATH\\Views\\template\\editpac.php', 30)
 2 SYSTEMPATH\View\View.php(213): include('APPPATH\\Views\\template\\editpac.php')
 3 SYSTEMPATH\View\View.php(216): CodeIgniter\View\View->CodeIgniter\View\{closure}()
 4 SYSTEMPATH\Common.php(1142): CodeIgniter\View\View->render('template\\editpac', [], true)
 5 APPPATH\Controllers\Home.php(191): view('template\\editpac', [...])
 6 SYSTEMPATH\CodeIgniter.php(904): App\Controllers\Home->pac_mod('213828160')
 7 SYSTEMPATH\CodeIgniter.php(457): CodeIgniter\CodeIgniter->runController(Object(App\Controllers\Home))
 8 SYSTEMPATH\CodeIgniter.php(340): CodeIgniter\CodeIgniter->handleRequest(null, Object(Config\Cache), false)
 9 FCPATH\index.php(68): CodeIgniter\CodeIgniter->run()
CRITICAL - 2022-11-07 17:40:10 --> Undefined variable $data
in APPPATH\Views\template\editpac.php on line 30.
 1 APPPATH\Views\template\editpac.php(30): CodeIgniter\Debug\Exceptions->errorHandler(2, 'Undefined variable $data', 'APPPATH\\Views\\template\\editpac.php', 30)
 2 SYSTEMPATH\View\View.php(213): include('APPPATH\\Views\\template\\editpac.php')
 3 SYSTEMPATH\View\View.php(216): CodeIgniter\View\View->CodeIgniter\View\{closure}()
 4 SYSTEMPATH\Common.php(1142): CodeIgniter\View\View->render('template\\editpac', [...], true)
 5 APPPATH\Controllers\Home.php(240): view('template\\editpac', [...], [...])
 6 SYSTEMPATH\CodeIgniter.php(904): App\Controllers\Home->pac_post()
 7 SYSTEMPATH\CodeIgniter.php(457): CodeIgniter\CodeIgniter->runController(Object(App\Controllers\Home))
 8 SYSTEMPATH\CodeIgniter.php(340): CodeIgniter\CodeIgniter->handleRequest(null, Object(Config\Cache), false)
 9 FCPATH\index.php(68): CodeIgniter\CodeIgniter->run()
CRITICAL - 2022-11-07 17:40:57 --> Undefined variable $data
in APPPATH\Views\template\editpac.php on line 30.
 1 APPPATH\Views\template\editpac.php(30): CodeIgniter\Debug\Exceptions->errorHandler(2, 'Undefined variable $data', 'APPPATH\\Views\\template\\editpac.php', 30)
 2 SYSTEMPATH\View\View.php(213): include('APPPATH\\Views\\template\\editpac.php')
 3 SYSTEMPATH\View\View.php(216): CodeIgniter\View\View->CodeIgniter\View\{closure}()
 4 SYSTEMPATH\Common.php(1142): CodeIgniter\View\View->render('template\\editpac', [], true)
 5 APPPATH\Controllers\Home.php(240): view('template\\editpac', [...])
 6 SYSTEMPATH\CodeIgniter.php(904): App\Controllers\Home->pac_post()
 7 SYSTEMPATH\CodeIgniter.php(457): CodeIgniter\CodeIgniter->runController(Object(App\Controllers\Home))
 8 SYSTEMPATH\CodeIgniter.php(340): CodeIgniter\CodeIgniter->handleRequest(null, Object(Config\Cache), false)
 9 FCPATH\index.php(68): CodeIgniter\CodeIgniter->run()
CRITICAL - 2022-11-07 17:55:41 --> in_array(): Argument #2 ($haystack) must be of type array, string given
in APPPATH\Controllers\Home.php on line 226.
 1 APPPATH\Controllers\Home.php(226): in_array(true, 'O', false)
 2 SYSTEMPATH\CodeIgniter.php(904): App\Controllers\Home->pac_post()
 3 SYSTEMPATH\CodeIgniter.php(457): CodeIgniter\CodeIgniter->runController(Object(App\Controllers\Home))
 4 SYSTEMPATH\CodeIgniter.php(340): CodeIgniter\CodeIgniter->handleRequest(null, Object(Config\Cache), false)
 5 FCPATH\index.php(68): CodeIgniter\CodeIgniter->run()
CRITICAL - 2022-11-07 17:56:00 --> in_array(): Argument #2 ($haystack) must be of type array, string given
in APPPATH\Controllers\Home.php on line 226.
 1 APPPATH\Controllers\Home.php(226): in_array([...], 'O', false)
 2 SYSTEMPATH\CodeIgniter.php(904): App\Controllers\Home->pac_post()
 3 SYSTEMPATH\CodeIgniter.php(457): CodeIgniter\CodeIgniter->runController(Object(App\Controllers\Home))
 4 SYSTEMPATH\CodeIgniter.php(340): CodeIgniter\CodeIgniter->handleRequest(null, Object(Config\Cache), false)
 5 FCPATH\index.php(68): CodeIgniter\CodeIgniter->run()
CRITICAL - 2022-11-07 17:57:06 --> There is no data to update.
in SYSTEMPATH\BaseModel.php on line 1577.
 1 SYSTEMPATH\BaseModel.php(1577): CodeIgniter\Database\Exceptions\DataException::forEmptyDataset('update')
 2 SYSTEMPATH\BaseModel.php(832): CodeIgniter\BaseModel->transformDataToArray(null, 'update')
 3 SYSTEMPATH\Model.php(693): CodeIgniter\BaseModel->update([...], null)
 4 APPPATH\Controllers\Home.php(231): CodeIgniter\Model->update([...])
 5 SYSTEMPATH\CodeIgniter.php(904): App\Controllers\Home->pac_post()
 6 SYSTEMPATH\CodeIgniter.php(457): CodeIgniter\CodeIgniter->runController(Object(App\Controllers\Home))
 7 SYSTEMPATH\CodeIgniter.php(340): CodeIgniter\CodeIgniter->handleRequest(null, Object(Config\Cache), false)
 8 FCPATH\index.php(68): CodeIgniter\CodeIgniter->run()
CRITICAL - 2022-11-07 18:03:32 --> Undefined array key "Pac_rut"
in APPPATH\Views\template\editpac.php on line 30.
 1 APPPATH\Views\template\editpac.php(30): CodeIgniter\Debug\Exceptions->errorHandler(2, 'Undefined array key "Pac_rut"', 'APPPATH\\Views\\template\\editpac.php', 30)
 2 SYSTEMPATH\View\View.php(213): include('APPPATH\\Views\\template\\editpac.php')
 3 SYSTEMPATH\View\View.php(216): CodeIgniter\View\View->CodeIgniter\View\{closure}()
 4 SYSTEMPATH\Common.php(1142): CodeIgniter\View\View->render('template\\editpac', [], true)
 5 APPPATH\Controllers\Home.php(241): view('template\\editpac', [...])
 6 SYSTEMPATH\CodeIgniter.php(904): App\Controllers\Home->pac_post()
 7 SYSTEMPATH\CodeIgniter.php(457): CodeIgniter\CodeIgniter->runController(Object(App\Controllers\Home))
 8 SYSTEMPATH\CodeIgniter.php(340): CodeIgniter\CodeIgniter->handleRequest(null, Object(Config\Cache), false)
 9 FCPATH\index.php(68): CodeIgniter\CodeIgniter->run()
CRITICAL - 2022-11-07 18:04:10 --> Undefined array key "Pac_rut"
in APPPATH\Views\template\editpac.php on line 30.
 1 APPPATH\Views\template\editpac.php(30): CodeIgniter\Debug\Exceptions->errorHandler(2, 'Undefined array key "Pac_rut"', 'APPPATH\\Views\\template\\editpac.php', 30)
 2 SYSTEMPATH\View\View.php(213): include('APPPATH\\Views\\template\\editpac.php')
 3 SYSTEMPATH\View\View.php(216): CodeIgniter\View\View->CodeIgniter\View\{closure}()
 4 SYSTEMPATH\Common.php(1142): CodeIgniter\View\View->render('template\\editpac', [], true)
 5 APPPATH\Controllers\Home.php(242): view('template\\editpac', [...])
 6 SYSTEMPATH\CodeIgniter.php(904): App\Controllers\Home->pac_post()
 7 SYSTEMPATH\CodeIgniter.php(457): CodeIgniter\CodeIgniter->runController(Object(App\Controllers\Home))
 8 SYSTEMPATH\CodeIgniter.php(340): CodeIgniter\CodeIgniter->handleRequest(null, Object(Config\Cache), false)
 9 FCPATH\index.php(68): CodeIgniter\CodeIgniter->run()
CRITICAL - 2022-11-07 18:17:13 --> in_array(): Argument #2 ($haystack) must be of type array, bool given
in APPPATH\Controllers\Home.php on line 225.
 1 APPPATH\Controllers\Home.php(225): in_array('M', false)
 2 SYSTEMPATH\CodeIgniter.php(904): App\Controllers\Home->pac_post()
 3 SYSTEMPATH\CodeIgniter.php(457): CodeIgniter\CodeIgniter->runController(Object(App\Controllers\Home))
 4 SYSTEMPATH\CodeIgniter.php(340): CodeIgniter\CodeIgniter->handleRequest(null, Object(Config\Cache), false)
 5 FCPATH\index.php(68): CodeIgniter\CodeIgniter->run()
CRITICAL - 2022-11-07 18:27:25 --> Undefined variable $listaPersonal
in APPPATH\Views\template\editper.php on line 62.
 1 APPPATH\Views\template\editper.php(62): CodeIgniter\Debug\Exceptions->errorHandler(2, 'Undefined variable $listaPersonal', 'APPPATH\\Views\\template\\editper.php', 62)
 2 SYSTEMPATH\View\View.php(213): include('APPPATH\\Views\\template\\editper.php')
 3 SYSTEMPATH\View\View.php(216): CodeIgniter\View\View->CodeIgniter\View\{closure}()
 4 SYSTEMPATH\Common.php(1142): CodeIgniter\View\View->render('template\\editper', [], true)
 5 APPPATH\Controllers\Home.php(170): view('template\\editper', [...])
 6 SYSTEMPATH\CodeIgniter.php(904): App\Controllers\Home->per_mod('102')
 7 SYSTEMPATH\CodeIgniter.php(457): CodeIgniter\CodeIgniter->runController(Object(App\Controllers\Home))
 8 SYSTEMPATH\CodeIgniter.php(340): CodeIgniter\CodeIgniter->handleRequest(null, Object(Config\Cache), false)
 9 FCPATH\index.php(68): CodeIgniter\CodeIgniter->run()
CRITICAL - 2022-11-07 18:34:58 --> Undefined array key "Pac_edad"
in APPPATH\Controllers\Home.php on line 207.
 1 APPPATH\Controllers\Home.php(207): CodeIgniter\Debug\Exceptions->errorHandler(2, 'Undefined array key "Pac_edad"', 'APPPATH\\Controllers\\Home.php', 207)
 2 SYSTEMPATH\CodeIgniter.php(904): App\Controllers\Home->per_post()
 3 SYSTEMPATH\CodeIgniter.php(457): CodeIgniter\CodeIgniter->runController(Object(App\Controllers\Home))
 4 SYSTEMPATH\CodeIgniter.php(340): CodeIgniter\CodeIgniter->handleRequest(null, Object(Config\Cache), false)
 5 FCPATH\index.php(68): CodeIgniter\CodeIgniter->run()
CRITICAL - 2022-11-07 20:31:10 --> Undefined variable $S_Per_tipo
in APPPATH\Views\USUARIO\viewpacientes.php on line 30.
 1 APPPATH\Views\USUARIO\viewpacientes.php(30): CodeIgniter\Debug\Exceptions->errorHandler(2, 'Undefined variable $S_Per_tipo', 'APPPATH\\Views\\USUARIO\\viewpacientes.php', 30)
 2 SYSTEMPATH\View\View.php(213): include('APPPATH\\Views\\USUARIO\\viewpacientes.php')
 3 SYSTEMPATH\View\View.php(216): CodeIgniter\View\View->CodeIgniter\View\{closure}()
 4 SYSTEMPATH\Common.php(1142): CodeIgniter\View\View->render('USUARIO\\viewpacientes', [...], true)
 5 APPPATH\Controllers\Home.php(90): view('USUARIO\\viewpacientes', [...], [...])
 6 SYSTEMPATH\CodeIgniter.php(904): App\Controllers\Home->VerPacientes()
 7 SYSTEMPATH\CodeIgniter.php(457): CodeIgniter\CodeIgniter->runController(Object(App\Controllers\Home))
 8 SYSTEMPATH\CodeIgniter.php(340): CodeIgniter\CodeIgniter->handleRequest(null, Object(Config\Cache), false)
 9 FCPATH\index.php(68): CodeIgniter\CodeIgniter->run()
